Added Component: Designator=C1(CAP_0603)
Add component (AddParameter): Name = "ComponentLink1Description"; Value = "New link"; VariantName = "[No Variations]"
Add component (AddParameter): Name = "ComponentLink1URL"; Value = ""; VariantName = "[No Variations]"
Add component (AddParameter): Name = "Unit_of_measurement"; Value = "íÔ"; VariantName = "[No Variations]"
Add component (AddParameter): Name = "Value"; Value = "100"; VariantName = "[No Variations]"
Added Component: Designator=C2(CAP_0603)
Add component (AddParameter): Name = "ComponentLink1Description"; Value = "New link"; VariantName = "[No Variations]"
Add component (AddParameter): Name = "ComponentLink1URL"; Value = ""; VariantName = "[No Variations]"
Add component (AddParameter): Name = "Unit_of_measurement"; Value = "íÔ"; VariantName = "[No Variations]"
Add component (AddParameter): Name = "Value"; Value = "100"; VariantName = "[No Variations]"
Added Component: Designator=C3(CAP_0603)
Add component (AddParameter): Name = "ComponentLink1Description"; Value = "New link"; VariantName = "[No Variations]"
Add component (AddParameter): Name = "ComponentLink1URL"; Value = ""; VariantName = "[No Variations]"
Add component (AddParameter): Name = "Unit_of_measurement"; Value = "íÔ"; VariantName = "[No Variations]"
Add component (AddParameter): Name = "Value"; Value = "100"; VariantName = "[No Variations]"
Added Component: Designator=C4(CAP_0603)
Add component (AddParameter): Name = "ComponentLink1Description"; Value = "New link"; VariantName = "[No Variations]"
Add component (AddParameter): Name = "ComponentLink1URL"; Value = ""; VariantName = "[No Variations]"
Add component (AddParameter): Name = "Unit_of_measurement"; Value = "íÔ"; VariantName = "[No Variations]"
Add component (AddParameter): Name = "Value"; Value = "100"; VariantName = "[No Variations]"
Added Component: Designator=C5(CAP_0603)
Add component (AddParameter): Name = "ComponentLink1Description"; Value = "New link"; VariantName = "[No Variations]"
Add component (AddParameter): Name = "ComponentLink1URL"; Value = ""; VariantName = "[No Variations]"
Add component (AddParameter): Name = "Unit_of_measurement"; Value = "íÔ"; VariantName = "[No Variations]"
Add component (AddParameter): Name = "Value"; Value = "100"; VariantName = "[No Variations]"
Added Component: Designator=C6(TECAP_A)
Add component (AddParameter): Name = "Unit_of_measurement"; Value = "ìêÔ"; VariantName = "[No Variations]"
Add component (AddParameter): Name = "Value"; Value = "1"; VariantName = "[No Variations]"
Added Component: Designator=C7(TECAP_A)
Add component (AddParameter): Name = "Unit_of_measurement"; Value = "ìêÔ"; VariantName = "[No Variations]"
Add component (AddParameter): Name = "Value"; Value = "1"; VariantName = "[No Variations]"
Added Component: Designator=C8(CAP_0603)
Add component (AddParameter): Name = "ComponentLink1Description"; Value = "New link"; VariantName = "[No Variations]"
Add component (AddParameter): Name = "ComponentLink1URL"; Value = ""; VariantName = "[No Variations]"
Add component (AddParameter): Name = "Unit_of_measurement"; Value = "ïÔ"; VariantName = "[No Variations]"
Add component (AddParameter): Name = "Value"; Value = "20"; VariantName = "[No Variations]"
Added Component: Designator=C9(CAP_0603)
Add component (AddParameter): Name = "ComponentLink1Description"; Value = "New link"; VariantName = "[No Variations]"
Add component (AddParameter): Name = "ComponentLink1URL"; Value = ""; VariantName = "[No Variations]"
Add component (AddParameter): Name = "Unit_of_measurement"; Value = "íÔ"; VariantName = "[No Variations]"
Add component (AddParameter): Name = "Value"; Value = "100"; VariantName = "[No Variations]"
Added Component: Designator=C10(CAP_0603)
Add component (AddParameter): Name = "ComponentLink1Description"; Value = "New link"; VariantName = "[No Variations]"
Add component (AddParameter): Name = "ComponentLink1URL"; Value = ""; VariantName = "[No Variations]"
Add component (AddParameter): Name = "Unit_of_measurement"; Value = "ïÔ"; VariantName = "[No Variations]"
Add component (AddParameter): Name = "Value"; Value = "10"; VariantName = "[No Variations]"
Added Component: Designator=C11(CAP_0603)
Add component (AddParameter): Name = "ComponentLink1Description"; Value = "New link"; VariantName = "[No Variations]"
Add component (AddParameter): Name = "ComponentLink1URL"; Value = ""; VariantName = "[No Variations]"
Add component (AddParameter): Name = "Unit_of_measurement"; Value = "ïÔ"; VariantName = "[No Variations]"
Add component (AddParameter): Name = "Value"; Value = "10"; VariantName = "[No Variations]"
Added Component: Designator=C12(CAP_0603)
Add component (AddParameter): Name = "ComponentLink1Description"; Value = "New link"; VariantName = "[No Variations]"
Add component (AddParameter): Name = "ComponentLink1URL"; Value = ""; VariantName = "[No Variations]"
Add component (AddParameter): Name = "Unit_of_measurement"; Value = "ïÔ"; VariantName = "[No Variations]"
Add component (AddParameter): Name = "Value"; Value = "20"; VariantName = "[No Variations]"
Added Component: Designator=C13(CAP_0603)
Add component (AddParameter): Name = "ComponentLink1Description"; Value = "New link"; VariantName = "[No Variations]"
Add component (AddParameter): Name = "ComponentLink1URL"; Value = ""; VariantName = "[No Variations]"
Add component (AddParameter): Name = "Unit_of_measurement"; Value = "íÔ"; VariantName = "[No Variations]"
Add component (AddParameter): Name = "Value"; Value = "100"; VariantName = "[No Variations]"
Added Component: Designator=C14(CAP_0603)
Add component (AddParameter): Name = "ComponentLink1Description"; Value = "New link"; VariantName = "[No Variations]"
Add component (AddParameter): Name = "ComponentLink1URL"; Value = ""; VariantName = "[No Variations]"
Add component (AddParameter): Name = "Unit_of_measurement"; Value = "ïÔ"; VariantName = "[No Variations]"
Add component (AddParameter): Name = "Value"; Value = "20"; VariantName = "[No Variations]"
Added Component: Designator=C15(CAP_0603)
Add component (AddParameter): Name = "ComponentLink1Description"; Value = "New link"; VariantName = "[No Variations]"
Add component (AddParameter): Name = "ComponentLink1URL"; Value = ""; VariantName = "[No Variations]"
Add component (AddParameter): Name = "Unit_of_measurement"; Value = "ïÔ"; VariantName = "[No Variations]"
Add component (AddParameter): Name = "Value"; Value = "20"; VariantName = "[No Variations]"
Added Component: Designator=C16(CAP_1206)
Add component (AddParameter): Name = "ComponentLink1Description"; Value = "New link"; VariantName = "[No Variations]"
Add component (AddParameter): Name = "ComponentLink1URL"; Value = ""; VariantName = "[No Variations]"
Add component (AddParameter): Name = "Unit_of_measurement"; Value = "ìêÔ 50Â"; VariantName = "[No Variations]"
Add component (AddParameter): Name = "Value"; Value = "10"; VariantName = "[No Variations]"
Added Component: Designator=C17(CAP_1206)
Add component (AddParameter): Name = "ComponentLink1Description"; Value = "New link"; VariantName = "[No Variations]"
Add component (AddParameter): Name = "ComponentLink1URL"; Value = ""; VariantName = "[No Variations]"
Add component (AddParameter): Name = "Unit_of_measurement"; Value = "ìêÔ 50Â"; VariantName = "[No Variations]"
Add component (AddParameter): Name = "Value"; Value = "10"; VariantName = "[No Variations]"
Added Component: Designator=C18(CAP_0603)
Add component (AddParameter): Name = "ComponentLink1Description"; Value = "New link"; VariantName = "[No Variations]"
Add component (AddParameter): Name = "ComponentLink1URL"; Value = ""; VariantName = "[No Variations]"
Add component (AddParameter): Name = "Unit_of_measurement"; Value = "íÔ"; VariantName = "[No Variations]"
Add component (AddParameter): Name = "Value"; Value = "3.9"; VariantName = "[No Variations]"
Added Component: Designator=C19(CAP_0603)
Add component (AddParameter): Name = "ComponentLink1Description"; Value = "New link"; VariantName = "[No Variations]"
Add component (AddParameter): Name = "ComponentLink1URL"; Value = ""; VariantName = "[No Variations]"
Add component (AddParameter): Name = "Unit_of_measurement"; Value = "íÔ"; VariantName = "[No Variations]"
Add component (AddParameter): Name = "Value"; Value = "100"; VariantName = "[No Variations]"
Added Component: Designator=C20(TECAP_A)
Add component (AddParameter): Name = "Unit_of_measurement"; Value = "ìêÔ"; VariantName = "[No Variations]"
Add component (AddParameter): Name = "Value"; Value = "1"; VariantName = "[No Variations]"
Added Component: Designator=C21(CAP_1206)
Add component (AddParameter): Name = "ComponentLink1Description"; Value = "New link"; VariantName = "[No Variations]"
Add component (AddParameter): Name = "ComponentLink1URL"; Value = ""; VariantName = "[No Variations]"
Add component (AddParameter): Name = "Unit_of_measurement"; Value = "ìêÔ 50Â"; VariantName = "[No Variations]"
Add component (AddParameter): Name = "Value"; Value = "10"; VariantName = "[No Variations]"
Added Component: Designator=C22(CAP_1206)
Add component (AddParameter): Name = "ComponentLink1Description"; Value = "New link"; VariantName = "[No Variations]"
Add component (AddParameter): Name = "ComponentLink1URL"; Value = ""; VariantName = "[No Variations]"
Add component (AddParameter): Name = "Unit_of_measurement"; Value = "ìêÔ 50Â"; VariantName = "[No Variations]"
Add component (AddParameter): Name = "Value"; Value = "10"; VariantName = "[No Variations]"
Added Component: Designator=C23(CAP_0603)
Add component (AddParameter): Name = "ComponentLink1Description"; Value = "New link"; VariantName = "[No Variations]"
Add component (AddParameter): Name = "ComponentLink1URL"; Value = ""; VariantName = "[No Variations]"
Add component (AddParameter): Name = "Unit_of_measurement"; Value = "ìêÔ 6.3Â"; VariantName = "[No Variations]"
Add component (AddParameter): Name = "Value"; Value = "1"; VariantName = "[No Variations]"
Added Component: Designator=C24(CAP_0603)
Add component (AddParameter): Name = "ComponentLink1Description"; Value = "New link"; VariantName = "[No Variations]"
Add component (AddParameter): Name = "ComponentLink1URL"; Value = ""; VariantName = "[No Variations]"
Add component (AddParameter): Name = "Unit_of_measurement"; Value = "ìêÔ 6.3Â"; VariantName = "[No Variations]"
Add component (AddParameter): Name = "Value"; Value = "1"; VariantName = "[No Variations]"
Added Component: Designator=C25(CAP_0603)
Add component (AddParameter): Name = "ComponentLink1Description"; Value = "New link"; VariantName = "[No Variations]"
Add component (AddParameter): Name = "ComponentLink1URL"; Value = ""; VariantName = "[No Variations]"
Add component (AddParameter): Name = "Unit_of_measurement"; Value = "ìêÔ 50 Â"; VariantName = "[No Variations]"
Add component (AddParameter): Name = "Value"; Value = "0,1"; VariantName = "[No Variations]"
Added Component: Designator=C26(CAP_0603)
Add component (AddParameter): Name = "ComponentLink1Description"; Value = "New link"; VariantName = "[No Variations]"
Add component (AddParameter): Name = "ComponentLink1URL"; Value = ""; VariantName = "[No Variations]"
Add component (AddParameter): Name = "Unit_of_measurement"; Value = "ìêÔ 50 Â"; VariantName = "[No Variations]"
Add component (AddParameter): Name = "Value"; Value = "0,1"; VariantName = "[No Variations]"
Added Component: Designator=C27(CAP_0603)
Add component (AddParameter): Name = "ComponentLink1Description"; Value = "New link"; VariantName = "[No Variations]"
Add component (AddParameter): Name = "ComponentLink1URL"; Value = ""; VariantName = "[No Variations]"
Add component (AddParameter): Name = "Unit_of_measurement"; Value = "ìêÔ 16 Â"; VariantName = "[No Variations]"
Add component (AddParameter): Name = "Value"; Value = "1"; VariantName = "[No Variations]"
Added Component: Designator=C28(CAP_1206)
Add component (AddParameter): Name = "ComponentLink1Description"; Value = "New link"; VariantName = "[No Variations]"
Add component (AddParameter): Name = "ComponentLink1URL"; Value = ""; VariantName = "[No Variations]"
Add component (AddParameter): Name = "Unit_of_measurement"; Value = "ìêÔ 50Â"; VariantName = "[No Variations]"
Add component (AddParameter): Name = "Value"; Value = "10"; VariantName = "[No Variations]"
Added Component: Designator=C29(CAP_1206)
Add component (AddParameter): Name = "ComponentLink1Description"; Value = "New link"; VariantName = "[No Variations]"
Add component (AddParameter): Name = "ComponentLink1URL"; Value = ""; VariantName = "[No Variations]"
Add component (AddParameter): Name = "Unit_of_measurement"; Value = "ìêÔ 50Â"; VariantName = "[No Variations]"
Add component (AddParameter): Name = "Value"; Value = "10"; VariantName = "[No Variations]"
Added Component: Designator=C30(CAP_1206)
Add component (AddParameter): Name = "ComponentLink1Description"; Value = "New link"; VariantName = "[No Variations]"
Add component (AddParameter): Name = "ComponentLink1URL"; Value = ""; VariantName = "[No Variations]"
Add component (AddParameter): Name = "Unit_of_measurement"; Value = "ìêÔ 50Â"; VariantName = "[No Variations]"
Add component (AddParameter): Name = "Value"; Value = "10"; VariantName = "[No Variations]"
Added Component: Designator=C31(CAP_0603)
Add component (AddParameter): Name = "ComponentLink1Description"; Value = "New link"; VariantName = "[No Variations]"
Add component (AddParameter): Name = "ComponentLink1URL"; Value = ""; VariantName = "[No Variations]"
Add component (AddParameter): Name = "Unit_of_measurement"; Value = "ìêÔ 6.3Â"; VariantName = "[No Variations]"
Add component (AddParameter): Name = "Value"; Value = "1"; VariantName = "[No Variations]"
Added Component: Designator=C32(CAP_0603)
Add component (AddParameter): Name = "ComponentLink1Description"; Value = "New link"; VariantName = "[No Variations]"
Add component (AddParameter): Name = "ComponentLink1URL"; Value = ""; VariantName = "[No Variations]"
Add component (AddParameter): Name = "Unit_of_measurement"; Value = "ìêÔ 6.3Â"; VariantName = "[No Variations]"
Add component (AddParameter): Name = "Value"; Value = "1"; VariantName = "[No Variations]"
Added Component: Designator=C33(CAP_0603)
Add component (AddParameter): Name = "ComponentLink1Description"; Value = "New link"; VariantName = "[No Variations]"
Add component (AddParameter): Name = "ComponentLink1URL"; Value = ""; VariantName = "[No Variations]"
Add component (AddParameter): Name = "Unit_of_measurement"; Value = "ìêÔ 16 Â"; VariantName = "[No Variations]"
Add component (AddParameter): Name = "Value"; Value = "1"; VariantName = "[No Variations]"
Added Component: Designator=C34(CAP_0603)
Add component (AddParameter): Name = "ComponentLink1Description"; Value = "New link"; VariantName = "[No Variations]"
Add component (AddParameter): Name = "ComponentLink1URL"; Value = ""; VariantName = "[No Variations]"
Add component (AddParameter): Name = "Unit_of_measurement"; Value = "ìêÔ 50 Â"; VariantName = "[No Variations]"
Add component (AddParameter): Name = "Value"; Value = "0,1"; VariantName = "[No Variations]"
Added Component: Designator=C35(CAP_0603)
Add component (AddParameter): Name = "ComponentLink1Description"; Value = "New link"; VariantName = "[No Variations]"
Add component (AddParameter): Name = "ComponentLink1URL"; Value = ""; VariantName = "[No Variations]"
Add component (AddParameter): Name = "Unit_of_measurement"; Value = "ìêÔ 6.3Â"; VariantName = "[No Variations]"
Add component (AddParameter): Name = "Value"; Value = "1"; VariantName = "[No Variations]"
Added Component: Designator=C36(CAP_0603)
Add component (AddParameter): Name = "ComponentLink1Description"; Value = "New link"; VariantName = "[No Variations]"
Add component (AddParameter): Name = "ComponentLink1URL"; Value = ""; VariantName = "[No Variations]"
Add component (AddParameter): Name = "Unit_of_measurement"; Value = "ìêÔ 6.3Â"; VariantName = "[No Variations]"
Add component (AddParameter): Name = "Value"; Value = "1"; VariantName = "[No Variations]"
Added Component: Designator=C37(CAP_0603)
Add component (AddParameter): Name = "ComponentLink1Description"; Value = "New link"; VariantName = "[No Variations]"
Add component (AddParameter): Name = "ComponentLink1URL"; Value = ""; VariantName = "[No Variations]"
Add component (AddParameter): Name = "Unit_of_measurement"; Value = "ìêÔ 50 Â"; VariantName = "[No Variations]"
Add component (AddParameter): Name = "Value"; Value = "0,1"; VariantName = "[No Variations]"
Added Component: Designator=C38(CAP_0603)
Add component (AddParameter): Name = "ComponentLink1Description"; Value = "New link"; VariantName = "[No Variations]"
Add component (AddParameter): Name = "ComponentLink1URL"; Value = ""; VariantName = "[No Variations]"
Add component (AddParameter): Name = "Unit_of_measurement"; Value = "ìêÔ 16 Â"; VariantName = "[No Variations]"
Add component (AddParameter): Name = "Value"; Value = "1"; VariantName = "[No Variations]"
Added Component: Designator=C39(CAP_0603)
Add component (AddParameter): Name = "ComponentLink1Description"; Value = "New link"; VariantName = "[No Variations]"
Add component (AddParameter): Name = "ComponentLink1URL"; Value = ""; VariantName = "[No Variations]"
Add component (AddParameter): Name = "Unit_of_measurement"; Value = "ìêÔ 6.3Â"; VariantName = "[No Variations]"
Add component (AddParameter): Name = "Value"; Value = "1"; VariantName = "[No Variations]"
Added Component: Designator=C40(CAP_0603)
Add component (AddParameter): Name = "ComponentLink1Description"; Value = "New link"; VariantName = "[No Variations]"
Add component (AddParameter): Name = "ComponentLink1URL"; Value = ""; VariantName = "[No Variations]"
Add component (AddParameter): Name = "Unit_of_measurement"; Value = "ìêÔ 6.3Â"; VariantName = "[No Variations]"
Add component (AddParameter): Name = "Value"; Value = "1"; VariantName = "[No Variations]"
Added Component: Designator=C41(CAP_0603)
Add component (AddParameter): Name = "ComponentLink1Description"; Value = "New link"; VariantName = "[No Variations]"
Add component (AddParameter): Name = "ComponentLink1URL"; Value = ""; VariantName = "[No Variations]"
Add component (AddParameter): Name = "Unit_of_measurement"; Value = "ìêÔ 16 Â"; VariantName = "[No Variations]"
Add component (AddParameter): Name = "Value"; Value = "1"; VariantName = "[No Variations]"
Added Component: Designator=C42(CAP_0603)
Add component (AddParameter): Name = "ComponentLink1Description"; Value = "New link"; VariantName = "[No Variations]"
Add component (AddParameter): Name = "ComponentLink1URL"; Value = ""; VariantName = "[No Variations]"
Add component (AddParameter): Name = "Unit_of_measurement"; Value = "ìêÔ 50 Â"; VariantName = "[No Variations]"
Add component (AddParameter): Name = "Value"; Value = "0,1"; VariantName = "[No Variations]"
Added Component: Designator=DA1(SOP-8 WithoutTP)
Added Component: Designator=DD1(SOT23-6)
Added Component: Designator=DD2(LQFP-48)
Added Component: Designator=DD3(SOT363 (SC70-6))
Added Component: Designator=DD4(SO14)
Add Component: Footprint Not Found SOIC-8 WIthoutTP
Added Component: Designator=DD6(SOIC-16)
Added Component: Designator=DD7(VQFN32)
Added Component: Designator=DD8(VQFN32)
Added Component: Designator=DD9(VQFN32)
Added Component: Designator=DD10(VQFN32)
Added Component: Designator=F1(Fuse 5x20)
Added Component: Designator=G1(FC-135R)
Add component (AddParameter): Name = "ComponentLink1Description"; Value = "Datasheet"; VariantName = "[No Variations]"
Add component (AddParameter): Name = "ComponentLink1URL"; Value = "C:\GitHub\OvcharkaBoard\Datasheets\Components"; VariantName = "[No Variations]"
Added Component: Designator=G2(HC-49SM)
Add component (AddParameter): Name = "ComponentLink1Description"; Value = "Datasheet"; VariantName = "[No Variations]"
Add component (AddParameter): Name = "ComponentLink1URL"; Value = "C:\GitHub\OvcharkaBoard\Datasheets\Components"; VariantName = "[No Variations]"
Added Component: Designator=HL1(LED_0805)
Add component (AddParameter): Name = "ComponentLink1Description"; Value = "New link"; VariantName = "[No Variations]"
Add component (AddParameter): Name = "ComponentLink1URL"; Value = ""; VariantName = "[No Variations]"
Add component (AddParameter): Name = "Unit_of_measurement"; Value = "Îì"; VariantName = "[No Variations]"
Add component (AddParameter): Name = "Value"; Value = ""; VariantName = "[No Variations]"
Added Component: Designator=HL2(LED_0805)
Add component (AddParameter): Name = "ComponentLink1Description"; Value = "New link"; VariantName = "[No Variations]"
Add component (AddParameter): Name = "ComponentLink1URL"; Value = ""; VariantName = "[No Variations]"
Add component (AddParameter): Name = "Unit_of_measurement"; Value = "Îì"; VariantName = "[No Variations]"
Add component (AddParameter): Name = "Value"; Value = ""; VariantName = "[No Variations]"
Added Component: Designator=HL3(LED_0805)
Add component (AddParameter): Name = "ComponentLink1Description"; Value = "New link"; VariantName = "[No Variations]"
Add component (AddParameter): Name = "ComponentLink1URL"; Value = ""; VariantName = "[No Variations]"
Add component (AddParameter): Name = "Unit_of_measurement"; Value = "Îì"; VariantName = "[No Variations]"
Add component (AddParameter): Name = "Value"; Value = ""; VariantName = "[No Variations]"
Added Component: Designator=HL4(LED_0805)
Add component (AddParameter): Name = "ComponentLink1Description"; Value = "New link"; VariantName = "[No Variations]"
Add component (AddParameter): Name = "ComponentLink1URL"; Value = ""; VariantName = "[No Variations]"
Add component (AddParameter): Name = "Unit_of_measurement"; Value = "Îì"; VariantName = "[No Variations]"
Add component (AddParameter): Name = "Value"; Value = ""; VariantName = "[No Variations]"
Added Component: Designator=HL5(LED_0805)
Add component (AddParameter): Name = "ComponentLink1Description"; Value = "New link"; VariantName = "[No Variations]"
Add component (AddParameter): Name = "ComponentLink1URL"; Value = ""; VariantName = "[No Variations]"
Add component (AddParameter): Name = "Unit_of_measurement"; Value = "Îì"; VariantName = "[No Variations]"
Add component (AddParameter): Name = "Value"; Value = ""; VariantName = "[No Variations]"
Added Component: Designator=HL6(LED_0805)
Add component (AddParameter): Name = "ComponentLink1Description"; Value = "New link"; VariantName = "[No Variations]"
Add component (AddParameter): Name = "ComponentLink1URL"; Value = ""; VariantName = "[No Variations]"
Add component (AddParameter): Name = "Unit_of_measurement"; Value = "Îì"; VariantName = "[No Variations]"
Add component (AddParameter): Name = "Value"; Value = ""; VariantName = "[No Variations]"
Added Component: Designator=L1(CD54)
Add component (AddParameter): Name = "ComponentLink1Description"; Value = "New link"; VariantName = "[No Variations]"
Add component (AddParameter): Name = "ComponentLink1URL"; Value = ""; VariantName = "[No Variations]"
Add component (AddParameter): Name = "Unit_of_measurement"; Value = "ìêÃí"; VariantName = "[No Variations]"
Add component (AddParameter): Name = "Value"; Value = "47"; VariantName = "[No Variations]"
Added Component: Designator=R1(RES_0603)
Add component (AddParameter): Name = "ComponentLink1Description"; Value = "New link"; VariantName = "[No Variations]"
Add component (AddParameter): Name = "ComponentLink1URL"; Value = ""; VariantName = "[No Variations]"
Add component (AddParameter): Name = "Unit_of_measurement"; Value = "Îì"; VariantName = "[No Variations]"
Add component (AddParameter): Name = "Value"; Value = "330"; VariantName = "[No Variations]"
Added Component: Designator=R2(RES_0603)
Add component (AddParameter): Name = "ComponentLink1Description"; Value = "New link"; VariantName = "[No Variations]"
Add component (AddParameter): Name = "ComponentLink1URL"; Value = ""; VariantName = "[No Variations]"
Add component (AddParameter): Name = "Unit_of_measurement"; Value = "êÎì"; VariantName = "[No Variations]"
Add component (AddParameter): Name = "Value"; Value = "100"; VariantName = "[No Variations]"
Added Component: Designator=R3(RES_0603)
Add component (AddParameter): Name = "ComponentLink1Description"; Value = "New link"; VariantName = "[No Variations]"
Add component (AddParameter): Name = "ComponentLink1URL"; Value = ""; VariantName = "[No Variations]"
Add component (AddParameter): Name = "Unit_of_measurement"; Value = "êÎì"; VariantName = "[No Variations]"
Add component (AddParameter): Name = "Value"; Value = "100"; VariantName = "[No Variations]"
Added Component: Designator=R4(RES_0603)
Add component (AddParameter): Name = "ComponentLink1Description"; Value = "New link"; VariantName = "[No Variations]"
Add component (AddParameter): Name = "ComponentLink1URL"; Value = ""; VariantName = "[No Variations]"
Add component (AddParameter): Name = "Unit_of_measurement"; Value = "êÎì"; VariantName = "[No Variations]"
Add component (AddParameter): Name = "Value"; Value = "10"; VariantName = "[No Variations]"
Added Component: Designator=R5(RES_0603)
Add component (AddParameter): Name = "ComponentLink1Description"; Value = "New link"; VariantName = "[No Variations]"
Add component (AddParameter): Name = "ComponentLink1URL"; Value = ""; VariantName = "[No Variations]"
Add component (AddParameter): Name = "Unit_of_measurement"; Value = "êÎì"; VariantName = "[No Variations]"
Add component (AddParameter): Name = "Value"; Value = "10"; VariantName = "[No Variations]"
Added Component: Designator=R6(RES_0603)
Add component (AddParameter): Name = "ComponentLink1Description"; Value = "New link"; VariantName = "[No Variations]"
Add component (AddParameter): Name = "ComponentLink1URL"; Value = ""; VariantName = "[No Variations]"
Add component (AddParameter): Name = "Unit_of_measurement"; Value = "ÌÎì"; VariantName = "[No Variations]"
Add component (AddParameter): Name = "Value"; Value = "1"; VariantName = "[No Variations]"
Added Component: Designator=R7(RES_0603)
Add component (AddParameter): Name = "ComponentLink1Description"; Value = "New link"; VariantName = "[No Variations]"
Add component (AddParameter): Name = "ComponentLink1URL"; Value = ""; VariantName = "[No Variations]"
Add component (AddParameter): Name = "Unit_of_measurement"; Value = "êÎì"; VariantName = "[No Variations]"
Add component (AddParameter): Name = "Value"; Value = "100"; VariantName = "[No Variations]"
Added Component: Designator=R8(RES_0603)
Add component (AddParameter): Name = "ComponentLink1Description"; Value = "New link"; VariantName = "[No Variations]"
Add component (AddParameter): Name = "ComponentLink1URL"; Value = ""; VariantName = "[No Variations]"
Add component (AddParameter): Name = "Unit_of_measurement"; Value = "Îì"; VariantName = "[No Variations]"
Add component (AddParameter): Name = "Value"; Value = "330"; VariantName = "[No Variations]"
Added Component: Designator=R9(RES_1206)
Add component (AddParameter): Name = "ComponentLink1Description"; Value = "New link"; VariantName = "[No Variations]"
Add component (AddParameter): Name = "ComponentLink1URL"; Value = ""; VariantName = "[No Variations]"
Add component (AddParameter): Name = "Unit_of_measurement"; Value = "Îì"; VariantName = "[No Variations]"
Add component (AddParameter): Name = "Value"; Value = "10"; VariantName = "[No Variations]"
Added Component: Designator=R10(RES_0603)
Add component (AddParameter): Name = "ComponentLink1Description"; Value = "New link"; VariantName = "[No Variations]"
Add component (AddParameter): Name = "ComponentLink1URL"; Value = ""; VariantName = "[No Variations]"
Add component (AddParameter): Name = "Unit_of_measurement"; Value = "Îì"; VariantName = "[No Variations]"
Add component (AddParameter): Name = "Value"; Value = "120"; VariantName = "[No Variations]"
Added Component: Designator=R11(RES_1206)
Add component (AddParameter): Name = "ComponentLink1Description"; Value = "New link"; VariantName = "[No Variations]"
Add component (AddParameter): Name = "ComponentLink1URL"; Value = ""; VariantName = "[No Variations]"
Add component (AddParameter): Name = "Unit_of_measurement"; Value = "Îì"; VariantName = "[No Variations]"
Add component (AddParameter): Name = "Value"; Value = "10"; VariantName = "[No Variations]"
Added Component: Designator=R12(RES_0603)
Add component (AddParameter): Name = "ComponentLink1Description"; Value = "New link"; VariantName = "[No Variations]"
Add component (AddParameter): Name = "ComponentLink1URL"; Value = ""; VariantName = "[No Variations]"
Add component (AddParameter): Name = "Unit_of_measurement"; Value = "Îì"; VariantName = "[No Variations]"
Add component (AddParameter): Name = "Value"; Value = "0"; VariantName = "[No Variations]"
Added Component: Designator=R13(RES_0603)
Add component (AddParameter): Name = "ComponentLink1Description"; Value = "New link"; VariantName = "[No Variations]"
Add component (AddParameter): Name = "ComponentLink1URL"; Value = ""; VariantName = "[No Variations]"
Add component (AddParameter): Name = "Unit_of_measurement"; Value = "êÎì 1%"; VariantName = "[No Variations]"
Add component (AddParameter): Name = "Value"; Value = "8.2"; VariantName = "[No Variations]"
Added Component: Designator=R14(RES_0603)
Add component (AddParameter): Name = "ComponentLink1Description"; Value = "New link"; VariantName = "[No Variations]"
Add component (AddParameter): Name = "ComponentLink1URL"; Value = ""; VariantName = "[No Variations]"
Add component (AddParameter): Name = "Unit_of_measurement"; Value = "êÎì 1%"; VariantName = "[No Variations]"
Add component (AddParameter): Name = "Value"; Value = "5"; VariantName = "[No Variations]"
Added Component: Designator=R15(RES_2512)
Add component (AddParameter): Name = "ComponentLink1Description"; Value = "New link"; VariantName = "[No Variations]"
Add component (AddParameter): Name = "ComponentLink1URL"; Value = ""; VariantName = "[No Variations]"
Add component (AddParameter): Name = "Unit_of_measurement"; Value = "Îì 1%"; VariantName = "[No Variations]"
Add component (AddParameter): Name = "Value"; Value = "0.2"; VariantName = "[No Variations]"
Added Component: Designator=R16(RES_0603)
Add component (AddParameter): Name = "ComponentLink1Description"; Value = "New link"; VariantName = "[No Variations]"
Add component (AddParameter): Name = "ComponentLink1URL"; Value = ""; VariantName = "[No Variations]"
Add component (AddParameter): Name = "Unit_of_measurement"; Value = "êÎì"; VariantName = "[No Variations]"
Add component (AddParameter): Name = "Value"; Value = "10"; VariantName = "[No Variations]"
Added Component: Designator=R17(RES_0603)
Add component (AddParameter): Name = "ComponentLink1Description"; Value = "New link"; VariantName = "[No Variations]"
Add component (AddParameter): Name = "ComponentLink1URL"; Value = ""; VariantName = "[No Variations]"
Add component (AddParameter): Name = "Unit_of_measurement"; Value = "êÎì"; VariantName = "[No Variations]"
Add component (AddParameter): Name = "Value"; Value = "10"; VariantName = "[No Variations]"
Added Component: Designator=R18(RES_2512)
Add component (AddParameter): Name = "ComponentLink1Description"; Value = "New link"; VariantName = "[No Variations]"
Add component (AddParameter): Name = "ComponentLink1URL"; Value = ""; VariantName = "[No Variations]"
Add component (AddParameter): Name = "Unit_of_measurement"; Value = "ìÎì"; VariantName = "[No Variations]"
Add component (AddParameter): Name = "Value"; Value = "7.5"; VariantName = "[No Variations]"
Added Component: Designator=R19(RES_2512)
Add component (AddParameter): Name = "ComponentLink1Description"; Value = "New link"; VariantName = "[No Variations]"
Add component (AddParameter): Name = "ComponentLink1URL"; Value = ""; VariantName = "[No Variations]"
Add component (AddParameter): Name = "Unit_of_measurement"; Value = "êÎì"; VariantName = "[No Variations]"
Add component (AddParameter): Name = "Value"; Value = "1.8"; VariantName = "[No Variations]"
Added Component: Designator=R20(RES_2512)
Add component (AddParameter): Name = "ComponentLink1Description"; Value = "New link"; VariantName = "[No Variations]"
Add component (AddParameter): Name = "ComponentLink1URL"; Value = ""; VariantName = "[No Variations]"
Add component (AddParameter): Name = "Unit_of_measurement"; Value = "êÎì"; VariantName = "[No Variations]"
Add component (AddParameter): Name = "Value"; Value = "1,8"; VariantName = "[No Variations]"
Added Component: Designator=R21(RES_0603)
Add component (AddParameter): Name = "ComponentLink1Description"; Value = "New link"; VariantName = "[No Variations]"
Add component (AddParameter): Name = "ComponentLink1URL"; Value = ""; VariantName = "[No Variations]"
Add component (AddParameter): Name = "Unit_of_measurement"; Value = "êÎì"; VariantName = "[No Variations]"
Add component (AddParameter): Name = "Value"; Value = "10"; VariantName = "[No Variations]"
Added Component: Designator=R22(RES_0603)
Add component (AddParameter): Name = "ComponentLink1Description"; Value = "New link"; VariantName = "[No Variations]"
Add component (AddParameter): Name = "ComponentLink1URL"; Value = ""; VariantName = "[No Variations]"
Add component (AddParameter): Name = "Unit_of_measurement"; Value = "êÎì"; VariantName = "[No Variations]"
Add component (AddParameter): Name = "Value"; Value = "10"; VariantName = "[No Variations]"
Added Component: Designator=R23(RES_2512)
Add component (AddParameter): Name = "ComponentLink1Description"; Value = "New link"; VariantName = "[No Variations]"
Add component (AddParameter): Name = "ComponentLink1URL"; Value = ""; VariantName = "[No Variations]"
Add component (AddParameter): Name = "Unit_of_measurement"; Value = "ìÎì"; VariantName = "[No Variations]"
Add component (AddParameter): Name = "Value"; Value = "7.5"; VariantName = "[No Variations]"
Added Component: Designator=R24(RES_2512)
Add component (AddParameter): Name = "ComponentLink1Description"; Value = "New link"; VariantName = "[No Variations]"
Add component (AddParameter): Name = "ComponentLink1URL"; Value = ""; VariantName = "[No Variations]"
Add component (AddParameter): Name = "Unit_of_measurement"; Value = "êÎì"; VariantName = "[No Variations]"
Add component (AddParameter): Name = "Value"; Value = "1.8"; VariantName = "[No Variations]"
Added Component: Designator=R25(RES_2512)
Add component (AddParameter): Name = "ComponentLink1Description"; Value = "New link"; VariantName = "[No Variations]"
Add component (AddParameter): Name = "ComponentLink1URL"; Value = ""; VariantName = "[No Variations]"
Add component (AddParameter): Name = "Unit_of_measurement"; Value = "êÎì"; VariantName = "[No Variations]"
Add component (AddParameter): Name = "Value"; Value = "1,8"; VariantName = "[No Variations]"
Added Component: Designator=R26(RES_0603)
Add component (AddParameter): Name = "ComponentLink1Description"; Value = "New link"; VariantName = "[No Variations]"
Add component (AddParameter): Name = "ComponentLink1URL"; Value = ""; VariantName = "[No Variations]"
Add component (AddParameter): Name = "Unit_of_measurement"; Value = "êÎì"; VariantName = "[No Variations]"
Add component (AddParameter): Name = "Value"; Value = "10"; VariantName = "[No Variations]"
Added Component: Designator=SB1(SMD-BUTTON_6x3.5)
Added Component: Designator=SB2(SMD-BUTTON_6x3.5)
Added Component: Designator=VD1(SOD-123)
Add component (AddParameter): Name = "ComponentLink1Description"; Value = "New link"; VariantName = "[No Variations]"
Add component (AddParameter): Name = "ComponentLink1URL"; Value = ""; VariantName = "[No Variations]"
Add component (AddParameter): Name = "Unit_of_measurement"; Value = "Îì"; VariantName = "[No Variations]"
Add component (AddParameter): Name = "Value"; Value = ""; VariantName = "[No Variations]"
Added Component: Designator=VD2(SOD-123)
Add component (AddParameter): Name = "ComponentLink1Description"; Value = "New link"; VariantName = "[No Variations]"
Add component (AddParameter): Name = "ComponentLink1URL"; Value = ""; VariantName = "[No Variations]"
Add component (AddParameter): Name = "Unit_of_measurement"; Value = "Îì"; VariantName = "[No Variations]"
Add component (AddParameter): Name = "Value"; Value = ""; VariantName = "[No Variations]"
Added Component: Designator=VD3(SOT23)
Add component (AddParameter): Name = "ComponentLink1Description"; Value = "New link"; VariantName = "[No Variations]"
Add component (AddParameter): Name = "ComponentLink1URL"; Value = ""; VariantName = "[No Variations]"
Add component (AddParameter): Name = "Unit_of_measurement"; Value = "Îì"; VariantName = "[No Variations]"
Add component (AddParameter): Name = "Value"; Value = ""; VariantName = "[No Variations]"
Added Component: Designator=VD4(SOD-123)
Add component (AddParameter): Name = "ComponentLink1Description"; Value = "New link"; VariantName = "[No Variations]"
Add component (AddParameter): Name = "ComponentLink1URL"; Value = ""; VariantName = "[No Variations]"
Add component (AddParameter): Name = "Unit_of_measurement"; Value = "Îì"; VariantName = "[No Variations]"
Add component (AddParameter): Name = "Value"; Value = ""; VariantName = "[No Variations]"
Added Component: Designator=VD5(SOD-323)
Add component (AddParameter): Name = "ComponentLink1Description"; Value = "New link"; VariantName = "[No Variations]"
Add component (AddParameter): Name = "ComponentLink1URL"; Value = ""; VariantName = "[No Variations]"
Add component (AddParameter): Name = "Unit_of_measurement"; Value = "Îì"; VariantName = "[No Variations]"
Add component (AddParameter): Name = "Value"; Value = ""; VariantName = "[No Variations]"
Added Component: Designator=VT1(DPAK_TO252)
Added Component: Designator=VT2(SOP-8 WithoutTP)
Added Component: Designator=VT3(SOP-8 WithoutTP)
Added Component: Designator=VT4(SOP-8 WithoutTP)
Added Component: Designator=VT5(SOP-8 WithoutTP)
Added Component: Designator=VT6(SOP-8 WithoutTP)
Added Component: Designator=VT7(SOP-8 WithoutTP)
Added Component: Designator=VT8(SOP-8 WithoutTP)
Added Component: Designator=VT9(SOP-8 WithoutTP)
Added Pin To Net: NetName=SL1 Pin=C1-1
Added Pin To Net: NetName=VBAT Pin=C1-2
Added Pin To Net: NetName=SL1 Pin=C2-1
Added Pin To Net: NetName=VBAT Pin=C2-2
Added Pin To Net: NetName=SL1 Pin=C3-1
Added Pin To Net: NetName=VBAT Pin=C3-2
Added Pin To Net: NetName=SL1 Pin=C4-1
Added Pin To Net: NetName=VBAT Pin=C4-2
Added Pin To Net: NetName=SL1 Pin=C5-1
Added Pin To Net: NetName=VBAT Pin=C5-2
Added Pin To Net: NetName=VBAT Pin=C6-1
Added Pin To Net: NetName=SL1 Pin=C6-2
Added Pin To Net: NetName=VBAT Pin=C7-1
Added Pin To Net: NetName=SL1 Pin=C7-2
Added Pin To Net: NetName=SL1 Pin=C8-1
Added Pin To Net: NetName=NetC8_2 Pin=C8-2
Added Pin To Net: NetName=SL1 Pin=C9-1
Added Pin To Net: NetName=NetC9_2 Pin=C9-2
Added Pin To Net: NetName=SL1 Pin=C10-1
Added Pin To Net: NetName=NetC10_2 Pin=C10-2
Added Pin To Net: NetName=SL1 Pin=C11-1
Added Pin To Net: NetName=NetC11_2 Pin=C11-2
Added Pin To Net: NetName=SL1 Pin=C12-1
Added Pin To Net: NetName=NetC12_2 Pin=C12-2
Added Pin To Net: NetName=SL1 Pin=C13-1
Added Pin To Net: NetName=NetC13_2 Pin=C13-2
Added Pin To Net: NetName=SL1 Pin=C14-1
Added Pin To Net: NetName=NetC14_2 Pin=C14-2
Added Pin To Net: NetName=SL1 Pin=C15-1
Added Pin To Net: NetName=NetC15_2 Pin=C15-2
Added Pin To Net: NetName=SL1 Pin=C16-1
Added Pin To Net: NetName=NetC16_2 Pin=C16-2
Added Pin To Net: NetName=SL1 Pin=C17-1
Added Pin To Net: NetName=NetC16_2 Pin=C17-2
Added Pin To Net: NetName=SL1 Pin=C18-1
Added Pin To Net: NetName=NetC18_2 Pin=C18-2
Added Pin To Net: NetName=SL1 Pin=C19-1
Added Pin To Net: NetName=VBAT Pin=C19-2
Added Pin To Net: NetName=VBAT Pin=C20-1
Added Pin To Net: NetName=SL1 Pin=C20-2
Added Pin To Net: NetName=SL1 Pin=C21-1
Added Pin To Net: NetName=DRAIN Pin=C21-2
Added Pin To Net: NetName=SL1 Pin=C22-1
Added Pin To Net: NetName=DRAIN Pin=C22-2
Added Pin To Net: NetName=SL1 Pin=C23-1
Added Pin To Net: NetName=VBAT Pin=C23-2
Added Pin To Net: NetName=SL1 Pin=C24-1
Added Pin To Net: NetName=VBAT Pin=C24-2
Added Pin To Net: NetName=SL1 Pin=C25-1
Added Pin To Net: NetName=DRAIN Pin=C25-2
Added Pin To Net: NetName=NetC26_1 Pin=C26-1
Added Pin To Net: NetName=NetC26_2 Pin=C26-2
Added Pin To Net: NetName=NetC27_1 Pin=C27-1
Added Pin To Net: NetName=DRAIN Pin=C27-2
Added Pin To Net: NetName=SL1 Pin=C28-1
Added Pin To Net: NetName=DRAIN Pin=C28-2
Added Pin To Net: NetName=SL1 Pin=C29-1
Added Pin To Net: NetName=DRAIN Pin=C29-2
Added Pin To Net: NetName=SL1 Pin=C30-1
Added Pin To Net: NetName=DRAIN Pin=C30-2
Added Pin To Net: NetName=SL1 Pin=C31-1
Added Pin To Net: NetName=VBAT Pin=C31-2
Added Pin To Net: NetName=SL1 Pin=C32-1
Added Pin To Net: NetName=VBAT Pin=C32-2
Added Pin To Net: NetName=NetC33_1 Pin=C33-1
Added Pin To Net: NetName=DRAIN Pin=C33-2
Added Pin To Net: NetName=NetC34_1 Pin=C34-1
Added Pin To Net: NetName=NetC34_2 Pin=C34-2
Added Pin To Net: NetName=SL1 Pin=C35-1
Added Pin To Net: NetName=VBAT Pin=C35-2
Added Pin To Net: NetName=SL1 Pin=C36-1
Added Pin To Net: NetName=VBAT Pin=C36-2
Added Pin To Net: NetName=NetC37_1 Pin=C37-1
Added Pin To Net: NetName=NetC37_2 Pin=C37-2
Added Pin To Net: NetName=NetC38_1 Pin=C38-1
Added Pin To Net: NetName=DRAIN Pin=C38-2
Added Pin To Net: NetName=SL1 Pin=C39-1
Added Pin To Net: NetName=VBAT Pin=C39-2
Added Pin To Net: NetName=SL1 Pin=C40-1
Added Pin To Net: NetName=VBAT Pin=C40-2
Added Pin To Net: NetName=NetC41_1 Pin=C41-1
Added Pin To Net: NetName=DRAIN Pin=C41-2
Added Pin To Net: NetName=NetC42_1 Pin=C42-1
Added Pin To Net: NetName=NetC42_2 Pin=C42-2
Added Pin To Net: NetName=NetDA1_1 Pin=DA1-1
Added Pin To Net: NetName=NetDA1_2 Pin=DA1-2
Added Pin To Net: NetName=NetC18_2 Pin=DA1-3
Added Pin To Net: NetName=SL1 Pin=DA1-4
Added Pin To Net: NetName=NetDA1_5 Pin=DA1-5
Added Pin To Net: NetName=DRAIN Pin=DA1-6
Added Pin To Net: NetName=NetDA1_1 Pin=DA1-7
Added Pin To Net: NetName=NetDA1_1 Pin=DA1-8
Added Pin To Net: NetName=NetC10_2 Pin=DD1-1
Added Pin To Net: NetName=SL1 Pin=DD1-2
Added Pin To Net: NetName=NetC11_2 Pin=DD1-3
Added Pin To Net: NetName=ENC2_CH1_F_1 Pin=DD1-4
Added Pin To Net: NetName=VBAT Pin=DD1-5
Added Pin To Net: NetName=ENC1_CH1_F_1 Pin=DD1-6
Added Pin To Net: NetName=VBAT Pin=DD2-1
Added Pin To Net: NetName=NetDD2_2 Pin=DD2-2
Added Pin To Net: NetName=NetC8_2 Pin=DD2-3
Added Pin To Net: NetName=NetC12_2 Pin=DD2-4
Added Pin To Net: NetName=NetC14_2 Pin=DD2-5
Added Pin To Net: NetName=NetDD2_6 Pin=DD2-6
Added Pin To Net: NetName=NetC13_2 Pin=DD2-7
Added Pin To Net: NetName=SL1 Pin=DD2-8
Added Pin To Net: NetName=VBAT Pin=DD2-9
Added Pin To Net: NetName=DIR1_1 Pin=DD2-10
Added Pin To Net: NetName=DIR2_1 Pin=DD2-11
Added Pin To Net: NetName=CS1 Pin=DD2-12
Added Pin To Net: NetName=CS2 Pin=DD2-13
Added Pin To Net: NetName=SPI1_SS1 Pin=DD2-14
Added Pin To Net: NetName=SPI1_SCK Pin=DD2-15
Added Pin To Net: NetName=SPI1_MISO Pin=DD2-16
Added Pin To Net: NetName=SPI1_MOSI Pin=DD2-17
Added Pin To Net: NetName=PWM1_1 Pin=DD2-18
Added Pin To Net: NetName=PWM2_1 Pin=DD2-19
Added Pin To Net: NetName=SPI1_SS2 Pin=DD2-20
Added Pin To Net: NetName=SPI1_SS3 Pin=DD2-21
Added Pin To Net: NetName=SPI1_SS4 Pin=DD2-22
Added Pin To Net: NetName=SL1 Pin=DD2-23
Added Pin To Net: NetName=VBAT Pin=DD2-24
Added Pin To Net: NetName=BRIDGESLEEP_1 Pin=DD2-25
Added Pin To Net: NetName=BRIDGESLEEP_2 Pin=DD2-26
Added Pin To Net: NetName=FAULT_A Pin=DD2-27
Added Pin To Net: NetName=FAULT_B Pin=DD2-28
Added Pin To Net: NetName=ENC1_CH1_1 Pin=DD2-29
Added Pin To Net: NetName=ENC1_CH2_1 Pin=DD2-30
Added Pin To Net: NetName=ENC1_Z_1 Pin=DD2-31
Added Pin To Net: NetName=ENC2_Z_1 Pin=DD2-32
Added Pin To Net: NetName=DRVOFF1 Pin=DD2-33
Added Pin To Net: NetName=SWDIO_1 Pin=DD2-34
Added Pin To Net: NetName=SL1 Pin=DD2-35
Added Pin To Net: NetName=VBAT Pin=DD2-36
Added Pin To Net: NetName=SWCLK_1 Pin=DD2-37
Added Pin To Net: NetName=ENC2_CH1_1 Pin=DD2-38
Added Pin To Net: NetName=ENC2_CH2_1 Pin=DD2-39
Added Pin To Net: NetName=DRVOFF2 Pin=DD2-40
Added Pin To Net: NetName=RS485_Ctrl Pin=DD2-41
Added Pin To Net: NetName=USART1_TX Pin=DD2-42
Added Pin To Net: NetName=USART1_RX Pin=DD2-43
Added Pin To Net: NetName=NetC9_2 Pin=DD2-44
Added Pin To Net: NetName=ENC1_CH1_F_1 Pin=DD2-45
Added Pin To Net: NetName=ENC2_CH1_F_1 Pin=DD2-46
Added Pin To Net: NetName=SL1 Pin=DD2-47
Added Pin To Net: NetName=VBAT Pin=DD2-48
Added Pin To Net: NetName=DIR2_1 Pin=DD3-1
Added Pin To Net: NetName=SL1 Pin=DD3-2
Added Pin To Net: NetName=DIR1_1 Pin=DD3-3
Added Pin To Net: NetName=NetDD3_4 Pin=DD3-4
Added Pin To Net: NetName=VBAT Pin=DD3-5
Added Pin To Net: NetName=NetDD3_6 Pin=DD3-6
Added Pin To Net: NetName=PWM2_1 Pin=DD4-1
Added Pin To Net: NetName=DIR2_1 Pin=DD4-2
Added Pin To Net: NetName=NetDD4_3 Pin=DD4-3
Added Pin To Net: NetName=PWM2_1 Pin=DD4-4
Added Pin To Net: NetName=NetDD3_6 Pin=DD4-5
Added Pin To Net: NetName=NetDD4_6 Pin=DD4-6
Added Pin To Net: NetName=SL1 Pin=DD4-7
Added Pin To Net: NetName=NetDD4_8 Pin=DD4-8
Added Pin To Net: NetName=PWM1_1 Pin=DD4-9
Added Pin To Net: NetName=NetDD3_4 Pin=DD4-10
Added Pin To Net: NetName=NetDD4_11 Pin=DD4-11
Added Pin To Net: NetName=PWM1_1 Pin=DD4-12
Added Pin To Net: NetName=DIR1_1 Pin=DD4-13
Added Pin To Net: NetName=VBAT Pin=DD4-14
Add Pin To Net: Unknown Pin: Pin DD5-1
Add Pin To Net: Unknown Pin: Pin DD5-2
Add Pin To Net: Unknown Pin: Pin DD5-3
Add Pin To Net: Unknown Pin: Pin DD5-4
Add Pin To Net: Unknown Pin: Pin DD5-5
Add Pin To Net: Unknown Pin: Pin DD5-6
Add Pin To Net: Unknown Pin: Pin DD5-7
Add Pin To Net: Unknown Pin: Pin DD5-8
Added Pin To Net: NetName=SL1 Pin=DD6-5
Added Pin To Net: NetName=FAULT_A Pin=DD6-7
Added Pin To Net: NetName=SL1 Pin=DD6-8
Added Pin To Net: NetName=FAULT_B Pin=DD6-9
Added Pin To Net: NetName=NetDD6_10 Pin=DD6-10
Added Pin To Net: NetName=NetDD6_11 Pin=DD6-11
Added Pin To Net: NetName=NetDD6_12 Pin=DD6-12
Added Pin To Net: NetName=NetDD6_13 Pin=DD6-13
Added Pin To Net: NetName=VBAT Pin=DD6-16
Added Pin To Net: NetName=SL1 Pin=DD7-0
Added Pin To Net: NetName=SL1 Pin=DD7-1
Added Pin To Net: NetName=VBAT Pin=DD7-2
Added Pin To Net: NetName=SPI1_SS1 Pin=DD7-3
Added Pin To Net: NetName=SPI1_SCK Pin=DD7-4
Added Pin To Net: NetName=SPI1_MOSI Pin=DD7-5
Added Pin To Net: NetName=SPI1_MISO Pin=DD7-6
Added Pin To Net: NetName=NetDD4_11 Pin=DD7-7
Added Pin To Net: NetName=SL1 Pin=DD7-8
Added Pin To Net: NetName=BRIDGESLEEP_2 Pin=DD7-11
Added Pin To Net: NetName=DRVOFF1 Pin=DD7-12
Added Pin To Net: NetName=NetDD6_13 Pin=DD7-13
Added Pin To Net: NetName=CS1 Pin=DD7-14
Added Pin To Net: NetName=SL1 Pin=DD7-15
Added Pin To Net: NetName=VBAT Pin=DD7-16
Added Pin To Net: NetName=SL1 Pin=DD7-17
Added Pin To Net: NetName=SP_3 Pin=DD7-18
Added Pin To Net: NetName=SN_3 Pin=DD7-19
Added Pin To Net: NetName=NetDD7_20 Pin=DD7-20
Added Pin To Net: NetName=NetDD7_21 Pin=DD7-21
Added Pin To Net: NetName=NetDD7_22 Pin=DD7-22
Added Pin To Net: NetName=SL1 Pin=DD7-23
Added Pin To Net: NetName=DRAIN Pin=DD7-28
Added Pin To Net: NetName=DRAIN Pin=DD7-29
Added Pin To Net: NetName=NetC27_1 Pin=DD7-30
Added Pin To Net: NetName=NetC26_2 Pin=DD7-31
Added Pin To Net: NetName=NetC26_1 Pin=DD7-32
Added Pin To Net: NetName=SL1 Pin=DD8-0
Added Pin To Net: NetName=SL1 Pin=DD8-1
Added Pin To Net: NetName=VBAT Pin=DD8-2
Added Pin To Net: NetName=SPI1_SS2 Pin=DD8-3
Added Pin To Net: NetName=SPI1_SCK Pin=DD8-4
Added Pin To Net: NetName=SPI1_MOSI Pin=DD8-5
Added Pin To Net: NetName=SPI1_MISO Pin=DD8-6
Added Pin To Net: NetName=NetDD4_8 Pin=DD8-7
Added Pin To Net: NetName=SL1 Pin=DD8-8
Added Pin To Net: NetName=BRIDGESLEEP_2 Pin=DD8-11
Added Pin To Net: NetName=DRVOFF1 Pin=DD8-12
Added Pin To Net: NetName=NetDD6_12 Pin=DD8-13
Added Pin To Net: NetName=SL1 Pin=DD8-15
Added Pin To Net: NetName=VBAT Pin=DD8-16
Added Pin To Net: NetName=SL1 Pin=DD8-17
Added Pin To Net: NetName=GH1_3 Pin=DD8-20
Added Pin To Net: NetName=B1_3 Pin=DD8-21
Added Pin To Net: NetName=GL1_3 Pin=DD8-22
Added Pin To Net: NetName=SL1 Pin=DD8-23
Added Pin To Net: NetName=DRAIN Pin=DD8-28
Added Pin To Net: NetName=DRAIN Pin=DD8-29
Added Pin To Net: NetName=NetC33_1 Pin=DD8-30
Added Pin To Net: NetName=NetC34_2 Pin=DD8-31
Added Pin To Net: NetName=NetC34_1 Pin=DD8-32
Added Pin To Net: NetName=SL1 Pin=DD9-0
Added Pin To Net: NetName=SL1 Pin=DD9-1
Added Pin To Net: NetName=VBAT Pin=DD9-2
Added Pin To Net: NetName=SPI1_SS3 Pin=DD9-3
Added Pin To Net: NetName=SPI1_SCK Pin=DD9-4
Added Pin To Net: NetName=SPI1_MOSI Pin=DD9-5
Added Pin To Net: NetName=SPI1_MISO Pin=DD9-6
Added Pin To Net: NetName=NetDD4_3 Pin=DD9-7
Added Pin To Net: NetName=SL1 Pin=DD9-8
Added Pin To Net: NetName=BRIDGESLEEP_1 Pin=DD9-11
Added Pin To Net: NetName=DRVOFF2 Pin=DD9-12
Added Pin To Net: NetName=NetDD6_11 Pin=DD9-13
Added Pin To Net: NetName=CS2 Pin=DD9-14
Added Pin To Net: NetName=SL1 Pin=DD9-15
Added Pin To Net: NetName=VBAT Pin=DD9-16
Added Pin To Net: NetName=SL1 Pin=DD9-17
Added Pin To Net: NetName=SP_4 Pin=DD9-18
Added Pin To Net: NetName=SN_4 Pin=DD9-19
Added Pin To Net: NetName=NetDD9_20 Pin=DD9-20
Added Pin To Net: NetName=NetDD9_21 Pin=DD9-21
Added Pin To Net: NetName=NetDD9_22 Pin=DD9-22
Added Pin To Net: NetName=SL1 Pin=DD9-23
Added Pin To Net: NetName=DRAIN Pin=DD9-28
Added Pin To Net: NetName=DRAIN Pin=DD9-29
Added Pin To Net: NetName=NetC38_1 Pin=DD9-30
Added Pin To Net: NetName=NetC37_2 Pin=DD9-31
Added Pin To Net: NetName=NetC37_1 Pin=DD9-32
Added Pin To Net: NetName=SL1 Pin=DD10-0
Added Pin To Net: NetName=SL1 Pin=DD10-1
Added Pin To Net: NetName=VBAT Pin=DD10-2
Added Pin To Net: NetName=SPI1_SS4 Pin=DD10-3
Added Pin To Net: NetName=SPI1_SCK Pin=DD10-4
Added Pin To Net: NetName=SPI1_MOSI Pin=DD10-5
Added Pin To Net: NetName=SPI1_MISO Pin=DD10-6
Added Pin To Net: NetName=NetDD4_6 Pin=DD10-7
Added Pin To Net: NetName=SL1 Pin=DD10-8
Added Pin To Net: NetName=BRIDGESLEEP_1 Pin=DD10-11
Added Pin To Net: NetName=DRVOFF2 Pin=DD10-12
Added Pin To Net: NetName=NetDD6_10 Pin=DD10-13
Added Pin To Net: NetName=SL1 Pin=DD10-15
Added Pin To Net: NetName=VBAT Pin=DD10-16
Added Pin To Net: NetName=SL1 Pin=DD10-17
Added Pin To Net: NetName=GH1_4 Pin=DD10-20
Added Pin To Net: NetName=B2_4 Pin=DD10-21
Added Pin To Net: NetName=GL1_4 Pin=DD10-22
Added Pin To Net: NetName=SL1 Pin=DD10-23
Added Pin To Net: NetName=DRAIN Pin=DD10-28
Added Pin To Net: NetName=DRAIN Pin=DD10-29
Added Pin To Net: NetName=NetC41_1 Pin=DD10-30
Added Pin To Net: NetName=NetC42_2 Pin=DD10-31
Added Pin To Net: NetName=NetC42_1 Pin=DD10-32
Added Pin To Net: NetName=NetF1_1 Pin=F1-1
Added Pin To Net: NetName=NetF1_2 Pin=F1-2
Added Pin To Net: NetName=NetC8_2 Pin=G1-1
Added Pin To Net: NetName=NetC12_2 Pin=G1-2
Added Pin To Net: NetName=NetC14_2 Pin=G2-1
Added Pin To Net: NetName=NetC15_2 Pin=G2-2
Added Pin To Net: NetName=NetDD2_2 Pin=HL1-A
Added Pin To Net: NetName=NetHL1_C Pin=HL1-C
Added Pin To Net: NetName=NetHL2_A Pin=HL2-A
Added Pin To Net: NetName=SL1 Pin=HL2-C
Added Pin To Net: NetName=NetHL3_A Pin=HL3-A
Added Pin To Net: NetName=NetDD7_21 Pin=HL3-C
Added Pin To Net: NetName=NetHL4_A Pin=HL4-A
Added Pin To Net: NetName=B1_3 Pin=HL4-C
Added Pin To Net: NetName=NetHL5_A Pin=HL5-A
Added Pin To Net: NetName=NetDD9_21 Pin=HL5-C
Added Pin To Net: NetName=NetHL6_A Pin=HL6-A
Added Pin To Net: NetName=B2_4 Pin=HL6-C
Added Pin To Net: NetName=NetDA1_2 Pin=L1-1
Added Pin To Net: NetName=NetC16_2 Pin=L1-2
Added Pin To Net: NetName=NetHL1_C Pin=R1-1
Added Pin To Net: NetName=SL1 Pin=R1-2
Added Pin To Net: NetName=NetC10_2 Pin=R2-1
Added Pin To Net: NetName=ENC1_CH1_1 Pin=R2-2
Added Pin To Net: NetName=NetC11_2 Pin=R3-1
Added Pin To Net: NetName=ENC2_CH1_1 Pin=R3-2
Added Pin To Net: NetName=NetC9_2 Pin=R4-1
Added Pin To Net: NetName=SL1 Pin=R4-2
Added Pin To Net: NetName=NetC13_2 Pin=R5-1
Added Pin To Net: NetName=VBAT Pin=R5-2
Added Pin To Net: NetName=NetC14_2 Pin=R6-1
Added Pin To Net: NetName=NetDD2_6 Pin=R6-2
Added Pin To Net: NetName=NetDD2_6 Pin=R7-1
Added Pin To Net: NetName=NetC15_2 Pin=R7-2
Added Pin To Net: NetName=NetC16_2 Pin=R8-1
Added Pin To Net: NetName=NetHL2_A Pin=R8-2
Added Pin To Net: NetName=NetDD5_6 Pin=R9-1
Added Pin To Net: NetName=NetR9_2 Pin=R9-2
Added Pin To Net: NetName=NetDD5_7 Pin=R10-1
Added Pin To Net: NetName=NetR10_2 Pin=R10-2
Added Pin To Net: NetName=NetDD5_7 Pin=R11-1
Added Pin To Net: NetName=NetR11_2 Pin=R11-2
Added Pin To Net: NetName=NetR10_2 Pin=R12-1
Added Pin To Net: NetName=NetR9_2 Pin=R12-2
Added Pin To Net: NetName=NetC16_2 Pin=R13-1
Added Pin To Net: NetName=NetDA1_5 Pin=R13-2
Added Pin To Net: NetName=SL1 Pin=R14-1
Added Pin To Net: NetName=NetDA1_5 Pin=R14-2
Added Pin To Net: NetName=DRAIN Pin=R15-1
Added Pin To Net: NetName=NetDA1_1 Pin=R15-2
Added Pin To Net: NetName=NetDD6_13 Pin=R16-1
Added Pin To Net: NetName=VBAT Pin=R16-2
Added Pin To Net: NetName=SL1 Pin=R17-1
Added Pin To Net: NetName=NetR17_2 Pin=R17-2
Added Pin To Net: NetName=A1_3 Pin=R18-1
Added Pin To Net: NetName=SN_3 Pin=R18-1
Added Pin To Net: NetName=NetDD7_21 Pin=R18-2
Added Pin To Net: NetName=SP_3 Pin=R18-2
Added Pin To Net: NetName=NetDD7_21 Pin=R19-1
Added Pin To Net: NetName=NetHL4_A Pin=R19-2
Added Pin To Net: NetName=NetHL3_A Pin=R20-1
Added Pin To Net: NetName=B1_3 Pin=R20-2
Added Pin To Net: NetName=NetDD6_12 Pin=R21-1
Added Pin To Net: NetName=VBAT Pin=R21-2
Added Pin To Net: NetName=NetDD6_11 Pin=R22-1
Added Pin To Net: NetName=VBAT Pin=R22-2
Added Pin To Net: NetName=A2_4 Pin=R23-1
Added Pin To Net: NetName=SN_4 Pin=R23-1
Added Pin To Net: NetName=NetDD9_21 Pin=R23-2
Added Pin To Net: NetName=SP_4 Pin=R23-2
Added Pin To Net: NetName=NetDD9_21 Pin=R24-1
Added Pin To Net: NetName=NetHL6_A Pin=R24-2
Added Pin To Net: NetName=NetHL5_A Pin=R25-1
Added Pin To Net: NetName=B2_4 Pin=R25-2
Added Pin To Net: NetName=NetDD6_10 Pin=R26-1
Added Pin To Net: NetName=VBAT Pin=R26-2
Added Pin To Net: NetName=VBAT Pin=SB1-1
Added Pin To Net: NetName=NetC9_2 Pin=SB1-2
Added Pin To Net: NetName=SL1 Pin=SB2-1
Added Pin To Net: NetName=NetC13_2 Pin=SB2-2
Added Pin To Net: NetName=VBAT Pin=VD1-1
Added Pin To Net: NetName=NetC16_2 Pin=VD1-2
Added Pin To Net: NetName=NetDA1_2 Pin=VD2-1
Added Pin To Net: NetName=SL1 Pin=VD2-2
Added Pin To Net: NetName=NetR11_2 Pin=VD3-1
Added Pin To Net: NetName=NetR9_2 Pin=VD3-2
Added Pin To Net: NetName=SL1 Pin=VD3-3
Added Pin To Net: NetName=VBAT Pin=VD4-1
Added Pin To Net: NetName=NetVD4_2 Pin=VD4-2
Added Pin To Net: NetName=DRAIN Pin=VD5-1
Added Pin To Net: NetName=NetR17_2 Pin=VD5-2
Added Pin To Net: NetName=NetR17_2 Pin=VT1-1
Added Pin To Net: NetName=DRAIN Pin=VT1-3
Added Pin To Net: NetName=NetF1_2 Pin=VT1-4
Added Pin To Net: NetName=NetDD7_21 Pin=VT2-1
Added Pin To Net: NetName=NetDD7_21 Pin=VT2-2
Added Pin To Net: NetName=NetDD7_21 Pin=VT2-3
Added Pin To Net: NetName=NetDD7_20 Pin=VT2-4
Added Pin To Net: NetName=DRAIN Pin=VT2-5
Added Pin To Net: NetName=DRAIN Pin=VT2-6
Added Pin To Net: NetName=DRAIN Pin=VT2-7
Added Pin To Net: NetName=DRAIN Pin=VT2-8
Added Pin To Net: NetName=SL1 Pin=VT3-1
Added Pin To Net: NetName=SL1 Pin=VT3-2
Added Pin To Net: NetName=SL1 Pin=VT3-3
Added Pin To Net: NetName=NetDD7_22 Pin=VT3-4
Added Pin To Net: NetName=NetDD7_21 Pin=VT3-5
Added Pin To Net: NetName=NetDD7_21 Pin=VT3-6
Added Pin To Net: NetName=NetDD7_21 Pin=VT3-7
Added Pin To Net: NetName=NetDD7_21 Pin=VT3-8
Added Pin To Net: NetName=B1_3 Pin=VT4-1
Added Pin To Net: NetName=B1_3 Pin=VT4-2
Added Pin To Net: NetName=B1_3 Pin=VT4-3
Added Pin To Net: NetName=GH1_3 Pin=VT4-4
Added Pin To Net: NetName=DRAIN Pin=VT4-5
Added Pin To Net: NetName=DRAIN Pin=VT4-6
Added Pin To Net: NetName=DRAIN Pin=VT4-7
Added Pin To Net: NetName=DRAIN Pin=VT4-8
Added Pin To Net: NetName=SL1 Pin=VT5-1
Added Pin To Net: NetName=SL1 Pin=VT5-2
Added Pin To Net: NetName=SL1 Pin=VT5-3
Added Pin To Net: NetName=GL1_3 Pin=VT5-4
Added Pin To Net: NetName=B1_3 Pin=VT5-5
Added Pin To Net: NetName=B1_3 Pin=VT5-6
Added Pin To Net: NetName=B1_3 Pin=VT5-7
Added Pin To Net: NetName=B1_3 Pin=VT5-8
Added Pin To Net: NetName=NetDD9_21 Pin=VT6-1
Added Pin To Net: NetName=NetDD9_21 Pin=VT6-2
Added Pin To Net: NetName=NetDD9_21 Pin=VT6-3
Added Pin To Net: NetName=NetDD9_20 Pin=VT6-4
Added Pin To Net: NetName=DRAIN Pin=VT6-5
Added Pin To Net: NetName=DRAIN Pin=VT6-6
Added Pin To Net: NetName=DRAIN Pin=VT6-7
Added Pin To Net: NetName=DRAIN Pin=VT6-8
Added Pin To Net: NetName=SL1 Pin=VT7-1
Added Pin To Net: NetName=SL1 Pin=VT7-2
Added Pin To Net: NetName=SL1 Pin=VT7-3
Added Pin To Net: NetName=NetDD9_22 Pin=VT7-4
Added Pin To Net: NetName=NetDD9_21 Pin=VT7-5
Added Pin To Net: NetName=NetDD9_21 Pin=VT7-6
Added Pin To Net: NetName=NetDD9_21 Pin=VT7-7
Added Pin To Net: NetName=NetDD9_21 Pin=VT7-8
Added Pin To Net: NetName=B2_4 Pin=VT8-1
Added Pin To Net: NetName=B2_4 Pin=VT8-2
Added Pin To Net: NetName=B2_4 Pin=VT8-3
Added Pin To Net: NetName=GH1_4 Pin=VT8-4
Added Pin To Net: NetName=DRAIN Pin=VT8-5
Added Pin To Net: NetName=DRAIN Pin=VT8-6
Added Pin To Net: NetName=DRAIN Pin=VT8-7
Added Pin To Net: NetName=DRAIN Pin=VT8-8
Added Pin To Net: NetName=SL1 Pin=VT9-1
Added Pin To Net: NetName=SL1 Pin=VT9-2
Added Pin To Net: NetName=SL1 Pin=VT9-3
Added Pin To Net: NetName=GL1_4 Pin=VT9-4
Added Pin To Net: NetName=B2_4 Pin=VT9-5
Added Pin To Net: NetName=B2_4 Pin=VT9-6
Added Pin To Net: NetName=B2_4 Pin=VT9-7
Added Pin To Net: NetName=B2_4 Pin=VT9-8
Added Member To Class: ClassName=Sheet1 Member=Component C1 100íÔ
Added Member To Class: ClassName=Sheet1 Member=Component C2 100íÔ
Added Member To Class: ClassName=Sheet1 Member=Component C3 100íÔ
Added Member To Class: ClassName=Sheet1 Member=Component C4 100íÔ
Added Member To Class: ClassName=Sheet1 Member=Component C5 100íÔ
Added Member To Class: ClassName=Sheet1 Member=Component C6 1ìêÔ
Added Member To Class: ClassName=Sheet1 Member=Component C7 1ìêÔ
Added Member To Class: ClassName=Sheet1 Member=Component C8 20ïÔ
Added Member To Class: ClassName=Sheet1 Member=Component C9 100íÔ
Added Member To Class: ClassName=Sheet1 Member=Component C10 10ïÔ
Added Member To Class: ClassName=Sheet1 Member=Component C11 10ïÔ
Added Member To Class: ClassName=Sheet1 Member=Component C12 20ïÔ
Added Member To Class: ClassName=Sheet1 Member=Component C13 100íÔ
Added Member To Class: ClassName=Sheet1 Member=Component C14 20ïÔ
Added Member To Class: ClassName=Sheet1 Member=Component C15 20ïÔ
Added Member To Class: ClassName=Sheet2 Member=Component C16 10ìêÔ 50Â
Added Member To Class: ClassName=Sheet2 Member=Component C17 10ìêÔ 50Â
Added Member To Class: ClassName=Sheet2 Member=Component C18 3.9íÔ
Added Member To Class: ClassName=Sheet2 Member=Component C19 100íÔ
Added Member To Class: ClassName=Sheet2 Member=Component C20 1ìêÔ
Added Member To Class: ClassName=Sheet2 Member=Component C21 10ìêÔ 50Â
Added Member To Class: ClassName=Sheet2 Member=Component C22 10ìêÔ 50Â
Added Member To Class: ClassName=Sheet3 Member=Component C23 1ìêÔ 6.3Â
Added Member To Class: ClassName=Sheet3 Member=Component C24 1ìêÔ 6.3Â
Added Member To Class: ClassName=Sheet3 Member=Component C25 0,1ìêÔ 50 Â
Added Member To Class: ClassName=Sheet3 Member=Component C26 0,1ìêÔ 50 Â
Added Member To Class: ClassName=Sheet3 Member=Component C27 1ìêÔ 16 Â
Added Member To Class: ClassName=Sheet3 Member=Component C28 10ìêÔ 50Â
Added Member To Class: ClassName=Sheet3 Member=Component C29 10ìêÔ 50Â
Added Member To Class: ClassName=Sheet3 Member=Component C30 10ìêÔ 50Â
Added Member To Class: ClassName=Sheet3 Member=Component C31 1ìêÔ 6.3Â
Added Member To Class: ClassName=Sheet3 Member=Component C32 1ìêÔ 6.3Â
Added Member To Class: ClassName=Sheet3 Member=Component C33 1ìêÔ 16 Â
Added Member To Class: ClassName=Sheet3 Member=Component C34 0,1ìêÔ 50 Â
Added Member To Class: ClassName=Sheet4 Member=Component C35 1ìêÔ 6.3Â
Added Member To Class: ClassName=Sheet4 Member=Component C36 1ìêÔ 6.3Â
Added Member To Class: ClassName=Sheet4 Member=Component C37 0,1ìêÔ 50 Â
Added Member To Class: ClassName=Sheet4 Member=Component C38 1ìêÔ 16 Â
Added Member To Class: ClassName=Sheet4 Member=Component C39 1ìêÔ 6.3Â
Added Member To Class: ClassName=Sheet4 Member=Component C40 1ìêÔ 6.3Â
Added Member To Class: ClassName=Sheet4 Member=Component C41 1ìêÔ 16 Â
Added Member To Class: ClassName=Sheet4 Member=Component C42 0,1ìêÔ 50 Â
Added Member To Class: ClassName=Sheet2 Member=Component DA1 MC34063S
Added Member To Class: ClassName=Sheet1 Member=Component DD1 SN74LVC2G17DBVR
Added Member To Class: ClassName=Sheet1 Member=Component DD2 STM32F103C8T6
Added Member To Class: ClassName=Sheet1 Member=Component DD3 SN74LVC2G14DCKR
Added Member To Class: ClassName=Sheet1 Member=Component DD4 74HC08D
Add Class Member: Failed to add class member : Component DD5 SP3485EN-L/TR
Added Member To Class: ClassName=Sheet2 Member=Component DD6 SN74HC148DR
Added Member To Class: ClassName=Sheet3 Member=Component DD7 DRV8106SQRHBRQ1
Added Member To Class: ClassName=Sheet3 Member=Component DD8 DRV8106SQRHBRQ1
Added Member To Class: ClassName=Sheet4 Member=Component DD9 DRV8106SQRHBRQ1
Added Member To Class: ClassName=Sheet4 Member=Component DD10 DRV8106SQRHBRQ1
Added Member To Class: ClassName=Sheet3 Member=Component F1 âà
Added Member To Class: ClassName=Sheet1 Member=Component G1 FC-135R
Added Member To Class: ClassName=Sheet1 Member=Component G2 HC-49SM
Added Member To Class: ClassName=Sheet1 Member=Component HL1 3
Added Member To Class: ClassName=Sheet2 Member=Component HL2 3
Added Member To Class: ClassName=Sheet3 Member=Component HL3 3
Added Member To Class: ClassName=Sheet3 Member=Component HL4 3
Added Member To Class: ClassName=Sheet4 Member=Component HL5 3
Added Member To Class: ClassName=Sheet4 Member=Component HL6 3
Added Member To Class: ClassName=Sheet2 Member=Component L1 47ìêÃí
Added Member To Class: ClassName=Sheet1 Member=Component R1 330Îì
Added Member To Class: ClassName=Sheet1 Member=Component R2 100êÎì
Added Member To Class: ClassName=Sheet1 Member=Component R3 100êÎì
Added Member To Class: ClassName=Sheet1 Member=Component R4 10êÎì
Added Member To Class: ClassName=Sheet1 Member=Component R5 10êÎì
Added Member To Class: ClassName=Sheet1 Member=Component R6 1ÌÎì
Added Member To Class: ClassName=Sheet1 Member=Component R7 100êÎì
Added Member To Class: ClassName=Sheet2 Member=Component R8 330Îì
Added Member To Class: ClassName=Sheet2 Member=Component R9 10Îì
Added Member To Class: ClassName=Sheet2 Member=Component R10 120Îì
Added Member To Class: ClassName=Sheet2 Member=Component R11 10Îì
Added Member To Class: ClassName=Sheet2 Member=Component R12 0Îì
Added Member To Class: ClassName=Sheet2 Member=Component R13 8.2êÎì 1%
Added Member To Class: ClassName=Sheet2 Member=Component R14 5êÎì 1%
Added Member To Class: ClassName=Sheet2 Member=Component R15 0.2Îì 1%
Added Member To Class: ClassName=Sheet3 Member=Component R16 10êÎì
Added Member To Class: ClassName=Sheet3 Member=Component R17 10êÎì
Added Member To Class: ClassName=Sheet3 Member=Component R18 7.5ìÎì
Added Member To Class: ClassName=Sheet3 Member=Component R19 1.8êÎì
Added Member To Class: ClassName=Sheet3 Member=Component R20 1.8êÎì
Added Member To Class: ClassName=Sheet3 Member=Component R21 10êÎì
Added Member To Class: ClassName=Sheet4 Member=Component R22 10êÎì
Added Member To Class: ClassName=Sheet4 Member=Component R23 7.5ìÎì
Added Member To Class: ClassName=Sheet4 Member=Component R24 1.8êÎì
Added Member To Class: ClassName=Sheet4 Member=Component R25 1.8êÎì
Added Member To Class: ClassName=Sheet4 Member=Component R26 10êÎì
Added Member To Class: ClassName=Sheet1 Member=Component SB1 KAN0441-0252B
Added Member To Class: ClassName=Sheet1 Member=Component SB2 KAN0441-0252B
Added Member To Class: ClassName=Sheet2 Member=Component VD1 1N5819W
Added Member To Class: ClassName=Sheet2 Member=Component VD2 1N5819W
Added Member To Class: ClassName=Sheet2 Member=Component VD3 ESDCAN24-2BLY
Added Member To Class: ClassName=Sheet2 Member=Component VD4 1N5819W
Added Member To Class: ClassName=Sheet3 Member=Component VD5 BZX384-C18
Added Member To Class: ClassName=Sheet3 Member=Component VT1 STD10PF06T4-VB
Added Member To Class: ClassName=Sheet3 Member=Component VT2 IRF7854TRPBF
Added Member To Class: ClassName=Sheet3 Member=Component VT3 IRF7854TRPBF
Added Member To Class: ClassName=Sheet3 Member=Component VT4 IRF7854TRPBF
Added Member To Class: ClassName=Sheet3 Member=Component VT5 IRF7854TRPBF
Added Member To Class: ClassName=Sheet4 Member=Component VT6 IRF7854TRPBF
Added Member To Class: ClassName=Sheet4 Member=Component VT7 IRF7854TRPBF
Added Member To Class: ClassName=Sheet4 Member=Component VT8 IRF7854TRPBF
Added Member To Class: ClassName=Sheet4 Member=Component VT9 IRF7854TRPBF
