Removed Pin From Net: NetName=NetDD5_6 Pin=R9-1
Removed Pin From Net: NetName=NetDD5_7 Pin=R11-1
Removed Member From Class: ClassName=Sheet2 Member=R13
Removed Member From Class: ClassName=Sheet2 Member=R14
Removed Member From Class: ClassName=Sheet2 Member=R15
Change Component Designator: OldDesignator=R10 NewDesignator=R9
Change Component Designator: OldDesignator=R13 NewDesignator=R10
Change Component Designator: OldDesignator=R14 NewDesignator=R11
Change Component Designator: OldDesignator=R15 NewDesignator=R12
Change Component Designator: OldDesignator=R16 NewDesignator=R13
Change Component Designator: OldDesignator=R17 NewDesignator=R14
Change Component Designator: OldDesignator=R18 NewDesignator=R15
Change Component Designator: OldDesignator=R19 NewDesignator=R16
Change Component Designator: OldDesignator=R20 NewDesignator=R17
Change Component Designator: OldDesignator=R21 NewDesignator=R18
Change Component Designator: OldDesignator=R22 NewDesignator=R19
Change Component Designator: OldDesignator=R23 NewDesignator=R20
Change Component Designator: OldDesignator=R24 NewDesignator=R21
Change Component Designator: OldDesignator=R25 NewDesignator=R22
Change Component Designator: OldDesignator=R26 NewDesignator=R23
Added Pin To Net: NetName=NetDD5_6 Pin=R9-2
Added Pin To Net: NetName=A1_3 Pin=R15-1
Added Pin To Net: NetName=NetDD7_21 Pin=R15-2
Added Pin To Net: NetName=A2_4 Pin=R20-1
Added Pin To Net: NetName=NetDD9_21 Pin=R20-2
Added Pin To Net: NetName=NetDD5_7 Pin=VD3-1
Added Pin To Net: NetName=NetDD5_6 Pin=VD3-2
Added Pin To Net: NetName=NetDD5_7 Pin=XP4-2
Added Pin To Net: NetName=NetDD5_6 Pin=XP4-3
Change Net Name : Old Net Name=NetR17_2 New Net Name=NetR14_2
