Removed Pin From Net: NetName=NetC13_2 Pin=C13-2
Removed Pin From Net: NetName=GND Pin=C40-1
Removed Pin From Net: NetName=DIR2_1 Pin=DD3-1
Removed Pin From Net: NetName=GND Pin=DD3-2
Removed Pin From Net: NetName=DIR1_1 Pin=DD3-3
Removed Pin From Net: NetName=3V3 Pin=DD3-5
Removed Pin From Net: NetName=PWM2_1 Pin=DD4-1
Removed Pin From Net: NetName=DIR2_1 Pin=DD4-2
Removed Pin From Net: NetName=PWM2_1 Pin=DD4-4
Removed Pin From Net: NetName=GND Pin=DD4-7
Removed Pin From Net: NetName=PWM1_1 Pin=DD4-9
Removed Pin From Net: NetName=PWM1_1 Pin=DD4-12
Removed Pin From Net: NetName=DIR1_1 Pin=DD4-13
Removed Pin From Net: NetName=3V3 Pin=DD4-14
Removed Pin From Net: NetName=GND Pin=DD6-5
Removed Pin From Net: NetName=GND Pin=DD6-8
Removed Pin From Net: NetName=3V3 Pin=DD6-16
Removed Pin From Net: NetName=NetDD4_8 Pin=DD8-7
Removed Pin From Net: NetName=GND Pin=DD10-1
Removed Pin From Net: NetName=NetDD4_6 Pin=DD10-7
Removed Pin From Net: NetName=NetHL1_C Pin=R1-1
Removed Pin From Net: NetName=GND Pin=R1-2
Removed Pin From Net: NetName=NetC13_2 Pin=R5-1
Removed Pin From Net: NetName=NetDD2_6 Pin=R6-2
Removed Pin From Net: NetName=NetDD2_6 Pin=R7-1
Removed Pin From Net: NetName=3V3 Pin=SB1-1
Removed Pin From Net: NetName=GND Pin=SB2-1
Removed Pin From Net: NetName=NetC13_2 Pin=SB2-2
Removed Member From Class: ClassName=Sheet2 Member=DD6
Change Component Footprint: Designator=DD4 Old Footprint=SO14 New Footprint=LQFP-64
Change Component Comment : Designator=DD4 Old Comment=74HC08D New Comment=STM32F103RBT6
Change Component Designator: OldDesignator=C5 NewDesignator=C6
Change Component Designator: OldDesignator=C6 NewDesignator=C7
Change Component Designator: OldDesignator=C7 NewDesignator=C8
Change Component Designator: OldDesignator=C8 NewDesignator=C11
Change Component Designator: OldDesignator=C9 NewDesignator=C13
Change Component Designator: OldDesignator=C10 NewDesignator=C9
Change Component Designator: OldDesignator=C11 NewDesignator=C10
Change Component Designator: OldDesignator=C13 NewDesignator=C14
Change Component Designator: OldDesignator=C14 NewDesignator=C15
Change Component Designator: OldDesignator=C15 NewDesignator=C16
Change Component Designator: OldDesignator=C16 NewDesignator=C17
Change Component Designator: OldDesignator=C17 NewDesignator=C18
Change Component Designator: OldDesignator=C18 NewDesignator=C20
Change Component Designator: OldDesignator=C20 NewDesignator=C21
Change Component Designator: OldDesignator=C21 NewDesignator=C22
Change Component Designator: OldDesignator=C22 NewDesignator=C23
Change Component Designator: OldDesignator=C23 NewDesignator=C25
Change Component Designator: OldDesignator=C24 NewDesignator=C26
Change Component Designator: OldDesignator=C25 NewDesignator=C27
Change Component Designator: OldDesignator=C26 NewDesignator=C28
Change Component Designator: OldDesignator=C27 NewDesignator=C29
Change Component Designator: OldDesignator=C28 NewDesignator=C30
Change Component Designator: OldDesignator=C29 NewDesignator=C31
Change Component Designator: OldDesignator=C30 NewDesignator=C32
Change Component Designator: OldDesignator=C31 NewDesignator=C33
Change Component Designator: OldDesignator=C32 NewDesignator=C34
Change Component Designator: OldDesignator=C33 NewDesignator=C35
Change Component Designator: OldDesignator=C34 NewDesignator=C36
Change Component Designator: OldDesignator=C35 NewDesignator=C37
Change Component Designator: OldDesignator=C36 NewDesignator=C38
Change Component Designator: OldDesignator=C37 NewDesignator=C39
Change Component Designator: OldDesignator=C38 NewDesignator=C40
Change Component Designator: OldDesignator=C39 NewDesignator=C41
Change Component Designator: OldDesignator=C40 NewDesignator=C42
Change Component Designator: OldDesignator=C41 NewDesignator=C43
Change Component Designator: OldDesignator=C42 NewDesignator=C44
Change Component Designator: OldDesignator=DD1 NewDesignator=DD3
Change Component Designator: OldDesignator=DD7 NewDesignator=DD6
Change Component Designator: OldDesignator=DD8 NewDesignator=DD7
Change Component Designator: OldDesignator=DD9 NewDesignator=DD8
Change Component Designator: OldDesignator=DD10 NewDesignator=DD9
Change Component Designator: OldDesignator=R2 NewDesignator=R1
Change Component Designator: OldDesignator=R3 NewDesignator=R2
Change Component Designator: OldDesignator=R4 NewDesignator=R3
Change Component Designator: OldDesignator=R5 NewDesignator=R4
Change Component Designator: OldDesignator=R10 NewDesignator=R12
Change Component Designator: OldDesignator=R11 NewDesignator=R10
Change Component Designator: OldDesignator=R12 NewDesignator=R11
Change Component Designator: OldDesignator=R15 NewDesignator=R16
Change Component Designator: OldDesignator=R16 NewDesignator=R17
Change Component Designator: OldDesignator=R17 NewDesignator=R18
Change Component Designator: OldDesignator=R18 NewDesignator=R19
Change Component Designator: OldDesignator=R19 NewDesignator=R20
Change Component Designator: OldDesignator=R20 NewDesignator=R21
Change Component Designator: OldDesignator=R21 NewDesignator=R22
Change Component Designator: OldDesignator=R22 NewDesignator=R23
Change Component Designator: OldDesignator=R23 NewDesignator=R24
Change Component Designator: OldDesignator=VD5 NewDesignator=VD7
Added Component: Designator=A1(SOT-223)
Added Component: Designator=C5(CAP_0603)
Add component (AddParameter): Name = "ComponentLink1Description"; Value = "New link"; VariantName = "[No Variations]"
Add component (AddParameter): Name = "ComponentLink1URL"; Value = ""; VariantName = "[No Variations]"
Add component (AddParameter): Name = "Unit_of_measurement"; Value = "Ì‘"; VariantName = "[No Variations]"
Add component (AddParameter): Name = "Value"; Value = "100"; VariantName = "[No Variations]"
Added Component: Designator=C24(CAP_0603)
Add component (AddParameter): Name = "ComponentLink1Description"; Value = "New link"; VariantName = "[No Variations]"
Add component (AddParameter): Name = "ComponentLink1URL"; Value = ""; VariantName = "[No Variations]"
Add component (AddParameter): Name = "Unit_of_measurement"; Value = "Ì‘"; VariantName = "[No Variations]"
Add component (AddParameter): Name = "Value"; Value = "100"; VariantName = "[No Variations]"
Added Component: Designator=DD1(SOT363 (SC70-6))
Added Component: Designator=DD2(SO14)
Added Component: Designator=R5(RES_0603)
Add component (AddParameter): Name = "ComponentLink1Description"; Value = "New link"; VariantName = "[No Variations]"
Add component (AddParameter): Name = "ComponentLink1URL"; Value = ""; VariantName = "[No Variations]"
Add component (AddParameter): Name = "Unit_of_measurement"; Value = " ŒÏ"; VariantName = "[No Variations]"
Add component (AddParameter): Name = "Value"; Value = "330"; VariantName = "[No Variations]"
Added Component: Designator=R15(RES_0603)
Add component (AddParameter): Name = "ComponentLink1Description"; Value = "New link"; VariantName = "[No Variations]"
Add component (AddParameter): Name = "ComponentLink1URL"; Value = ""; VariantName = "[No Variations]"
Add component (AddParameter): Name = "Unit_of_measurement"; Value = "ÍŒÏ"; VariantName = "[No Variations]"
Add component (AddParameter): Name = "Value"; Value = "100"; VariantName = "[No Variations]"
Added Component: Designator=V1(SOT23-6)
Added Component: Designator=VD5(SOD-123)
Add component (AddParameter): Name = "ComponentLink1Description"; Value = "New link"; VariantName = "[No Variations]"
Add component (AddParameter): Name = "ComponentLink1URL"; Value = ""; VariantName = "[No Variations]"
Add component (AddParameter): Name = "Unit_of_measurement"; Value = "ŒÏ"; VariantName = "[No Variations]"
Add component (AddParameter): Name = "Value"; Value = ""; VariantName = "[No Variations]"
Added Component: Designator=VD6(SOD-523)
Add component (AddParameter): Name = "ComponentLink1Description"; Value = "New link"; VariantName = "[No Variations]"
Add component (AddParameter): Name = "ComponentLink1URL"; Value = ""; VariantName = "[No Variations]"
Add component (AddParameter): Name = "Unit_of_measurement"; Value = "ŒÏ"; VariantName = "[No Variations]"
Add component (AddParameter): Name = "Value"; Value = ""; VariantName = "[No Variations]"
Added Component: Designator=XS1(USB_Mini_B_TH)
Added Pin To Net: NetName=GND Pin=A1-1
Added Pin To Net: NetName=GND Pin=C5-1
Added Pin To Net: NetName=3V3 Pin=C5-2
Added Pin To Net: NetName=NetC13_2 Pin=C13-2
Added Pin To Net: NetName=GND Pin=C24-1
Added Pin To Net: NetName=DIR2_1 Pin=DD1-1
Added Pin To Net: NetName=GND Pin=DD1-2
Added Pin To Net: NetName=DIR1_1 Pin=DD1-3
Added Pin To Net: NetName=3V3 Pin=DD1-5
Added Pin To Net: NetName=PWM2_1 Pin=DD2-1
Added Pin To Net: NetName=DIR2_1 Pin=DD2-2
Added Pin To Net: NetName=PWM2_1 Pin=DD2-4
Added Pin To Net: NetName=NetDD2_6 Pin=DD2-6
Added Pin To Net: NetName=GND Pin=DD2-7
Added Pin To Net: NetName=PWM1_1 Pin=DD2-9
Added Pin To Net: NetName=PWM1_1 Pin=DD2-12
Added Pin To Net: NetName=DIR1_1 Pin=DD2-13
Added Pin To Net: NetName=3V3 Pin=DD2-14
Added Pin To Net: NetName=3V3 Pin=DD4-1
Added Pin To Net: NetName=NetC12_2 Pin=DD4-4
Added Pin To Net: NetName=NetC14_2 Pin=DD4-5
Added Pin To Net: NetName=BRIDGESLEEP_2 Pin=DD4-10
Added Pin To Net: NetName=DRVOFF2 Pin=DD4-11
Added Pin To Net: NetName=GND Pin=DD4-12
Added Pin To Net: NetName=3V3 Pin=DD4-13
Added Pin To Net: NetName=DIR2_1 Pin=DD4-15
Added Pin To Net: NetName=CS2 Pin=DD4-16
Added Pin To Net: NetName=CS1 Pin=DD4-17
Added Pin To Net: NetName=GND Pin=DD4-18
Added Pin To Net: NetName=3V3 Pin=DD4-19
Added Pin To Net: NetName=SPI1_SS1 Pin=DD4-20
Added Pin To Net: NetName=SPI1_SCK Pin=DD4-21
Added Pin To Net: NetName=SPI1_MISO Pin=DD4-22
Added Pin To Net: NetName=SPI1_MOSI Pin=DD4-23
Added Pin To Net: NetName=SPI1_SS2 Pin=DD4-24
Added Pin To Net: NetName=SPI1_SS3 Pin=DD4-25
Added Pin To Net: NetName=SPI1_SS4 Pin=DD4-26
Added Pin To Net: NetName=DIR1_1 Pin=DD4-27
Added Pin To Net: NetName=GND Pin=DD4-31
Added Pin To Net: NetName=3V3 Pin=DD4-32
Added Pin To Net: NetName=DRVOFF1 Pin=DD4-33
Added Pin To Net: NetName=BRIDGESLEEP_1 Pin=DD4-34
Added Pin To Net: NetName=PWM1_1 Pin=DD4-37
Added Pin To Net: NetName=PWM2_1 Pin=DD4-38
Added Pin To Net: NetName=ENC1_Z_1 Pin=DD4-39
Added Pin To Net: NetName=ENC2_Z_1 Pin=DD4-40
Added Pin To Net: NetName=ENC1_CH1_1 Pin=DD4-41
Added Pin To Net: NetName=ENC1_CH2_1 Pin=DD4-42
Added Pin To Net: NetName=SWDIO_1 Pin=DD4-46
Added Pin To Net: NetName=GND Pin=DD4-47
Added Pin To Net: NetName=3V3 Pin=DD4-48
Added Pin To Net: NetName=SWCLK_1 Pin=DD4-49
Added Pin To Net: NetName=ENC2_CH1_1 Pin=DD4-50
Added Pin To Net: NetName=ENC2_CH2_1 Pin=DD4-55
Added Pin To Net: NetName=USART1_TX Pin=DD4-58
Added Pin To Net: NetName=USART1_RX Pin=DD4-59
Added Pin To Net: NetName=NetC13_2 Pin=DD4-60
Added Pin To Net: NetName=ENC1_CH1_F_1 Pin=DD4-61
Added Pin To Net: NetName=ENC2_CH1_F_1 Pin=DD4-62
Added Pin To Net: NetName=GND Pin=DD4-63
Added Pin To Net: NetName=3V3 Pin=DD4-64
Added Pin To Net: NetName=NetDD4_8 Pin=DD8-13
Added Pin To Net: NetName=NetDD2_6 Pin=DD9-7
Added Pin To Net: NetName=NetC13_2 Pin=R3-1
Added Pin To Net: NetName=NetHL1_C Pin=R5-1
Added Pin To Net: NetName=GND Pin=R5-2
Added Pin To Net: NetName=NetDD4_6 Pin=R6-2
Added Pin To Net: NetName=NetDD4_6 Pin=R7-1
Added Pin To Net: NetName=GND Pin=R15-1
Added Pin To Net: NetName=SN_3 Pin=R18-1
Added Pin To Net: NetName=SP_3 Pin=R18-2
Added Pin To Net: NetName=NetDD4_8 Pin=R21-1
Added Pin To Net: NetName=SN_4 Pin=R22-1
Added Pin To Net: NetName=SP_4 Pin=R22-2
Added Pin To Net: NetName=NetC13_2 Pin=SB1-1
Added Pin To Net: NetName=3V3 Pin=SB1-2
Added Pin To Net: NetName=GND Pin=SB2-2
Added Pin To Net: NetName=GND Pin=V1-2
Added Pin To Net: NetName=3V3 Pin=VD5-1
Added Pin To Net: NetName=GND Pin=VD6-2
Added Pin To Net: NetName=GND Pin=XS1-1
Added Pin To Net: NetName=GND Pin=XS1-6
Added Pin To Net: NetName=GND Pin=XS1-6
Change Net Name : Old Net Name=NetC10_2 New Net Name=NetC9_2
Change Net Name : Old Net Name=NetC11_2 New Net Name=NetC10_2
Change Net Name : Old Net Name=NetC14_2 New Net Name=NetC15_2
Change Net Name : Old Net Name=NetC15_2 New Net Name=NetC16_2
Change Net Name : Old Net Name=NetC16_2 New Net Name=NetC17_2
Change Net Name : Old Net Name=NetC18_2 New Net Name=NetC20_2
Change Net Name : Old Net Name=NetC26_1 New Net Name=NetC28_1
Change Net Name : Old Net Name=NetC26_2 New Net Name=NetC28_2
Change Net Name : Old Net Name=NetC27_1 New Net Name=NetC29_1
Change Net Name : Old Net Name=NetC33_1 New Net Name=NetC35_1
Change Net Name : Old Net Name=NetC34_1 New Net Name=NetC36_1
Change Net Name : Old Net Name=NetC34_2 New Net Name=NetC36_2
Change Net Name : Old Net Name=NetC37_1 New Net Name=NetC39_1
Change Net Name : Old Net Name=NetC37_2 New Net Name=NetC39_2
Change Net Name : Old Net Name=NetC38_1 New Net Name=NetC40_1
Change Net Name : Old Net Name=NetC41_1 New Net Name=NetC43_1
Change Net Name : Old Net Name=NetC42_1 New Net Name=NetC44_1
Change Net Name : Old Net Name=NetC42_2 New Net Name=NetC44_2
Change Net Name : Old Net Name=NetDD7_20 New Net Name=NetDD6_20
Change Net Name : Old Net Name=NetDD7_22 New Net Name=NetDD6_22
Change Net Name : Old Net Name=NetDD9_20 New Net Name=NetDD8_20
Change Net Name : Old Net Name=NetDD9_22 New Net Name=NetDD8_22
Change Net Name : Old Net Name=NetR16_2 New Net Name=NetR17_2
Added Pin To Net: NetName=NetA1_2 Pin=A1-2
Added Pin To Net: NetName=NetA1_2 Pin=A1-4
Added Pin To Net: NetName=NetA1_2 Pin=VD5-2
Added Net: Name=NetA1_2
Added Pin To Net: NetName=NetA1_3 Pin=A1-3
Added Pin To Net: NetName=NetA1_3 Pin=C24-2
Added Pin To Net: NetName=NetA1_3 Pin=V1-5
Added Pin To Net: NetName=NetA1_3 Pin=XS1-5
Added Net: Name=NetA1_3
Added Pin To Net: NetName=NetC11_2 Pin=C11-2
Added Pin To Net: NetName=NetC11_2 Pin=DD4-3
Added Pin To Net: NetName=NetC11_2 Pin=G1-1
Added Net: Name=NetC11_2
Added Pin To Net: NetName=NetC14_2 Pin=C14-2
Added Pin To Net: NetName=NetC14_2 Pin=DD4-7
Added Pin To Net: NetName=NetC14_2 Pin=R4-1
Added Pin To Net: NetName=NetC14_2 Pin=SB2-1
Added Net: Name=NetC14_2
Added Pin To Net: NetName=NetC42_1 Pin=C42-1
Added Pin To Net: NetName=NetC42_1 Pin=DD9-1
Added Net: Name=NetC42_1
Added Pin To Net: NetName=NetDD1_4 Pin=DD1-4
Added Pin To Net: NetName=NetDD1_4 Pin=DD2-10
Added Net: Name=NetDD1_4
Added Pin To Net: NetName=NetDD1_6 Pin=DD1-6
Added Pin To Net: NetName=NetDD1_6 Pin=DD2-5
Added Net: Name=NetDD1_6
Added Pin To Net: NetName=NetDD2_3 Pin=DD2-3
Added Pin To Net: NetName=NetDD2_3 Pin=DD8-7
Added Net: Name=NetDD2_3
Added Pin To Net: NetName=NetDD2_8 Pin=DD2-8
Added Pin To Net: NetName=NetDD2_8 Pin=DD7-7
Added Net: Name=NetDD2_8
Added Pin To Net: NetName=NetDD2_11 Pin=DD2-11
Added Pin To Net: NetName=NetDD2_11 Pin=DD6-7
Added Net: Name=NetDD2_11
Added Pin To Net: NetName=NetDD4_9 Pin=DD4-9
Added Pin To Net: NetName=NetDD4_9 Pin=DD9-13
Added Pin To Net: NetName=NetDD4_9 Pin=R24-1
Added Net: Name=NetDD4_9
Added Pin To Net: NetName=NetDD4_35 Pin=DD4-35
Added Pin To Net: NetName=NetDD4_35 Pin=DD7-13
Added Pin To Net: NetName=NetDD4_35 Pin=R20-1
Added Net: Name=NetDD4_35
Added Pin To Net: NetName=NetDD4_36 Pin=DD4-36
Added Pin To Net: NetName=NetDD4_36 Pin=DD6-13
Added Pin To Net: NetName=NetDD4_36 Pin=R16-1
Added Net: Name=NetDD4_36
Added Pin To Net: NetName=NetDD4_43 Pin=DD4-43
Added Pin To Net: NetName=NetDD4_43 Pin=R15-2
Added Pin To Net: NetName=NetDD4_43 Pin=VD6-1
Added Pin To Net: NetName=NetDD4_43 Pin=XS1-2
Added Net: Name=NetDD4_43
Added Pin To Net: NetName=NetDD4_56 Pin=DD4-56
Added Pin To Net: NetName=NetDD4_56 Pin=HL1-A
Added Net: Name=NetDD4_56
Added Pin To Net: NetName=NetDD4_57 Pin=DD4-57
Added Pin To Net: NetName=NetDD4_57 Pin=DD5-2
Added Pin To Net: NetName=NetDD4_57 Pin=DD5-3
Added Net: Name=NetDD4_57
Added Pin To Net: NetName=USB_D_N Pin=DD4-44
Added Pin To Net: NetName=USB_D_N Pin=V1-6
Added Net: Name=USB_D_N
Added Pin To Net: NetName=USB_D_P Pin=DD4-45
Added Pin To Net: NetName=USB_D_P Pin=V1-4
Added Net: Name=USB_D_P
Added Pin To Net: NetName=USB_D_UNSAFE_2_N Pin=V1-1
Added Pin To Net: NetName=USB_D_UNSAFE_2_N Pin=XS1-4
Added Net: Name=USB_D_UNSAFE_2_N
Added Pin To Net: NetName=USB_D_UNSAFE_2_P Pin=V1-3
Added Pin To Net: NetName=USB_D_UNSAFE_2_P Pin=XS1-3
Added Net: Name=USB_D_UNSAFE_2_P
Added Differential Pair: Name=USB_D_UNSAFE_2
Added Differential Pair: Name=USB_D
Added Member To Class: ClassName=Sheet2 Member=Component A1 AMS1117-3.3
Added Member To Class: ClassName=Sheet1 Member=Component C16 20Ô‘
Added Member To Class: ClassName=Sheet2 Member=Component C24 100Ì‘
Added Member To Class: ClassName=Sheet1 Member=Component DD2 74HC08D
Added Member To Class: ClassName=Sheet2 Member=Component R15 100ÍŒÏ
Added Member To Class: ClassName=Sheet2 Member=Component V1 USBLC6-2
Added Member To Class: ClassName=Sheet2 Member=Component VD5 1N5819W
Added Member To Class: ClassName=Sheet2 Member=Component VD6 ESD5Z5.0T1G
Added Member To Class: ClassName=Sheet2 Member=Component XS1 0548190519
