Removed Pin From Net: NetName=GND Pin=C19-1
Removed Pin From Net: NetName=GND Pin=C22-1
Removed Pin From Net: NetName=GND Pin=C23-2
Removed Pin From Net: NetName=ENC2_CH1_1 Pin=DD2-10
Removed Pin From Net: NetName=ENC2_CH2_1 Pin=DD2-11
Removed Pin From Net: NetName=ENC1_CH2_1 Pin=DD2-29
Removed Pin From Net: NetName=ENC1_CH1_1 Pin=DD2-30
Removed Pin From Net: NetName=ENC2_Z_1 Pin=DD2-38
Removed Pin From Net: NetName=ENC1_Z_1 Pin=DD2-39
Removed Pin From Net: NetName=DIR1_1 Pin=DD2-40
Removed Pin From Net: NetName=DRVOFF1 Pin=DD2-41
Removed Pin From Net: NetName=DIR2_1 Pin=DD2-42
Removed Pin From Net: NetName=DRVOFF2 Pin=DD2-43
Removed Pin From Net: NetName=GND Pin=DD5-2
Removed Pin From Net: NetName=3V3 Pin=DD5-3
Removed Member From Class: ClassName=Sheet2 Member=C23
Removed Member From Class: ClassName=Sheet2 Member=C24
Removed Member From Class: ClassName=Sheet2 Member=C25
Change Component Footprint: Designator=R9 Old Footprint=RES_0603 New Footprint=RES_1206
Change Component Comment : Designator=R9 Old Comment=10êÎì New Comment=10 Îì
Change Component Comment : Designator=DD5 Old Comment=SN65HVD231D New Comment=SP3485EN-L/TR
Change Component Designator: OldDesignator=C16 NewDesignator=C19
Change Component Designator: OldDesignator=C17 NewDesignator=C20
Change Component Designator: OldDesignator=C18 NewDesignator=C16
Change Component Designator: OldDesignator=C20 NewDesignator=C17
Change Component Designator: OldDesignator=C21 NewDesignator=C18
Change Component Designator: OldDesignator=C24 NewDesignator=C21
Change Component Designator: OldDesignator=C25 NewDesignator=C22
Change Component Designator: OldDesignator=C26 NewDesignator=C23
Change Component Designator: OldDesignator=C27 NewDesignator=C24
Change Component Designator: OldDesignator=C28 NewDesignator=C25
Change Component Designator: OldDesignator=C29 NewDesignator=C26
Change Component Designator: OldDesignator=C30 NewDesignator=C27
Change Component Designator: OldDesignator=C31 NewDesignator=C28
Change Component Designator: OldDesignator=C32 NewDesignator=C29
Change Component Designator: OldDesignator=C33 NewDesignator=C31
Change Component Designator: OldDesignator=C34 NewDesignator=C32
Change Component Designator: OldDesignator=C35 NewDesignator=C33
Change Component Designator: OldDesignator=C36 NewDesignator=C34
Change Component Designator: OldDesignator=C37 NewDesignator=C35
Change Component Designator: OldDesignator=C38 NewDesignator=C36
Change Component Designator: OldDesignator=C39 NewDesignator=C37
Change Component Designator: OldDesignator=C40 NewDesignator=C38
Change Component Designator: OldDesignator=C41 NewDesignator=C39
Change Component Designator: OldDesignator=C42 NewDesignator=C40
Change Component Designator: OldDesignator=C43 NewDesignator=C41
Change Component Designator: OldDesignator=C44 NewDesignator=C42
Change Component Designator: OldDesignator=R10 NewDesignator=R13
Change Component Designator: OldDesignator=R11 NewDesignator=R14
Change Component Designator: OldDesignator=R12 NewDesignator=R15
Change Component Designator: OldDesignator=R13 NewDesignator=R16
Change Component Designator: OldDesignator=R14 NewDesignator=R17
Change Component Designator: OldDesignator=R15 NewDesignator=R18
Change Component Designator: OldDesignator=R16 NewDesignator=R19
Change Component Designator: OldDesignator=R17 NewDesignator=R20
Change Component Designator: OldDesignator=R18 NewDesignator=R21
Change Component Designator: OldDesignator=R19 NewDesignator=R22
Change Component Designator: OldDesignator=R20 NewDesignator=R23
Change Component Designator: OldDesignator=R21 NewDesignator=R24
Change Component Designator: OldDesignator=R22 NewDesignator=R25
Change Component Designator: OldDesignator=R23 NewDesignator=R26
Change component parameters: Designator = "R9" ("R9"); Footprint = "RES_0603"; UniqueID = "\UNAJPMZY" ("\UNAJPMZY")
Change component parameters (AddParameter): Name = "ComponentLink1Description"; Value = "New link"; VariantName = "[No Variations]"
Change component parameters (AddParameter): Name = "ComponentLink1URL"; Value = ""; VariantName = "[No Variations]"
Change component parameters (AddParameter): Name = "Unit_of_measurement"; Value = " Îì"; VariantName = "[No Variations]"
Change component parameters (AddParameter): Name = "Value"; Value = "10"; VariantName = "[No Variations]"
Added Component: Designator=C30(CAP_1206)
Add component (AddParameter): Name = "ComponentLink1Description"; Value = "New link"; VariantName = "[No Variations]"
Add component (AddParameter): Name = "ComponentLink1URL"; Value = ""; VariantName = "[No Variations]"
Add component (AddParameter): Name = "Unit_of_measurement"; Value = "ìêÔ 50Â"; VariantName = "[No Variations]"
Add component (AddParameter): Name = "Value"; Value = "10"; VariantName = "[No Variations]"
Added Component: Designator=R10(RES_0603)
Add component (AddParameter): Name = "ComponentLink1Description"; Value = "New link"; VariantName = "[No Variations]"
Add component (AddParameter): Name = "ComponentLink1URL"; Value = ""; VariantName = "[No Variations]"
Add component (AddParameter): Name = "Unit_of_measurement"; Value = " Îì"; VariantName = "[No Variations]"
Add component (AddParameter): Name = "Value"; Value = "120"; VariantName = "[No Variations]"
Added Component: Designator=R11(RES_1206)
Add component (AddParameter): Name = "ComponentLink1Description"; Value = "New link"; VariantName = "[No Variations]"
Add component (AddParameter): Name = "ComponentLink1URL"; Value = ""; VariantName = "[No Variations]"
Add component (AddParameter): Name = "Unit_of_measurement"; Value = " Îì"; VariantName = "[No Variations]"
Add component (AddParameter): Name = "Value"; Value = "10"; VariantName = "[No Variations]"
Added Component: Designator=R12(RES_0603)
Add component (AddParameter): Name = "ComponentLink1Description"; Value = "New link"; VariantName = "[No Variations]"
Add component (AddParameter): Name = "ComponentLink1URL"; Value = ""; VariantName = "[No Variations]"
Add component (AddParameter): Name = "Unit_of_measurement"; Value = " Îì"; VariantName = "[No Variations]"
Add component (AddParameter): Name = "Value"; Value = "0"; VariantName = "[No Variations]"
Added Pin To Net: NetName=GND Pin=C30-1
Added Pin To Net: NetName=VPVDD Pin=C30-2
Added Pin To Net: NetName=DIR1_1 Pin=DD2-10
Added Pin To Net: NetName=DIR2_1 Pin=DD2-11
Added Pin To Net: NetName=ENC1_CH1_1 Pin=DD2-29
Added Pin To Net: NetName=ENC1_CH2_1 Pin=DD2-30
Added Pin To Net: NetName=ENC1_Z_1 Pin=DD2-31
Added Pin To Net: NetName=ENC2_Z_1 Pin=DD2-32
Added Pin To Net: NetName=DRVOFF1 Pin=DD2-33
Added Pin To Net: NetName=ENC2_CH1_1 Pin=DD2-38
Added Pin To Net: NetName=ENC2_CH2_1 Pin=DD2-39
Added Pin To Net: NetName=DRVOFF2 Pin=DD2-40
Added Pin To Net: NetName=GND Pin=DD5-5
Added Pin To Net: NetName=3V3 Pin=DD5-8
Added Pin To Net: NetName=SN_3 Pin=R18-1
Added Pin To Net: NetName=SP_3 Pin=R18-2
Added Pin To Net: NetName=SN_4 Pin=R23-1
Added Pin To Net: NetName=SP_4 Pin=R23-2
Change Net Name : Old Net Name=3V3 New Net Name=VBAT
Change Net Name : Old Net Name=BRIDGESLEEP_1 New Net Name=BRIDGESLEEP_2
Change Net Name : Old Net Name=BRIDGESLEEP_2 New Net Name=BRIDGESLEEP_1
Change Net Name : Old Net Name=FAULT_A New Net Name=FAULT_B
Change Net Name : Old Net Name=FAULT_B New Net Name=FAULT_A
Change Net Name : Old Net Name=GND New Net Name=SL1
Change Net Name : Old Net Name=NetC18_2 New Net Name=NetC16_2
Change Net Name : Old Net Name=NetC21_2 New Net Name=NetC18_2
Change Net Name : Old Net Name=NetC29_1 New Net Name=NetC26_1
Change Net Name : Old Net Name=NetC29_2 New Net Name=NetC26_2
Change Net Name : Old Net Name=NetC30_1 New Net Name=NetC27_1
Change Net Name : Old Net Name=NetC35_1 New Net Name=NetC33_1
Change Net Name : Old Net Name=NetC36_1 New Net Name=NetC34_1
Change Net Name : Old Net Name=NetC36_2 New Net Name=NetC34_2
Change Net Name : Old Net Name=NetC39_1 New Net Name=NetC37_1
Change Net Name : Old Net Name=NetC39_2 New Net Name=NetC37_2
Change Net Name : Old Net Name=NetC40_1 New Net Name=NetC38_1
Change Net Name : Old Net Name=NetC43_1 New Net Name=NetC41_1
Change Net Name : Old Net Name=NetC44_1 New Net Name=NetC42_1
Change Net Name : Old Net Name=NetC44_2 New Net Name=NetC42_2
Change Net Name : Old Net Name=NetR14_2 New Net Name=NetR17_2
Change Net Name : Old Net Name=VPVDD New Net Name=DRAIN
Added Pin To Net: NetName=NetDD5_6 Pin=DD5-6
Added Pin To Net: NetName=NetDD5_6 Pin=R9-1
Added Net: Name=NetDD5_6
Added Pin To Net: NetName=NetDD5_7 Pin=DD5-7
Added Pin To Net: NetName=NetDD5_7 Pin=R10-1
Added Pin To Net: NetName=NetDD5_7 Pin=R11-1
Added Net: Name=NetDD5_7
Added Pin To Net: NetName=NetR9_2 Pin=R9-2
Added Pin To Net: NetName=NetR9_2 Pin=R12-2
Added Pin To Net: NetName=NetR9_2 Pin=VD3-2
Added Pin To Net: NetName=NetR9_2 Pin=XP4-3
Added Net: Name=NetR9_2
Added Pin To Net: NetName=NetR10_2 Pin=R10-2
Added Pin To Net: NetName=NetR10_2 Pin=R12-1
Added Net: Name=NetR10_2
Added Pin To Net: NetName=NetR11_2 Pin=R11-2
Added Pin To Net: NetName=NetR11_2 Pin=VD3-1
Added Pin To Net: NetName=NetR11_2 Pin=XP4-2
Added Net: Name=NetR11_2
Added Pin To Net: NetName=RS485_Ctrl Pin=DD2-41
Added Pin To Net: NetName=RS485_Ctrl Pin=DD5-2
Added Pin To Net: NetName=RS485_Ctrl Pin=DD5-3
Added Net: Name=RS485_Ctrl
Added Pin To Net: NetName=USART1_RX Pin=DD2-43
Added Pin To Net: NetName=USART1_RX Pin=DD5-1
Added Net: Name=USART1_RX
Added Pin To Net: NetName=USART1_TX Pin=DD2-42
Added Pin To Net: NetName=USART1_TX Pin=DD5-4
Added Net: Name=USART1_TX
Added Member To Class: ClassName=Sheet3 Member=Component C30 10ìêÔ 50Â
Added Member To Class: ClassName=Sheet2 Member=Component R13 8.2êÎì 1%
Added Member To Class: ClassName=Sheet2 Member=Component R14 5êÎì 1%
Added Member To Class: ClassName=Sheet2 Member=Component R15 0.2Îì 1%
Added Rule: Name=Schematic Supply Nets
Added Rule: Name=Schematic Supply Nets_1
Added Rule: Name=Schematic Supply Nets_2
