Add Component: Footprint Not Found CAP_0603
Add Component: Footprint Not Found CAP_0603
Add Component: Footprint Not Found CAP_0603
Add Component: Footprint Not Found CAP_0603
Add Component: Footprint Not Found CAP_0603
Add Component: Footprint Not Found TECAP_A
Add Component: Footprint Not Found TECAP_A
Add Component: Footprint Not Found CAP_0603
Add Component: Footprint Not Found CAP_0603
Add Component: Footprint Not Found CAP_0603
Add Component: Footprint Not Found CAP_0603
Add Component: Footprint Not Found CAP_0603
Add Component: Footprint Not Found CAP_0603
Add Component: Footprint Not Found CAP_0603
Add Component: Footprint Not Found CAP_0603
Add Component: Footprint Not Found CAP_0603
Add Component: Footprint Not Found TECAP_A
Add Component: Footprint Not Found CAP_1206
Add Component: Footprint Not Found CAP_0603
Add Component: Footprint Not Found CAP_1206
Add Component: Footprint Not Found CAP_0603
Add Component: Footprint Not Found CAP_0603
Add Component: Footprint Not Found CAP_0603
Add Component: Footprint Not Found CAP_1206
Add Component: Footprint Not Found CAP_1206
Add Component: Footprint Not Found CAP_0603
Add Component: Footprint Not Found CAP_0603
Add Component: Footprint Not Found CAP_0603
Add Component: Footprint Not Found CAP_0603
Add Component: Footprint Not Found CAP_0603
Add Component: Footprint Not Found CAP_1206
Add Component: Footprint Not Found CAP_1206
Add Component: Footprint Not Found CAP_0603
Add Component: Footprint Not Found CAP_0603
Add Component: Footprint Not Found CAP_0603
Add Component: Footprint Not Found CAP_0603
Add Component: Footprint Not Found CAP_0603
Add Component: Footprint Not Found CAP_0603
Add Component: Footprint Not Found CAP_0603
Add Component: Footprint Not Found CAP_0603
Add Component: Footprint Not Found CAP_0603
Add Component: Footprint Not Found CAP_0603
Add Component: Footprint Not Found CAP_0603
Add Component: Footprint Not Found CAP_0603
Add Component: Footprint Not Found SOP-8 WithoutTP
Add Component: Footprint Not Found SOT23-6
Add Component: Footprint Not Found LQFP-48
Add Component: Footprint Not Found SOT363 (SC70-6)
Add Component: Footprint Not Found SO14
Add Component: Footprint Not Found SOIC-8 WIthoutTP
Add Component: Footprint Not Found VQFN32
Add Component: Footprint Not Found VQFN32
Add Component: Footprint Not Found VQFN32
Add Component: Footprint Not Found VQFN32
Add Component: Footprint Not Found Fuse 5x20
Add Component: Footprint Not Found FC-135R
Add Component: Footprint Not Found HC-49SM
Add Component: Footprint Not Found LED_0805
Add Component: Footprint Not Found LED_0805
Add Component: Footprint Not Found LED_0805
Add Component: Footprint Not Found LED_0805
Add Component: Footprint Not Found LED_0805
Add Component: Footprint Not Found LED_0805
Add Component: Footprint Not Found CD54
Add Component: Footprint Not Found RES_0603
Add Component: Footprint Not Found RES_0603
Add Component: Footprint Not Found RES_0603
Add Component: Footprint Not Found RES_0603
Add Component: Footprint Not Found RES_0603
Add Component: Footprint Not Found RES_0603
Add Component: Footprint Not Found RES_0603
Add Component: Footprint Not Found RES_0603
Add Component: Footprint Not Found RES_0603
Add Component: Footprint Not Found RES_0603
Add Component: Footprint Not Found RES_0603
Add Component: Footprint Not Found RES_2512
Add Component: Footprint Not Found RES_0603
Add Component: Footprint Not Found RES_0603
Add Component: Footprint Not Found RES_2512
Add Component: Footprint Not Found RES_2512
Add Component: Footprint Not Found RES_2512
Add Component: Footprint Not Found RES_0603
Add Component: Footprint Not Found RES_0603
Add Component: Footprint Not Found RES_2512
Add Component: Footprint Not Found RES_2512
Add Component: Footprint Not Found RES_2512
Add Component: Footprint Not Found RES_0603
Add Component: Footprint Not Found SPDT 1P2T
Add Component: Footprint Not Found SMD-BUTTON_6x3.5
Add Component: Footprint Not Found SMD-BUTTON_6x3.5
Add Component: Footprint Not Found SOD-123
Add Component: Footprint Not Found SOD-123
Add Component: Footprint Not Found SOT23
Add Component: Footprint Not Found SOD-123
Add Component: Footprint Not Found SOD-323
Add Component: Footprint Not Found DPAK_TO252
Add Component: Footprint Not Found SOP-8 WithoutTP
Add Component: Footprint Not Found SOP-8 WithoutTP
Add Component: Footprint Not Found SOP-8 WithoutTP
Add Component: Footprint Not Found SOP-8 WithoutTP
Add Component: Footprint Not Found SOP-8 WithoutTP
Add Component: Footprint Not Found SOP-8 WithoutTP
Add Component: Footprint Not Found SOP-8 WithoutTP
Add Component: Footprint Not Found SOP-8 WithoutTP
Add Component: Footprint Not Found S5B-PH-K-S
Add Component: Footprint Not Found S5B-PH-K-S
Add Component: Footprint Not Found S4B-ZR
Add Component: Footprint Not Found S4B-ZR
Add Component: Footprint Not Found XT30PW-M
Add Component: Footprint Not Found XT30PW-M
Add Component: Footprint Not Found XT30PW-M
Add Pin To Net: Unknown Pin: Pin C1-1
Add Pin To Net: Unknown Pin: Pin C1-2
Add Pin To Net: Unknown Pin: Pin C2-1
Add Pin To Net: Unknown Pin: Pin C2-2
Add Pin To Net: Unknown Pin: Pin C3-1
Add Pin To Net: Unknown Pin: Pin C3-2
Add Pin To Net: Unknown Pin: Pin C4-1
Add Pin To Net: Unknown Pin: Pin C4-2
Add Pin To Net: Unknown Pin: Pin C5-1
Add Pin To Net: Unknown Pin: Pin C5-2
Add Pin To Net: Unknown Pin: Pin C6-1
Add Pin To Net: Unknown Pin: Pin C6-2
Add Pin To Net: Unknown Pin: Pin C7-1
Add Pin To Net: Unknown Pin: Pin C7-2
Add Pin To Net: Unknown Pin: Pin C8-1
Add Pin To Net: Unknown Pin: Pin C8-2
Add Pin To Net: Unknown Pin: Pin C9-1
Add Pin To Net: Unknown Pin: Pin C9-2
Add Pin To Net: Unknown Pin: Pin C10-1
Add Pin To Net: Unknown Pin: Pin C10-2
Add Pin To Net: Unknown Pin: Pin C11-1
Add Pin To Net: Unknown Pin: Pin C11-2
Add Pin To Net: Unknown Pin: Pin C12-1
Add Pin To Net: Unknown Pin: Pin C12-2
Add Pin To Net: Unknown Pin: Pin C13-1
Add Pin To Net: Unknown Pin: Pin C13-2
Add Pin To Net: Unknown Pin: Pin C14-1
Add Pin To Net: Unknown Pin: Pin C14-2
Add Pin To Net: Unknown Pin: Pin C15-1
Add Pin To Net: Unknown Pin: Pin C15-2
Add Pin To Net: Unknown Pin: Pin C16-1
Add Pin To Net: Unknown Pin: Pin C16-2
Add Pin To Net: Unknown Pin: Pin C17-1
Add Pin To Net: Unknown Pin: Pin C17-2
Add Pin To Net: Unknown Pin: Pin C18-1
Add Pin To Net: Unknown Pin: Pin C18-2
Add Pin To Net: Unknown Pin: Pin C19-1
Add Pin To Net: Unknown Pin: Pin C19-2
Add Pin To Net: Unknown Pin: Pin C20-1
Add Pin To Net: Unknown Pin: Pin C20-2
Add Pin To Net: Unknown Pin: Pin C21-1
Add Pin To Net: Unknown Pin: Pin C21-2
Add Pin To Net: Unknown Pin: Pin C22-1
Add Pin To Net: Unknown Pin: Pin C22-2
Add Pin To Net: Unknown Pin: Pin C23-1
Add Pin To Net: Unknown Pin: Pin C23-2
Add Pin To Net: Unknown Pin: Pin C24-1
Add Pin To Net: Unknown Pin: Pin C24-2
Add Pin To Net: Unknown Pin: Pin C25-1
Add Pin To Net: Unknown Pin: Pin C25-2
Add Pin To Net: Unknown Pin: Pin C26-1
Add Pin To Net: Unknown Pin: Pin C26-2
Add Pin To Net: Unknown Pin: Pin C27-1
Add Pin To Net: Unknown Pin: Pin C27-2
Add Pin To Net: Unknown Pin: Pin C28-1
Add Pin To Net: Unknown Pin: Pin C28-2
Add Pin To Net: Unknown Pin: Pin C29-1
Add Pin To Net: Unknown Pin: Pin C29-2
Add Pin To Net: Unknown Pin: Pin C30-1
Add Pin To Net: Unknown Pin: Pin C30-2
Add Pin To Net: Unknown Pin: Pin C31-1
Add Pin To Net: Unknown Pin: Pin C31-2
Add Pin To Net: Unknown Pin: Pin C32-1
Add Pin To Net: Unknown Pin: Pin C32-2
Add Pin To Net: Unknown Pin: Pin C33-1
Add Pin To Net: Unknown Pin: Pin C33-2
Add Pin To Net: Unknown Pin: Pin C34-1
Add Pin To Net: Unknown Pin: Pin C34-2
Add Pin To Net: Unknown Pin: Pin C35-1
Add Pin To Net: Unknown Pin: Pin C35-2
Add Pin To Net: Unknown Pin: Pin C36-1
Add Pin To Net: Unknown Pin: Pin C36-2
Add Pin To Net: Unknown Pin: Pin C37-1
Add Pin To Net: Unknown Pin: Pin C37-2
Add Pin To Net: Unknown Pin: Pin C38-1
Add Pin To Net: Unknown Pin: Pin C38-2
Add Pin To Net: Unknown Pin: Pin C39-1
Add Pin To Net: Unknown Pin: Pin C39-2
Add Pin To Net: Unknown Pin: Pin C40-1
Add Pin To Net: Unknown Pin: Pin C40-2
Add Pin To Net: Unknown Pin: Pin C41-1
Add Pin To Net: Unknown Pin: Pin C41-2
Add Pin To Net: Unknown Pin: Pin C42-1
Add Pin To Net: Unknown Pin: Pin C42-2
Add Pin To Net: Unknown Pin: Pin C43-1
Add Pin To Net: Unknown Pin: Pin C43-2
Add Pin To Net: Unknown Pin: Pin C44-1
Add Pin To Net: Unknown Pin: Pin C44-2
Add Pin To Net: Unknown Pin: Pin DA1-1
Add Pin To Net: Unknown Pin: Pin DA1-2
Add Pin To Net: Unknown Pin: Pin DA1-3
Add Pin To Net: Unknown Pin: Pin DA1-4
Add Pin To Net: Unknown Pin: Pin DA1-5
Add Pin To Net: Unknown Pin: Pin DA1-6
Add Pin To Net: Unknown Pin: Pin DA1-7
Add Pin To Net: Unknown Pin: Pin DA1-8
Add Pin To Net: Unknown Pin: Pin DD1-1
Add Pin To Net: Unknown Pin: Pin DD1-2
Add Pin To Net: Unknown Pin: Pin DD1-3
Add Pin To Net: Unknown Pin: Pin DD1-4
Add Pin To Net: Unknown Pin: Pin DD1-5
Add Pin To Net: Unknown Pin: Pin DD1-6
Add Pin To Net: Unknown Pin: Pin DD2-1
Add Pin To Net: Unknown Pin: Pin DD2-2
Add Pin To Net: Unknown Pin: Pin DD2-3
Add Pin To Net: Unknown Pin: Pin DD2-4
Add Pin To Net: Unknown Pin: Pin DD2-5
Add Pin To Net: Unknown Pin: Pin DD2-6
Add Pin To Net: Unknown Pin: Pin DD2-7
Add Pin To Net: Unknown Pin: Pin DD2-8
Add Pin To Net: Unknown Pin: Pin DD2-9
Add Pin To Net: Unknown Pin: Pin DD2-10
Add Pin To Net: Unknown Pin: Pin DD2-11
Add Pin To Net: Unknown Pin: Pin DD2-12
Add Pin To Net: Unknown Pin: Pin DD2-13
Add Pin To Net: Unknown Pin: Pin DD2-14
Add Pin To Net: Unknown Pin: Pin DD2-15
Add Pin To Net: Unknown Pin: Pin DD2-16
Add Pin To Net: Unknown Pin: Pin DD2-17
Add Pin To Net: Unknown Pin: Pin DD2-18
Add Pin To Net: Unknown Pin: Pin DD2-19
Add Pin To Net: Unknown Pin: Pin DD2-20
Add Pin To Net: Unknown Pin: Pin DD2-21
Add Pin To Net: Unknown Pin: Pin DD2-22
Add Pin To Net: Unknown Pin: Pin DD2-23
Add Pin To Net: Unknown Pin: Pin DD2-24
Add Pin To Net: Unknown Pin: Pin DD2-25
Add Pin To Net: Unknown Pin: Pin DD2-26
Add Pin To Net: Unknown Pin: Pin DD2-27
Add Pin To Net: Unknown Pin: Pin DD2-28
Add Pin To Net: Unknown Pin: Pin DD2-29
Add Pin To Net: Unknown Pin: Pin DD2-30
Add Pin To Net: Unknown Pin: Pin DD2-31
Add Pin To Net: Unknown Pin: Pin DD2-32
Add Pin To Net: Unknown Pin: Pin DD2-33
Add Pin To Net: Unknown Pin: Pin DD2-34
Add Pin To Net: Unknown Pin: Pin DD2-35
Add Pin To Net: Unknown Pin: Pin DD2-36
Add Pin To Net: Unknown Pin: Pin DD2-37
Add Pin To Net: Unknown Pin: Pin DD2-38
Add Pin To Net: Unknown Pin: Pin DD2-39
Add Pin To Net: Unknown Pin: Pin DD2-40
Add Pin To Net: Unknown Pin: Pin DD2-41
Add Pin To Net: Unknown Pin: Pin DD2-42
Add Pin To Net: Unknown Pin: Pin DD2-43
Add Pin To Net: Unknown Pin: Pin DD2-44
Add Pin To Net: Unknown Pin: Pin DD2-45
Add Pin To Net: Unknown Pin: Pin DD2-46
Add Pin To Net: Unknown Pin: Pin DD2-47
Add Pin To Net: Unknown Pin: Pin DD2-48
Add Pin To Net: Unknown Pin: Pin DD3-1
Add Pin To Net: Unknown Pin: Pin DD3-2
Add Pin To Net: Unknown Pin: Pin DD3-3
Add Pin To Net: Unknown Pin: Pin DD3-4
Add Pin To Net: Unknown Pin: Pin DD3-5
Add Pin To Net: Unknown Pin: Pin DD3-6
Add Pin To Net: Unknown Pin: Pin DD4-1
Add Pin To Net: Unknown Pin: Pin DD4-2
Add Pin To Net: Unknown Pin: Pin DD4-3
Add Pin To Net: Unknown Pin: Pin DD4-4
Add Pin To Net: Unknown Pin: Pin DD4-5
Add Pin To Net: Unknown Pin: Pin DD4-6
Add Pin To Net: Unknown Pin: Pin DD4-7
Add Pin To Net: Unknown Pin: Pin DD4-8
Add Pin To Net: Unknown Pin: Pin DD4-9
Add Pin To Net: Unknown Pin: Pin DD4-10
Add Pin To Net: Unknown Pin: Pin DD4-11
Add Pin To Net: Unknown Pin: Pin DD4-12
Add Pin To Net: Unknown Pin: Pin DD4-14
Add Pin To Net: Unknown Pin: Pin DD5-1
Add Pin To Net: Unknown Pin: Pin DD5-2
Add Pin To Net: Unknown Pin: Pin DD5-3
Add Pin To Net: Unknown Pin: Pin DD5-4
Add Pin To Net: Unknown Pin: Pin DD5-6
Add Pin To Net: Unknown Pin: Pin DD5-7
Add Pin To Net: Unknown Pin: Pin DD5-8
Add Pin To Net: Unknown Pin: Pin DD6-0
Add Pin To Net: Unknown Pin: Pin DD6-1
Add Pin To Net: Unknown Pin: Pin DD6-2
Add Pin To Net: Unknown Pin: Pin DD6-8
Add Pin To Net: Unknown Pin: Pin DD6-11
Add Pin To Net: Unknown Pin: Pin DD6-12
Add Pin To Net: Unknown Pin: Pin DD6-13
Add Pin To Net: Unknown Pin: Pin DD6-14
Add Pin To Net: Unknown Pin: Pin DD6-15
Add Pin To Net: Unknown Pin: Pin DD6-16
Add Pin To Net: Unknown Pin: Pin DD6-17
Add Pin To Net: Unknown Pin: Pin DD6-18
Add Pin To Net: Unknown Pin: Pin DD6-19
Add Pin To Net: Unknown Pin: Pin DD6-20
Add Pin To Net: Unknown Pin: Pin DD6-21
Add Pin To Net: Unknown Pin: Pin DD6-22
Add Pin To Net: Unknown Pin: Pin DD6-23
Add Pin To Net: Unknown Pin: Pin DD6-28
Add Pin To Net: Unknown Pin: Pin DD6-29
Add Pin To Net: Unknown Pin: Pin DD6-30
Add Pin To Net: Unknown Pin: Pin DD6-31
Add Pin To Net: Unknown Pin: Pin DD6-32
Add Pin To Net: Unknown Pin: Pin DD7-0
Add Pin To Net: Unknown Pin: Pin DD7-1
Add Pin To Net: Unknown Pin: Pin DD7-2
Add Pin To Net: Unknown Pin: Pin DD7-4
Add Pin To Net: Unknown Pin: Pin DD7-5
Add Pin To Net: Unknown Pin: Pin DD7-6
Add Pin To Net: Unknown Pin: Pin DD7-8
Add Pin To Net: Unknown Pin: Pin DD7-11
Add Pin To Net: Unknown Pin: Pin DD7-12
Add Pin To Net: Unknown Pin: Pin DD7-13
Add Pin To Net: Unknown Pin: Pin DD7-14
Add Pin To Net: Unknown Pin: Pin DD7-15
Add Pin To Net: Unknown Pin: Pin DD7-16
Add Pin To Net: Unknown Pin: Pin DD7-17
Add Pin To Net: Unknown Pin: Pin DD7-18
Add Pin To Net: Unknown Pin: Pin DD7-19
Add Pin To Net: Unknown Pin: Pin DD7-20
Add Pin To Net: Unknown Pin: Pin DD7-21
Add Pin To Net: Unknown Pin: Pin DD7-22
Add Pin To Net: Unknown Pin: Pin DD7-23
Add Pin To Net: Unknown Pin: Pin DD7-28
Add Pin To Net: Unknown Pin: Pin DD7-29
Add Pin To Net: Unknown Pin: Pin DD7-30
Add Pin To Net: Unknown Pin: Pin DD7-31
Add Pin To Net: Unknown Pin: Pin DD7-32
Add Pin To Net: Unknown Pin: Pin DD8-0
Add Pin To Net: Unknown Pin: Pin DD8-1
Add Pin To Net: Unknown Pin: Pin DD8-2
Add Pin To Net: Unknown Pin: Pin DD8-4
Add Pin To Net: Unknown Pin: Pin DD8-5
Add Pin To Net: Unknown Pin: Pin DD8-6
Add Pin To Net: Unknown Pin: Pin DD8-8
Add Pin To Net: Unknown Pin: Pin DD8-11
Add Pin To Net: Unknown Pin: Pin DD8-12
Add Pin To Net: Unknown Pin: Pin DD8-13
Add Pin To Net: Unknown Pin: Pin DD8-14
Add Pin To Net: Unknown Pin: Pin DD8-15
Add Pin To Net: Unknown Pin: Pin DD8-16
Add Pin To Net: Unknown Pin: Pin DD8-17
Add Pin To Net: Unknown Pin: Pin DD8-20
Add Pin To Net: Unknown Pin: Pin DD8-21
Add Pin To Net: Unknown Pin: Pin DD8-22
Add Pin To Net: Unknown Pin: Pin DD8-23
Add Pin To Net: Unknown Pin: Pin DD8-28
Add Pin To Net: Unknown Pin: Pin DD8-29
Add Pin To Net: Unknown Pin: Pin DD8-30
Add Pin To Net: Unknown Pin: Pin DD8-31
Add Pin To Net: Unknown Pin: Pin DD8-32
Add Pin To Net: Unknown Pin: Pin DD9-0
Add Pin To Net: Unknown Pin: Pin DD9-1
Add Pin To Net: Unknown Pin: Pin DD9-2
Add Pin To Net: Unknown Pin: Pin DD9-4
Add Pin To Net: Unknown Pin: Pin DD9-5
Add Pin To Net: Unknown Pin: Pin DD9-6
Add Pin To Net: Unknown Pin: Pin DD9-8
Add Pin To Net: Unknown Pin: Pin DD9-11
Add Pin To Net: Unknown Pin: Pin DD9-12
Add Pin To Net: Unknown Pin: Pin DD9-13
Add Pin To Net: Unknown Pin: Pin DD9-14
Add Pin To Net: Unknown Pin: Pin DD9-15
Add Pin To Net: Unknown Pin: Pin DD9-16
Add Pin To Net: Unknown Pin: Pin DD9-17
Add Pin To Net: Unknown Pin: Pin DD9-21
Add Pin To Net: Unknown Pin: Pin DD9-23
Add Pin To Net: Unknown Pin: Pin DD9-28
Add Pin To Net: Unknown Pin: Pin DD9-29
Add Pin To Net: Unknown Pin: Pin DD9-30
Add Pin To Net: Unknown Pin: Pin DD9-31
Add Pin To Net: Unknown Pin: Pin DD9-32
Add Pin To Net: Unknown Pin: Pin F1-1
Add Pin To Net: Unknown Pin: Pin F1-2
Add Pin To Net: Unknown Pin: Pin G1-1
Add Pin To Net: Unknown Pin: Pin G1-2
Add Pin To Net: Unknown Pin: Pin G2-1
Add Pin To Net: Unknown Pin: Pin G2-2
Add Pin To Net: Unknown Pin: Pin HL1-A
Add Pin To Net: Unknown Pin: Pin HL1-C
Add Pin To Net: Unknown Pin: Pin HL2-A
Add Pin To Net: Unknown Pin: Pin HL2-C
Add Pin To Net: Unknown Pin: Pin HL3-A
Add Pin To Net: Unknown Pin: Pin HL3-C
Add Pin To Net: Unknown Pin: Pin HL4-A
Add Pin To Net: Unknown Pin: Pin HL4-C
Add Pin To Net: Unknown Pin: Pin HL5-A
Add Pin To Net: Unknown Pin: Pin HL5-C
Add Pin To Net: Unknown Pin: Pin HL6-A
Add Pin To Net: Unknown Pin: Pin HL6-C
Add Pin To Net: Unknown Pin: Pin L1-1
Add Pin To Net: Unknown Pin: Pin L1-2
Add Pin To Net: Unknown Pin: Pin R1-1
Add Pin To Net: Unknown Pin: Pin R1-2
Add Pin To Net: Unknown Pin: Pin R2-1
Add Pin To Net: Unknown Pin: Pin R2-2
Add Pin To Net: Unknown Pin: Pin R3-1
Add Pin To Net: Unknown Pin: Pin R3-2
Add Pin To Net: Unknown Pin: Pin R4-1
Add Pin To Net: Unknown Pin: Pin R4-2
Add Pin To Net: Unknown Pin: Pin R5-1
Add Pin To Net: Unknown Pin: Pin R5-2
Add Pin To Net: Unknown Pin: Pin R6-1
Add Pin To Net: Unknown Pin: Pin R6-2
Add Pin To Net: Unknown Pin: Pin R7-1
Add Pin To Net: Unknown Pin: Pin R7-2
Add Pin To Net: Unknown Pin: Pin R8-1
Add Pin To Net: Unknown Pin: Pin R8-2
Add Pin To Net: Unknown Pin: Pin R9-1
Add Pin To Net: Unknown Pin: Pin R9-2
Add Pin To Net: Unknown Pin: Pin R10-1
Add Pin To Net: Unknown Pin: Pin R10-2
Add Pin To Net: Unknown Pin: Pin R11-1
Add Pin To Net: Unknown Pin: Pin R11-2
Add Pin To Net: Unknown Pin: Pin R12-1
Add Pin To Net: Unknown Pin: Pin R12-2
Add Pin To Net: Unknown Pin: Pin R13-1
Add Pin To Net: Unknown Pin: Pin R13-2
Add Pin To Net: Unknown Pin: Pin R14-1
Add Pin To Net: Unknown Pin: Pin R14-2
Add Pin To Net: Unknown Pin: Pin R15-1
Add Pin To Net: Unknown Pin: Pin R15-1
Add Pin To Net: Unknown Pin: Pin R15-2
Add Pin To Net: Unknown Pin: Pin R15-2
Add Pin To Net: Unknown Pin: Pin R16-1
Add Pin To Net: Unknown Pin: Pin R16-2
Add Pin To Net: Unknown Pin: Pin R17-1
Add Pin To Net: Unknown Pin: Pin R17-2
Add Pin To Net: Unknown Pin: Pin R18-1
Add Pin To Net: Unknown Pin: Pin R18-2
Add Pin To Net: Unknown Pin: Pin R19-1
Add Pin To Net: Unknown Pin: Pin R19-2
Add Pin To Net: Unknown Pin: Pin R20-1
Add Pin To Net: Unknown Pin: Pin R20-2
Add Pin To Net: Unknown Pin: Pin R21-1
Add Pin To Net: Unknown Pin: Pin R21-2
Add Pin To Net: Unknown Pin: Pin R22-1
Add Pin To Net: Unknown Pin: Pin R22-2
Add Pin To Net: Unknown Pin: Pin R23-1
Add Pin To Net: Unknown Pin: Pin R23-2
Add Pin To Net: Unknown Pin: Pin SA1-1
Add Pin To Net: Unknown Pin: Pin SA1-2
Add Pin To Net: Unknown Pin: Pin SB1-1
Add Pin To Net: Unknown Pin: Pin SB1-2
Add Pin To Net: Unknown Pin: Pin SB2-1
Add Pin To Net: Unknown Pin: Pin SB2-2
Add Pin To Net: Unknown Pin: Pin VD1-1
Add Pin To Net: Unknown Pin: Pin VD1-2
Add Pin To Net: Unknown Pin: Pin VD2-1
Add Pin To Net: Unknown Pin: Pin VD2-2
Add Pin To Net: Unknown Pin: Pin VD3-1
Add Pin To Net: Unknown Pin: Pin VD3-2
Add Pin To Net: Unknown Pin: Pin VD3-3
Add Pin To Net: Unknown Pin: Pin VD4-1
Add Pin To Net: Unknown Pin: Pin VD4-2
Add Pin To Net: Unknown Pin: Pin VD5-1
Add Pin To Net: Unknown Pin: Pin VD5-2
Add Pin To Net: Unknown Pin: Pin VT1-1
Add Pin To Net: Unknown Pin: Pin VT1-3
Add Pin To Net: Unknown Pin: Pin VT1-4
Add Pin To Net: Unknown Pin: Pin VT2-1
Add Pin To Net: Unknown Pin: Pin VT2-2
Add Pin To Net: Unknown Pin: Pin VT2-3
Add Pin To Net: Unknown Pin: Pin VT2-4
Add Pin To Net: Unknown Pin: Pin VT2-5
Add Pin To Net: Unknown Pin: Pin VT2-6
Add Pin To Net: Unknown Pin: Pin VT2-7
Add Pin To Net: Unknown Pin: Pin VT2-8
Add Pin To Net: Unknown Pin: Pin VT3-1
Add Pin To Net: Unknown Pin: Pin VT3-2
Add Pin To Net: Unknown Pin: Pin VT3-3
Add Pin To Net: Unknown Pin: Pin VT3-4
Add Pin To Net: Unknown Pin: Pin VT3-5
Add Pin To Net: Unknown Pin: Pin VT3-6
Add Pin To Net: Unknown Pin: Pin VT3-7
Add Pin To Net: Unknown Pin: Pin VT3-8
Add Pin To Net: Unknown Pin: Pin VT4-1
Add Pin To Net: Unknown Pin: Pin VT4-2
Add Pin To Net: Unknown Pin: Pin VT4-3
Add Pin To Net: Unknown Pin: Pin VT4-4
Add Pin To Net: Unknown Pin: Pin VT4-5
Add Pin To Net: Unknown Pin: Pin VT4-6
Add Pin To Net: Unknown Pin: Pin VT4-7
Add Pin To Net: Unknown Pin: Pin VT4-8
Add Pin To Net: Unknown Pin: Pin VT5-1
Add Pin To Net: Unknown Pin: Pin VT5-2
Add Pin To Net: Unknown Pin: Pin VT5-3
Add Pin To Net: Unknown Pin: Pin VT5-4
Add Pin To Net: Unknown Pin: Pin VT5-5
Add Pin To Net: Unknown Pin: Pin VT5-6
Add Pin To Net: Unknown Pin: Pin VT5-7
Add Pin To Net: Unknown Pin: Pin VT5-8
Add Pin To Net: Unknown Pin: Pin VT6-1
Add Pin To Net: Unknown Pin: Pin VT6-2
Add Pin To Net: Unknown Pin: Pin VT6-3
Add Pin To Net: Unknown Pin: Pin VT6-4
Add Pin To Net: Unknown Pin: Pin VT6-5
Add Pin To Net: Unknown Pin: Pin VT6-6
Add Pin To Net: Unknown Pin: Pin VT6-7
Add Pin To Net: Unknown Pin: Pin VT6-8
Add Pin To Net: Unknown Pin: Pin VT7-1
Add Pin To Net: Unknown Pin: Pin VT7-2
Add Pin To Net: Unknown Pin: Pin VT7-3
Add Pin To Net: Unknown Pin: Pin VT7-4
Add Pin To Net: Unknown Pin: Pin VT7-5
Add Pin To Net: Unknown Pin: Pin VT7-6
Add Pin To Net: Unknown Pin: Pin VT7-7
Add Pin To Net: Unknown Pin: Pin VT7-8
Add Pin To Net: Unknown Pin: Pin VT8-1
Add Pin To Net: Unknown Pin: Pin VT8-2
Add Pin To Net: Unknown Pin: Pin VT8-3
Add Pin To Net: Unknown Pin: Pin VT8-5
Add Pin To Net: Unknown Pin: Pin VT8-6
Add Pin To Net: Unknown Pin: Pin VT8-7
Add Pin To Net: Unknown Pin: Pin VT8-8
Add Pin To Net: Unknown Pin: Pin VT9-1
Add Pin To Net: Unknown Pin: Pin VT9-2
Add Pin To Net: Unknown Pin: Pin VT9-3
Add Pin To Net: Unknown Pin: Pin VT9-5
Add Pin To Net: Unknown Pin: Pin VT9-6
Add Pin To Net: Unknown Pin: Pin VT9-7
Add Pin To Net: Unknown Pin: Pin VT9-8
Add Pin To Net: Unknown Pin: Pin XP1-1
Add Pin To Net: Unknown Pin: Pin XP1-2
Add Pin To Net: Unknown Pin: Pin XP1-3
Add Pin To Net: Unknown Pin: Pin XP1-4
Add Pin To Net: Unknown Pin: Pin XP1-5
Add Pin To Net: Unknown Pin: Pin XP2-1
Add Pin To Net: Unknown Pin: Pin XP2-2
Add Pin To Net: Unknown Pin: Pin XP2-3
Add Pin To Net: Unknown Pin: Pin XP2-4
Add Pin To Net: Unknown Pin: Pin XP2-5
Add Pin To Net: Unknown Pin: Pin XP3-1
Add Pin To Net: Unknown Pin: Pin XP3-2
Add Pin To Net: Unknown Pin: Pin XP3-3
Add Pin To Net: Unknown Pin: Pin XP3-4
Add Pin To Net: Unknown Pin: Pin XP4-1
Add Pin To Net: Unknown Pin: Pin XP4-2
Add Pin To Net: Unknown Pin: Pin XP4-3
Add Pin To Net: Unknown Pin: Pin XP4-4
Add Pin To Net: Unknown Pin: Pin XP5-1
Add Pin To Net: Unknown Pin: Pin XP5-2
Add Pin To Net: Unknown Pin: Pin XP6-1
Add Pin To Net: Unknown Pin: Pin XP6-2
Add Pin To Net: Unknown Pin: Pin XP7-1
Add Pin To Net: Unknown Pin: Pin XP7-2
Add Net: Net with name "GH1" already exists
Add Net: Net with name "GL1" already exists
Add Net: Net with name "IN1_L1" already exists
Add Net: Net with name "IN1_L2" already exists
Add Net: Net with name "IN1_R1" already exists
Add Net: Net with name "IN1_R2" already exists
Add Net: Net with name "nSCS_L1" already exists
Add Net: Net with name "nSCS_L2" already exists
Add Net: Net with name "nSCS_R1" already exists
Add Net: Net with name "nSCS_R2" already exists
Add Net: Net with name "SCLK_L1" already exists
Add Net: Net with name "SDI_L1" already exists
Add Net: Net with name "SDO_L1" already exists
Add Net: Net with name "SN" already exists
Add Net: Net with name "SP" already exists
Add Class Member: Failed to add class member : Component C1 100Ì‘
Add Class Member: Failed to add class member : Component C2 100Ì‘
Add Class Member: Failed to add class member : Component C3 100Ì‘
Add Class Member: Failed to add class member : Component C4 100Ì‘
Add Class Member: Failed to add class member : Component C5 100Ì‘
Add Class Member: Failed to add class member : Component C6 1ÏÍ‘
Add Class Member: Failed to add class member : Component C7 1ÏÍ‘
Add Class Member: Failed to add class member : Component C8 20Ô‘
Add Class Member: Failed to add class member : Component C9 10Ô‘
Add Class Member: Failed to add class member : Component C10 10Ô‘
Add Class Member: Failed to add class member : Component C11 100Ì‘
Add Class Member: Failed to add class member : Component C12 20Ô‘
Add Class Member: Failed to add class member : Component C13 100Ì‘
Add Class Member: Failed to add class member : Component C14 20Ô‘
Add Class Member: Failed to add class member : Component C15 20Ô‘
Add Class Member: Failed to add class member : Component C16 100Ì‘
Add Class Member: Failed to add class member : Component C17 1ÏÍ‘
Add Class Member: Failed to add class member : Component C18 10ÏÍ‘ 50¬
Add Class Member: Failed to add class member : Component C19 100Ô‘
Add Class Member: Failed to add class member : Component C20 10ÏÍ‘ 50¬
Add Class Member: Failed to add class member : Component C21 3.9Ì‘
Add Class Member: Failed to add class member : Component C22 100Ô‘
Add Class Member: Failed to add class member : Component C23 100Ô‘
Add Class Member: Failed to add class member : Component C24 10ÏÍ‘ 50¬
Add Class Member: Failed to add class member : Component C25 10ÏÍ‘ 50¬
Add Class Member: Failed to add class member : Component C26 1ÏÍ‘ 6.3¬
Add Class Member: Failed to add class member : Component C27 1ÏÍ‘ 6.3¬
Add Class Member: Failed to add class member : Component C28 0,1ÏÍ‘ 50 ¬
Add Class Member: Failed to add class member : Component C29 0,1ÏÍ‘ 50 ¬
Add Class Member: Failed to add class member : Component C30 1ÏÍ‘ 16 ¬
Add Class Member: Failed to add class member : Component C31 10ÏÍ‘ 50¬
Add Class Member: Failed to add class member : Component C32 10ÏÍ‘ 50¬
Add Class Member: Failed to add class member : Component C33 1ÏÍ‘ 6.3¬
Add Class Member: Failed to add class member : Component C34 1ÏÍ‘ 6.3¬
Add Class Member: Failed to add class member : Component C35 1ÏÍ‘ 16 ¬
Add Class Member: Failed to add class member : Component C36 0,1ÏÍ‘ 50 ¬
Add Class Member: Failed to add class member : Component C37 1ÏÍ‘ 6.3¬
Add Class Member: Failed to add class member : Component C38 1ÏÍ‘ 6.3¬
Add Class Member: Failed to add class member : Component C39 0,1ÏÍ‘ 50 ¬
Add Class Member: Failed to add class member : Component C40 1ÏÍ‘ 16 ¬
Add Class Member: Failed to add class member : Component C41 1ÏÍ‘ 6.3¬
Add Class Member: Failed to add class member : Component C42 1ÏÍ‘ 6.3¬
Add Class Member: Failed to add class member : Component C43 1ÏÍ‘ 16 ¬
Add Class Member: Failed to add class member : Component C44 0,1ÏÍ‘ 50 ¬
Add Class Member: Failed to add class member : Component DA1 MC34063S
Add Class Member: Failed to add class member : Component DD1 SN74LVC2G17DBVR
Add Class Member: Failed to add class member : Component DD2 STM32F103C8T6
Add Class Member: Failed to add class member : Component DD3 SN74LVC2G14DCKR
Add Class Member: Failed to add class member : Component DD4 74HC08D
Add Class Member: Failed to add class member : Component DD5 SN65HVD231D
Add Class Member: Failed to add class member : Component DD6 DRV8106SQRHBRQ1
Add Class Member: Failed to add class member : Component DD7 DRV8106SQRHBRQ1
Add Class Member: Failed to add class member : Component DD8 DRV8106SQRHBRQ1
Add Class Member: Failed to add class member : Component DD9 DRV8106SQRHBRQ1
Add Class Member: Failed to add class member : Component F1 ‚‡
Add Class Member: Failed to add class member : Component G1 FC-135R
Add Class Member: Failed to add class member : Component G2 HC-49SM
Add Class Member: Failed to add class member : Component HL1 3
Add Class Member: Failed to add class member : Component HL2 3
Add Class Member: Failed to add class member : Component HL3 3
Add Class Member: Failed to add class member : Component HL4 3
Add Class Member: Failed to add class member : Component HL5 3
Add Class Member: Failed to add class member : Component HL6 3
Add Class Member: Failed to add class member : Component L1 47ÏÍ√Ì
Add Class Member: Failed to add class member : Component R1 330ŒÏ
Add Class Member: Failed to add class member : Component R2 100ÍŒÏ
Add Class Member: Failed to add class member : Component R3 100ÍŒÏ
Add Class Member: Failed to add class member : Component R4 10ÍŒÏ
Add Class Member: Failed to add class member : Component R5 10ÍŒÏ
Add Class Member: Failed to add class member : Component R6 1ÃŒÏ
Add Class Member: Failed to add class member : Component R7 100ÍŒÏ
Add Class Member: Failed to add class member : Component R8 330ŒÏ
Add Class Member: Failed to add class member : Component R9 10ÍŒÏ
Add Class Member: Failed to add class member : Component R10 8.2ÍŒÏ 1%
Add Class Member: Failed to add class member : Component R11 5ÍŒÏ 1%
Add Class Member: Failed to add class member : Component R12 0.2ŒÏ 1%
Add Class Member: Failed to add class member : Component R13 10ÍŒÏ
Add Class Member: Failed to add class member : Component R14 10ÍŒÏ
Add Class Member: Failed to add class member : Component R15 7.5ÏŒÏ
Add Class Member: Failed to add class member : Component R16 1.8ÍŒÏ
Add Class Member: Failed to add class member : Component R17 1.8ÍŒÏ
Add Class Member: Failed to add class member : Component R18 10ÍŒÏ
Add Class Member: Failed to add class member : Component R19 10ÍŒÏ
Add Class Member: Failed to add class member : Component R20 7.5ÏŒÏ
Add Class Member: Failed to add class member : Component R21 1.8ÍŒÏ
Add Class Member: Failed to add class member : Component R22 1.8ÍŒÏ
Add Class Member: Failed to add class member : Component R23 10ÍŒÏ
Add Class Member: Failed to add class member : Component SA1 SPDT 1P2T
Add Class Member: Failed to add class member : Component SB1 KAN0441-0252B
Add Class Member: Failed to add class member : Component SB2 KAN0441-0252B
Add Class Member: Failed to add class member : Component VD1 1N5819W
Add Class Member: Failed to add class member : Component VD2 1N5819W
Add Class Member: Failed to add class member : Component VD3 ESDCAN24-2BLY
Add Class Member: Failed to add class member : Component VD4 1N5819W
Add Class Member: Failed to add class member : Component VD5 BZX384-C18
Add Class Member: Failed to add class member : Component VT1 STD10PF06T4-VB
Add Class Member: Failed to add class member : Component VT2 IRF7854TRPBF
Add Class Member: Failed to add class member : Component VT3 IRF7854TRPBF
Add Class Member: Failed to add class member : Component VT4 IRF7854TRPBF
Add Class Member: Failed to add class member : Component VT5 IRF7854TRPBF
Add Class Member: Failed to add class member : Component VT6 IRF7854TRPBF
Add Class Member: Failed to add class member : Component VT7 IRF7854TRPBF
Add Class Member: Failed to add class member : Component VT8 IRF7854TRPBF
Add Class Member: Failed to add class member : Component VT9 IRF7854TRPBF
Add Class Member: Failed to add class member : Component XP1 S5B-PH
Add Class Member: Failed to add class member : Component XP2 S5B-PH
Add Class Member: Failed to add class member : Component XP3 S4B-ZR
Add Class Member: Failed to add class member : Component XP4 S4B-ZR
Add Class Member: Failed to add class member : Component XP5 XT30PW-M
Add Class Member: Failed to add class member : Component XP6 XT30PW-M
Add Class Member: Failed to add class member : Component XP7 XT30PW-M
