Change Component Comment : Designator=R9 Old Comment=120Îì New Comment=120 Îì
Change Component Designator: OldDesignator=R11 NewDesignator=R13
Change Component Designator: OldDesignator=R12 NewDesignator=R14
Change Component Designator: OldDesignator=R13 NewDesignator=R15
Change Component Designator: OldDesignator=R14 NewDesignator=R16
Change Component Designator: OldDesignator=R15 NewDesignator=R17
Change Component Designator: OldDesignator=R16 NewDesignator=R18
Change Component Designator: OldDesignator=R17 NewDesignator=R19
Change Component Designator: OldDesignator=R18 NewDesignator=R20
Change Component Designator: OldDesignator=R19 NewDesignator=R21
Change Component Designator: OldDesignator=R20 NewDesignator=R22
Change Component Designator: OldDesignator=R21 NewDesignator=R23
Change Component Designator: OldDesignator=R22 NewDesignator=R24
Change Component Designator: OldDesignator=R23 NewDesignator=R25
Change component parameters: Designator = "R9" ("R9"); Footprint = "RES_0603"; UniqueID = "\MLCOLBDV" ("\MLCOLBDV")
Change component parameters (AddParameter): Name = "ComponentLink1Description"; Value = "New link"; VariantName = "[No Variations]"
Change component parameters (AddParameter): Name = "ComponentLink1URL"; Value = ""; VariantName = "[No Variations]"
Change component parameters (AddParameter): Name = "Unit_of_measurement"; Value = " Îì"; VariantName = "[No Variations]"
Change component parameters (AddParameter): Name = "Value"; Value = "120"; VariantName = "[No Variations]"
Added Component: Designator=R11(RES_0603)
Add component (AddParameter): Name = "ComponentLink1Description"; Value = "New link"; VariantName = "[No Variations]"
Add component (AddParameter): Name = "ComponentLink1URL"; Value = ""; VariantName = "[No Variations]"
Add component (AddParameter): Name = "Unit_of_measurement"; Value = " êÎì"; VariantName = "[No Variations]"
Add component (AddParameter): Name = "Value"; Value = "4.7"; VariantName = "[No Variations]"
Added Component: Designator=R12(RES_0603)
Add component (AddParameter): Name = "ComponentLink1Description"; Value = "New link"; VariantName = "[No Variations]"
Add component (AddParameter): Name = "ComponentLink1URL"; Value = ""; VariantName = "[No Variations]"
Add component (AddParameter): Name = "Unit_of_measurement"; Value = " êÎì"; VariantName = "[No Variations]"
Add component (AddParameter): Name = "Value"; Value = "4.7"; VariantName = "[No Variations]"
Added Pin To Net: NetName=NetDD5_6 Pin=R11-1
Added Pin To Net: NetName=3V3 Pin=R11-2
Added Pin To Net: NetName=NetDD5_7 Pin=R12-1
Added Pin To Net: NetName=GND Pin=R12-2
Added Pin To Net: NetName=SN_3 Pin=R17-1
Added Pin To Net: NetName=SP_3 Pin=R17-2
Added Pin To Net: NetName=SN_4 Pin=R22-1
Added Pin To Net: NetName=SP_4 Pin=R22-2
Change Net Name : Old Net Name=NetR14_2 New Net Name=NetR16_2
Added Member To Class: ClassName=Sheet2 Member=Component R13 5êÎì 1%
Added Member To Class: ClassName=Sheet2 Member=Component R14 0.2Îì 1%
