Add Component: Footprint Not Found CAP_0603
Add Component: Footprint Not Found CAP_0603
Add Component: Footprint Not Found CAP_0603
Add Component: Footprint Not Found CAP_0603
Add Component: Footprint Not Found CAP_0603
Add Component: Footprint Not Found TECAP_A
Add Component: Footprint Not Found TECAP_A
Add Component: Footprint Not Found CAP_0603
Add Component: Footprint Not Found CAP_0603
Add Component: Footprint Not Found CAP_0603
Add Component: Footprint Not Found CAP_0603
Add Component: Footprint Not Found CAP_0603
Add Component: Footprint Not Found CAP_0603
Add Component: Footprint Not Found CAP_0603
Add Component: Footprint Not Found CAP_0603
Add Component: Footprint Not Found CAP_0603
Add Component: Footprint Not Found TECAP_A
Add Component: Footprint Not Found CAP_1206
Add Component: Footprint Not Found CAP_0603
Add Component: Footprint Not Found CAP_1206
Add Component: Footprint Not Found CAP_0603
Add Component: Footprint Not Found CAP_0603
Add Component: Footprint Not Found CAP_0603
Add Component: Footprint Not Found CAP_1206
Add Component: Footprint Not Found CAP_1206
Add Component: Footprint Not Found CAP_0603
Add Component: Footprint Not Found CAP_0603
Add Component: Footprint Not Found CAP_0603
Add Component: Footprint Not Found CAP_0603
Add Component: Footprint Not Found CAP_0603
Add Component: Footprint Not Found CAP_1206
Add Component: Footprint Not Found CAP_1206
Add Component: Footprint Not Found CAP_0603
Add Component: Footprint Not Found CAP_0603
Add Component: Footprint Not Found CAP_0603
Add Component: Footprint Not Found CAP_0603
Add Component: Footprint Not Found CAP_0603
Add Component: Footprint Not Found CAP_0603
Add Component: Footprint Not Found CAP_0603
Add Component: Footprint Not Found CAP_0603
Add Component: Footprint Not Found CAP_0603
Add Component: Footprint Not Found CAP_0603
Add Component: Footprint Not Found CAP_0603
Add Component: Footprint Not Found CAP_0603
Add Component: Footprint Not Found SOP-8 WithoutTP
Add Component: Footprint Not Found SOT23-6
Add Component: Footprint Not Found LQFP-48
Add Component: Footprint Not Found SOT363 (SC70-6)
Add Component: Footprint Not Found SO14
Add Component: Footprint Not Found SOIC-8 WIthoutTP
Add Component: Footprint Not Found VQFN32
Add Component: Footprint Not Found VQFN32
Add Component: Footprint Not Found VQFN32
Add Component: Footprint Not Found VQFN32
Add Component: Footprint Not Found Fuse 5x20
Add Component: Footprint Not Found FC-135R
Add Component: Footprint Not Found HC-49SM
Add Component: Footprint Not Found LED_0805
Add Component: Footprint Not Found LED_0805
Add Component: Footprint Not Found LED_0805
Add Component: Footprint Not Found LED_0805
Add Component: Footprint Not Found LED_0805
Add Component: Footprint Not Found LED_0805
Add Component: Footprint Not Found CD54
Add Component: Footprint Not Found RES_0603
Add Component: Footprint Not Found RES_0603
Add Component: Footprint Not Found RES_0603
Add Component: Footprint Not Found RES_0603
Add Component: Footprint Not Found RES_0603
Add Component: Footprint Not Found RES_0603
Add Component: Footprint Not Found RES_0603
Add Component: Footprint Not Found RES_0603
Add Component: Footprint Not Found RES_0603
Add Component: Footprint Not Found RES_0603
Add Component: Footprint Not Found RES_0603
Add Component: Footprint Not Found RES_2512
Add Component: Footprint Not Found RES_0603
Add Component: Footprint Not Found RES_0603
Add Component: Footprint Not Found RES_2512
Add Component: Footprint Not Found RES_2512
Add Component: Footprint Not Found RES_2512
Add Component: Footprint Not Found RES_0603
Add Component: Footprint Not Found RES_0603
Add Component: Footprint Not Found RES_2512
Add Component: Footprint Not Found RES_2512
Add Component: Footprint Not Found RES_2512
Add Component: Footprint Not Found RES_0603
Add Component: Footprint Not Found SPDT 1P2T
Add Component: Footprint Not Found SMD-BUTTON_6x3.5
Add Component: Footprint Not Found SMD-BUTTON_6x3.5
Add Component: Footprint Not Found SOD-123
Add Component: Footprint Not Found SOD-123
Add Component: Footprint Not Found SOT23
Add Component: Footprint Not Found SOD-123
Add Component: Footprint Not Found SOD-323
Add Component: Footprint Not Found DPAK_TO252
Add Component: Footprint Not Found SOP-8 WithoutTP
Add Component: Footprint Not Found SOP-8 WithoutTP
Add Component: Footprint Not Found SOP-8 WithoutTP
Add Component: Footprint Not Found SOP-8 WithoutTP
Add Component: Footprint Not Found SOP-8 WithoutTP
Add Component: Footprint Not Found SOP-8 WithoutTP
Add Component: Footprint Not Found SOP-8 WithoutTP
Add Component: Footprint Not Found SOP-8 WithoutTP
Add Component: Footprint Not Found S5B-PH-K-S
Add Component: Footprint Not Found S5B-PH-K-S
Add Component: Footprint Not Found S4B-ZR
Add Component: Footprint Not Found S4B-ZR
Add Component: Footprint Not Found XT30PW-M
Add Component: Footprint Not Found XT30PW-M
Add Component: Footprint Not Found XT30PW-M
Added Net: Name=A1
Added Net: Name=A2
Added Net: Name=B1
Added Net: Name=B2
Added Net: Name=CAN_RX
Added Net: Name=CAN_TX
Added Net: Name=CS1
Added Net: Name=CS2
Added Net: Name=DIR1
Added Net: Name=DIR2
Added Net: Name=DRAIN
Added Net: Name=DRVOFF1
Added Net: Name=DRVOFF2
Added Net: Name=DRVOFF_L1
Added Net: Name=DRVOFF_L2
Added Net: Name=DRVOFF_R1
Added Net: Name=DRVOFF_R2
Added Net: Name=ENC1_CH1_F
Added Net: Name=ENC1_CH1
Added Net: Name=ENC1_CH2
Added Net: Name=ENC1_Z
Added Net: Name=ENC2_CH1_F
Added Net: Name=ENC2_CH1
Added Net: Name=ENC2_CH2
Added Net: Name=ENC2_Z
Added Net: Name=GH1
Add Net: Net with name "GH1" already exists
Added Net: Name=GL1
Add Net: Net with name "GL1" already exists
Added Net: Name=IN1_L1
Add Net: Net with name "IN1_L1" already exists
Added Net: Name=IN1_L2
Add Net: Net with name "IN1_L2" already exists
Added Net: Name=IN1_R1
Add Net: Net with name "IN1_R1" already exists
Added Net: Name=IN1_R2
Add Net: Net with name "IN1_R2" already exists
Added Net: Name=NetC8_2
Added Net: Name=NetC9_2
Added Net: Name=NetC10_2
Added Net: Name=NetC11_2
Added Net: Name=NetC12_2
Added Net: Name=NetC13_2
Added Net: Name=NetC14_2
Added Net: Name=NetC15_2
Added Net: Name=NetC18_2
Added Net: Name=NetC21_2
Added Net: Name=NetC22_2
Added Net: Name=NetC23_1
Added Net: Name=NetC29_1
Added Net: Name=NetC29_2
Added Net: Name=NetC30_1
Added Net: Name=NetC35_1
Added Net: Name=NetC36_1
Added Net: Name=NetC36_2
Added Net: Name=NetC39_1
Added Net: Name=NetC39_2
Added Net: Name=NetC40_1
Added Net: Name=NetC43_1
Added Net: Name=NetC44_1
Added Net: Name=NetC44_2
Added Net: Name=NetDA1_1
Added Net: Name=NetDA1_2
Added Net: Name=NetDA1_5
Added Net: Name=NetDD2_2
Added Net: Name=NetDD2_6
Added Net: Name=NetDD3_4
Added Net: Name=NetDD3_6
Added Net: Name=NetDD5_8
Added Net: Name=NetDD6_20
Added Net: Name=NetDD6_21
Added Net: Name=NetDD6_22
Added Net: Name=NetDD8_20
Added Net: Name=NetDD8_21
Added Net: Name=NetDD8_22
Added Net: Name=NetF1_1
Added Net: Name=NetF1_2
Added Net: Name=NetHL1_C
Added Net: Name=NetHL2_A
Added Net: Name=NetHL3_A
Added Net: Name=NetHL4_A
Added Net: Name=NetHL5_A
Added Net: Name=NetHL6_A
Added Net: Name=NetR14_2
Added Net: Name=NetVD4_2
Added Net: Name=nFAULT1L
Added Net: Name=nFAULT1R
Added Net: Name=nFAULT2L
Added Net: Name=nFAULT2R
Added Net: Name=nFAULT_L1
Added Net: Name=nFAULT_L2
Added Net: Name=nFAULT_R1
Added Net: Name=nFAULT_R2
Added Net: Name=nSCS_L1
Add Net: Net with name "nSCS_L1" already exists
Added Net: Name=nSCS_L2
Add Net: Net with name "nSCS_L2" already exists
Added Net: Name=nSCS_R1
Add Net: Net with name "nSCS_R1" already exists
Added Net: Name=nSCS_R2
Add Net: Net with name "nSCS_R2" already exists
Added Net: Name=nSLEEP_L1
Added Net: Name=nSLEEP_L2
Added Net: Name=nSLEEP_R1
Added Net: Name=nSLEEP_R2
Added Net: Name=PWM1
Added Net: Name=PWM2
Added Net: Name=SCLK_L1
Add Net: Net with name "SCLK_L1" already exists
Added Net: Name=SCLK_L2
Added Net: Name=SCLK_R1
Added Net: Name=SCLK_R2
Added Net: Name=SDI_L1
Add Net: Net with name "SDI_L1" already exists
Added Net: Name=SDI_L2
Added Net: Name=SDI_R1
Added Net: Name=SDI_R2
Added Net: Name=SDO_L1
Add Net: Net with name "SDO_L1" already exists
Added Net: Name=SDO_L2
Added Net: Name=SDO_R1
Added Net: Name=SDO_R2
Added Net: Name=SL1
Added Net: Name=SLEEP
Added Net: Name=SN
Add Net: Net with name "SN" already exists
Added Net: Name=SO_L1
Added Net: Name=SO_L2
Added Net: Name=SO_R1
Added Net: Name=SO_R2
Added Net: Name=SP
Add Net: Net with name "SP" already exists
Added Net: Name=SWCLK
Added Net: Name=SWDIO
Added Net: Name=VBAT
Add Class Member: Failed to add class member : Component C1 100ם
Add Class Member: Failed to add class member : Component C2 100ם
Add Class Member: Failed to add class member : Component C3 100ם
Add Class Member: Failed to add class member : Component C4 100ם
Add Class Member: Failed to add class member : Component C5 100ם
Add Class Member: Failed to add class member : Component C6 1לך
Add Class Member: Failed to add class member : Component C7 1לך
Add Class Member: Failed to add class member : Component C8 20ן
Add Class Member: Failed to add class member : Component C9 10ן
Add Class Member: Failed to add class member : Component C10 10ן
Add Class Member: Failed to add class member : Component C11 100ם
Add Class Member: Failed to add class member : Component C12 20ן
Add Class Member: Failed to add class member : Component C13 100ם
Add Class Member: Failed to add class member : Component C14 20ן
Add Class Member: Failed to add class member : Component C15 20ן
Add Class Member: Failed to add class member : Component C16 100ם
Add Class Member: Failed to add class member : Component C17 1לך
Add Class Member: Failed to add class member : Component C18 10לך 50
Add Class Member: Failed to add class member : Component C19 100ן
Add Class Member: Failed to add class member : Component C20 10לך 50
Add Class Member: Failed to add class member : Component C21 3.9ם
Add Class Member: Failed to add class member : Component C22 100ן
Add Class Member: Failed to add class member : Component C23 100ן
Add Class Member: Failed to add class member : Component C24 10לך 50
Add Class Member: Failed to add class member : Component C25 10לך 50
Add Class Member: Failed to add class member : Component C26 1לך 6.3
Add Class Member: Failed to add class member : Component C27 1לך 6.3
Add Class Member: Failed to add class member : Component C28 0,1לך 50 
Add Class Member: Failed to add class member : Component C29 0,1לך 50 
Add Class Member: Failed to add class member : Component C30 1לך 16 
Add Class Member: Failed to add class member : Component C31 10לך 50
Add Class Member: Failed to add class member : Component C32 10לך 50
Add Class Member: Failed to add class member : Component C33 1לך 6.3
Add Class Member: Failed to add class member : Component C34 1לך 6.3
Add Class Member: Failed to add class member : Component C35 1לך 16 
Add Class Member: Failed to add class member : Component C36 0,1לך 50 
Add Class Member: Failed to add class member : Component C37 1לך 6.3
Add Class Member: Failed to add class member : Component C38 1לך 6.3
Add Class Member: Failed to add class member : Component C39 0,1לך 50 
Add Class Member: Failed to add class member : Component C40 1לך 16 
Add Class Member: Failed to add class member : Component C41 1לך 6.3
Add Class Member: Failed to add class member : Component C42 1לך 6.3
Add Class Member: Failed to add class member : Component C43 1לך 16 
Add Class Member: Failed to add class member : Component C44 0,1לך 50 
Add Class Member: Failed to add class member : Component DA1 MC34063S
Add Class Member: Failed to add class member : Component DD1 SN74LVC2G17DBVR
Add Class Member: Failed to add class member : Component DD2 STM32F103C8T6
Add Class Member: Failed to add class member : Component DD3 SN74LVC2G14DCKR
Add Class Member: Failed to add class member : Component DD4 74HC08D
Add Class Member: Failed to add class member : Component DD5 SN65HVD231D
Add Class Member: Failed to add class member : Component DD6 DRV8106SQRHBRQ1
Add Class Member: Failed to add class member : Component DD7 DRV8106SQRHBRQ1
Add Class Member: Failed to add class member : Component DD8 DRV8106SQRHBRQ1
Add Class Member: Failed to add class member : Component DD9 DRV8106SQRHBRQ1
Add Class Member: Failed to add class member : Component F1 גא
Add Class Member: Failed to add class member : Component G1 FC-135R
Add Class Member: Failed to add class member : Component G2 HC-49SM
Add Class Member: Failed to add class member : Component HL1 3
Add Class Member: Failed to add class member : Component HL2 3
Add Class Member: Failed to add class member : Component HL3 3
Add Class Member: Failed to add class member : Component HL4 3
Add Class Member: Failed to add class member : Component HL5 3
Add Class Member: Failed to add class member : Component HL6 3
Add Class Member: Failed to add class member : Component L1 47לךם
Add Class Member: Failed to add class member : Component R1 330ל
Add Class Member: Failed to add class member : Component R2 100ךל
Add Class Member: Failed to add class member : Component R3 100ךל
Add Class Member: Failed to add class member : Component R4 10ךל
Add Class Member: Failed to add class member : Component R5 10ךל
Add Class Member: Failed to add class member : Component R6 1ל
Add Class Member: Failed to add class member : Component R7 100ךל
Add Class Member: Failed to add class member : Component R8 330ל
Add Class Member: Failed to add class member : Component R9 10ךל
Add Class Member: Failed to add class member : Component R10 8.2ךל 1%
Add Class Member: Failed to add class member : Component R11 5ךל 1%
Add Class Member: Failed to add class member : Component R12 0.2ל 1%
Add Class Member: Failed to add class member : Component R13 10ךל
Add Class Member: Failed to add class member : Component R14 10ךל
Add Class Member: Failed to add class member : Component R15 7.5לל
Add Class Member: Failed to add class member : Component R16 1.8ךל
Add Class Member: Failed to add class member : Component R17 1.8ךל
Add Class Member: Failed to add class member : Component R18 10ךל
Add Class Member: Failed to add class member : Component R19 10ךל
Add Class Member: Failed to add class member : Component R20 7.5לל
Add Class Member: Failed to add class member : Component R21 1.8ךל
Add Class Member: Failed to add class member : Component R22 1.8ךל
Add Class Member: Failed to add class member : Component R23 10ךל
Add Class Member: Failed to add class member : Component SA1 SPDT 1P2T
Add Class Member: Failed to add class member : Component SB1 KAN0441-0252B
Add Class Member: Failed to add class member : Component SB2 KAN0441-0252B
Add Class Member: Failed to add class member : Component VD1 1N5819W
Add Class Member: Failed to add class member : Component VD2 1N5819W
Add Class Member: Failed to add class member : Component VD3 ESDCAN24-2BLY
Add Class Member: Failed to add class member : Component VD4 1N5819W
Add Class Member: Failed to add class member : Component VD5 BZX384-C18
Add Class Member: Failed to add class member : Component VT1 STD10PF06T4-VB
Add Class Member: Failed to add class member : Component VT2 IRF7854TRPBF
Add Class Member: Failed to add class member : Component VT3 IRF7854TRPBF
Add Class Member: Failed to add class member : Component VT4 IRF7854TRPBF
Add Class Member: Failed to add class member : Component VT5 IRF7854TRPBF
Add Class Member: Failed to add class member : Component VT6 IRF7854TRPBF
Add Class Member: Failed to add class member : Component VT7 IRF7854TRPBF
Add Class Member: Failed to add class member : Component VT8 IRF7854TRPBF
Add Class Member: Failed to add class member : Component VT9 IRF7854TRPBF
Add Class Member: Failed to add class member : Component XP1 S5B-PH
Add Class Member: Failed to add class member : Component XP2 S5B-PH
Add Class Member: Failed to add class member : Component XP3 S4B-ZR
Add Class Member: Failed to add class member : Component XP4 S4B-ZR
Add Class Member: Failed to add class member : Component XP5 XT30PW-M
Add Class Member: Failed to add class member : Component XP6 XT30PW-M
Add Class Member: Failed to add class member : Component XP7 XT30PW-M
