ARM GAS  C:\Users\zhmis\AppData\Local\Temp\cc10GVC2.s 			page 1


   1              		.cpu cortex-m3
   2              		.arch armv7-m
   3              		.fpu softvfp
   4              		.eabi_attribute 20, 1
   5              		.eabi_attribute 21, 1
   6              		.eabi_attribute 23, 3
   7              		.eabi_attribute 24, 1
   8              		.eabi_attribute 25, 1
   9              		.eabi_attribute 26, 1
  10              		.eabi_attribute 30, 1
  11              		.eabi_attribute 34, 1
  12              		.eabi_attribute 18, 4
  13              		.file	"dma.c"
  14              		.text
  15              	.Ltext0:
  16              		.cfi_sections	.debug_frame
  17              		.file 1 "Core/Src/dma.c"
  18              		.section	.text.MX_DMA_Init,"ax",%progbits
  19              		.align	1
  20              		.global	MX_DMA_Init
  21              		.syntax unified
  22              		.thumb
  23              		.thumb_func
  25              	MX_DMA_Init:
  26              	.LFB65:
   1:Core/Src/dma.c **** /* USER CODE BEGIN Header */
   2:Core/Src/dma.c **** /**
   3:Core/Src/dma.c ****   ******************************************************************************
   4:Core/Src/dma.c ****   * @file    dma.c
   5:Core/Src/dma.c ****   * @brief   This file provides code for the configuration
   6:Core/Src/dma.c ****   *          of all the requested memory to memory DMA transfers.
   7:Core/Src/dma.c ****   ******************************************************************************
   8:Core/Src/dma.c ****   * @attention
   9:Core/Src/dma.c ****   *
  10:Core/Src/dma.c ****   * Copyright (c) 2025 STMicroelectronics.
  11:Core/Src/dma.c ****   * All rights reserved.
  12:Core/Src/dma.c ****   *
  13:Core/Src/dma.c ****   * This software is licensed under terms that can be found in the LICENSE file
  14:Core/Src/dma.c ****   * in the root directory of this software component.
  15:Core/Src/dma.c ****   * If no LICENSE file comes with this software, it is provided AS-IS.
  16:Core/Src/dma.c ****   *
  17:Core/Src/dma.c ****   ******************************************************************************
  18:Core/Src/dma.c ****   */
  19:Core/Src/dma.c **** /* USER CODE END Header */
  20:Core/Src/dma.c **** 
  21:Core/Src/dma.c **** /* Includes ------------------------------------------------------------------*/
  22:Core/Src/dma.c **** #include "dma.h"
  23:Core/Src/dma.c **** 
  24:Core/Src/dma.c **** /* USER CODE BEGIN 0 */
  25:Core/Src/dma.c **** 
  26:Core/Src/dma.c **** /* USER CODE END 0 */
  27:Core/Src/dma.c **** 
  28:Core/Src/dma.c **** /*----------------------------------------------------------------------------*/
  29:Core/Src/dma.c **** /* Configure DMA                                                              */
  30:Core/Src/dma.c **** /*----------------------------------------------------------------------------*/
  31:Core/Src/dma.c **** 
  32:Core/Src/dma.c **** /* USER CODE BEGIN 1 */
ARM GAS  C:\Users\zhmis\AppData\Local\Temp\cc10GVC2.s 			page 2


  33:Core/Src/dma.c **** 
  34:Core/Src/dma.c **** /* USER CODE END 1 */
  35:Core/Src/dma.c **** 
  36:Core/Src/dma.c **** /**
  37:Core/Src/dma.c ****   * Enable DMA controller clock
  38:Core/Src/dma.c ****   */
  39:Core/Src/dma.c **** void MX_DMA_Init(void)
  40:Core/Src/dma.c **** {
  27              		.loc 1 40 1 view -0
  28              		.cfi_startproc
  29              		@ args = 0, pretend = 0, frame = 8
  30              		@ frame_needed = 0, uses_anonymous_args = 0
  31 0000 00B5     		push	{lr}
  32              		.cfi_def_cfa_offset 4
  33              		.cfi_offset 14, -4
  34 0002 83B0     		sub	sp, sp, #12
  35              		.cfi_def_cfa_offset 16
  41:Core/Src/dma.c **** 
  42:Core/Src/dma.c ****   /* DMA controller clock enable */
  43:Core/Src/dma.c ****   __HAL_RCC_DMA1_CLK_ENABLE();
  36              		.loc 1 43 3 view .LVU1
  37              	.LBB2:
  38              		.loc 1 43 3 view .LVU2
  39              		.loc 1 43 3 view .LVU3
  40 0004 1A4B     		ldr	r3, .L3
  41 0006 5A69     		ldr	r2, [r3, #20]
  42 0008 42F00102 		orr	r2, r2, #1
  43 000c 5A61     		str	r2, [r3, #20]
  44              		.loc 1 43 3 view .LVU4
  45 000e 5B69     		ldr	r3, [r3, #20]
  46 0010 03F00103 		and	r3, r3, #1
  47 0014 0193     		str	r3, [sp, #4]
  48              		.loc 1 43 3 view .LVU5
  49 0016 019B     		ldr	r3, [sp, #4]
  50              	.LBE2:
  51              		.loc 1 43 3 view .LVU6
  44:Core/Src/dma.c **** 
  45:Core/Src/dma.c ****   /* DMA interrupt init */
  46:Core/Src/dma.c ****   /* DMA1_Channel1_IRQn interrupt configuration */
  47:Core/Src/dma.c ****   HAL_NVIC_SetPriority(DMA1_Channel1_IRQn, 0, 0);
  52              		.loc 1 47 3 view .LVU7
  53 0018 0022     		movs	r2, #0
  54 001a 1146     		mov	r1, r2
  55 001c 0B20     		movs	r0, #11
  56 001e FFF7FEFF 		bl	HAL_NVIC_SetPriority
  57              	.LVL0:
  48:Core/Src/dma.c ****   HAL_NVIC_EnableIRQ(DMA1_Channel1_IRQn);
  58              		.loc 1 48 3 view .LVU8
  59 0022 0B20     		movs	r0, #11
  60 0024 FFF7FEFF 		bl	HAL_NVIC_EnableIRQ
  61              	.LVL1:
  49:Core/Src/dma.c ****   /* DMA1_Channel2_IRQn interrupt configuration */
  50:Core/Src/dma.c ****   HAL_NVIC_SetPriority(DMA1_Channel2_IRQn, 0, 0);
  62              		.loc 1 50 3 view .LVU9
  63 0028 0022     		movs	r2, #0
  64 002a 1146     		mov	r1, r2
  65 002c 0C20     		movs	r0, #12
ARM GAS  C:\Users\zhmis\AppData\Local\Temp\cc10GVC2.s 			page 3


  66 002e FFF7FEFF 		bl	HAL_NVIC_SetPriority
  67              	.LVL2:
  51:Core/Src/dma.c ****   HAL_NVIC_EnableIRQ(DMA1_Channel2_IRQn);
  68              		.loc 1 51 3 view .LVU10
  69 0032 0C20     		movs	r0, #12
  70 0034 FFF7FEFF 		bl	HAL_NVIC_EnableIRQ
  71              	.LVL3:
  52:Core/Src/dma.c ****   /* DMA1_Channel3_IRQn interrupt configuration */
  53:Core/Src/dma.c ****   HAL_NVIC_SetPriority(DMA1_Channel3_IRQn, 0, 0);
  72              		.loc 1 53 3 view .LVU11
  73 0038 0022     		movs	r2, #0
  74 003a 1146     		mov	r1, r2
  75 003c 0D20     		movs	r0, #13
  76 003e FFF7FEFF 		bl	HAL_NVIC_SetPriority
  77              	.LVL4:
  54:Core/Src/dma.c ****   HAL_NVIC_EnableIRQ(DMA1_Channel3_IRQn);
  78              		.loc 1 54 3 view .LVU12
  79 0042 0D20     		movs	r0, #13
  80 0044 FFF7FEFF 		bl	HAL_NVIC_EnableIRQ
  81              	.LVL5:
  55:Core/Src/dma.c ****   /* DMA1_Channel4_IRQn interrupt configuration */
  56:Core/Src/dma.c ****   HAL_NVIC_SetPriority(DMA1_Channel4_IRQn, 0, 0);
  82              		.loc 1 56 3 view .LVU13
  83 0048 0022     		movs	r2, #0
  84 004a 1146     		mov	r1, r2
  85 004c 0E20     		movs	r0, #14
  86 004e FFF7FEFF 		bl	HAL_NVIC_SetPriority
  87              	.LVL6:
  57:Core/Src/dma.c ****   HAL_NVIC_EnableIRQ(DMA1_Channel4_IRQn);
  88              		.loc 1 57 3 view .LVU14
  89 0052 0E20     		movs	r0, #14
  90 0054 FFF7FEFF 		bl	HAL_NVIC_EnableIRQ
  91              	.LVL7:
  58:Core/Src/dma.c ****   /* DMA1_Channel5_IRQn interrupt configuration */
  59:Core/Src/dma.c ****   HAL_NVIC_SetPriority(DMA1_Channel5_IRQn, 0, 0);
  92              		.loc 1 59 3 view .LVU15
  93 0058 0022     		movs	r2, #0
  94 005a 1146     		mov	r1, r2
  95 005c 0F20     		movs	r0, #15
  96 005e FFF7FEFF 		bl	HAL_NVIC_SetPriority
  97              	.LVL8:
  60:Core/Src/dma.c ****   HAL_NVIC_EnableIRQ(DMA1_Channel5_IRQn);
  98              		.loc 1 60 3 view .LVU16
  99 0062 0F20     		movs	r0, #15
 100 0064 FFF7FEFF 		bl	HAL_NVIC_EnableIRQ
 101              	.LVL9:
  61:Core/Src/dma.c **** 
  62:Core/Src/dma.c **** }
 102              		.loc 1 62 1 is_stmt 0 view .LVU17
 103 0068 03B0     		add	sp, sp, #12
 104              		.cfi_def_cfa_offset 4
 105              		@ sp needed
 106 006a 5DF804FB 		ldr	pc, [sp], #4
 107              	.L4:
 108 006e 00BF     		.align	2
 109              	.L3:
 110 0070 00100240 		.word	1073876992
ARM GAS  C:\Users\zhmis\AppData\Local\Temp\cc10GVC2.s 			page 4


 111              		.cfi_endproc
 112              	.LFE65:
 114              		.text
 115              	.Letext0:
 116              		.file 2 "Drivers/CMSIS/Device/ST/STM32F1xx/Include/stm32f103xb.h"
 117              		.file 3 "C:/Users/zhmis/AppData/Roaming/Code/User/globalStorage/bmd.stm32-for-vscode/@xpack-dev-to
 118              		.file 4 "C:/Users/zhmis/AppData/Roaming/Code/User/globalStorage/bmd.stm32-for-vscode/@xpack-dev-to
 119              		.file 5 "Drivers/STM32F1xx_HAL_Driver/Inc/stm32f1xx_hal_cortex.h"
ARM GAS  C:\Users\zhmis\AppData\Local\Temp\cc10GVC2.s 			page 5


DEFINED SYMBOLS
                            *ABS*:00000000 dma.c
C:\Users\zhmis\AppData\Local\Temp\cc10GVC2.s:19     .text.MX_DMA_Init:00000000 $t
C:\Users\zhmis\AppData\Local\Temp\cc10GVC2.s:25     .text.MX_DMA_Init:00000000 MX_DMA_Init
C:\Users\zhmis\AppData\Local\Temp\cc10GVC2.s:110    .text.MX_DMA_Init:00000070 $d

UNDEFINED SYMBOLS
HAL_NVIC_SetPriority
HAL_NVIC_EnableIRQ
