ARM GAS  C:\Users\zhmis\AppData\Local\Temp\cc5LJuly.s 			page 1


   1              		.cpu cortex-m3
   2              		.arch armv7-m
   3              		.fpu softvfp
   4              		.eabi_attribute 20, 1
   5              		.eabi_attribute 21, 1
   6              		.eabi_attribute 23, 3
   7              		.eabi_attribute 24, 1
   8              		.eabi_attribute 25, 1
   9              		.eabi_attribute 26, 1
  10              		.eabi_attribute 30, 1
  11              		.eabi_attribute 34, 1
  12              		.eabi_attribute 18, 4
  13              		.file	"global_flags.c"
  14              		.text
  15              	.Ltext0:
  16              		.cfi_sections	.debug_frame
  17              		.file 1 "Core/Src/global_flags.c"
  18              		.global	overcurrent_flag
  19              		.section	.bss.overcurrent_flag,"aw",%nobits
  22              	overcurrent_flag:
  23 0000 00       		.space	1
  24              		.global	comms_fault_flag
  25              		.section	.bss.comms_fault_flag,"aw",%nobits
  28              	comms_fault_flag:
  29 0000 00       		.space	1
  30              		.global	brg_fault_flag
  31              		.section	.bss.brg_fault_flag,"aw",%nobits
  34              	brg_fault_flag:
  35 0000 00       		.space	1
  36              		.global	reset_flag
  37              		.section	.bss.reset_flag,"aw",%nobits
  40              	reset_flag:
  41 0000 00       		.space	1
  42              		.global	control_mode
  43              		.section	.bss.control_mode,"aw",%nobits
  46              	control_mode:
  47 0000 00       		.space	1
  48              		.global	system_enabled
  49              		.section	.bss.system_enabled,"aw",%nobits
  52              	system_enabled:
  53 0000 00       		.space	1
  54              		.text
  55              	.Letext0:
  56              		.file 2 "C:/Users/zhmis/AppData/Roaming/Code/User/globalStorage/bmd.stm32-for-vscode/@xpack-dev-to
  57              		.file 3 "C:/Users/zhmis/AppData/Roaming/Code/User/globalStorage/bmd.stm32-for-vscode/@xpack-dev-to
  58              		.file 4 "Core/Inc/global_flags.h"
ARM GAS  C:\Users\zhmis\AppData\Local\Temp\cc5LJuly.s 			page 2


DEFINED SYMBOLS
                            *ABS*:00000000 global_flags.c
C:\Users\zhmis\AppData\Local\Temp\cc5LJuly.s:22     .bss.overcurrent_flag:00000000 overcurrent_flag
C:\Users\zhmis\AppData\Local\Temp\cc5LJuly.s:23     .bss.overcurrent_flag:00000000 $d
C:\Users\zhmis\AppData\Local\Temp\cc5LJuly.s:28     .bss.comms_fault_flag:00000000 comms_fault_flag
C:\Users\zhmis\AppData\Local\Temp\cc5LJuly.s:29     .bss.comms_fault_flag:00000000 $d
C:\Users\zhmis\AppData\Local\Temp\cc5LJuly.s:34     .bss.brg_fault_flag:00000000 brg_fault_flag
C:\Users\zhmis\AppData\Local\Temp\cc5LJuly.s:35     .bss.brg_fault_flag:00000000 $d
C:\Users\zhmis\AppData\Local\Temp\cc5LJuly.s:40     .bss.reset_flag:00000000 reset_flag
C:\Users\zhmis\AppData\Local\Temp\cc5LJuly.s:41     .bss.reset_flag:00000000 $d
C:\Users\zhmis\AppData\Local\Temp\cc5LJuly.s:46     .bss.control_mode:00000000 control_mode
C:\Users\zhmis\AppData\Local\Temp\cc5LJuly.s:47     .bss.control_mode:00000000 $d
C:\Users\zhmis\AppData\Local\Temp\cc5LJuly.s:52     .bss.system_enabled:00000000 system_enabled
C:\Users\zhmis\AppData\Local\Temp\cc5LJuly.s:53     .bss.system_enabled:00000000 $d

NO UNDEFINED SYMBOLS
