ARM GAS  C:\Users\zhmis\AppData\Local\Temp\ccIKLFFW.s 			page 1


   1              		.cpu cortex-m3
   2              		.arch armv7-m
   3              		.fpu softvfp
   4              		.eabi_attribute 20, 1
   5              		.eabi_attribute 21, 1
   6              		.eabi_attribute 23, 3
   7              		.eabi_attribute 24, 1
   8              		.eabi_attribute 25, 1
   9              		.eabi_attribute 26, 1
  10              		.eabi_attribute 30, 1
  11              		.eabi_attribute 34, 1
  12              		.eabi_attribute 18, 4
  13              		.file	"main_init.c"
  14              		.text
  15              	.Ltext0:
  16              		.cfi_sections	.debug_frame
  17              		.file 1 "Core/Src/main_init.c"
  18              		.section	.text.init_mtr_ctrl,"ax",%progbits
  19              		.align	1
  20              		.global	init_mtr_ctrl
  21              		.syntax unified
  22              		.thumb
  23              		.thumb_func
  25              	init_mtr_ctrl:
  26              	.LFB65:
   1:Core/Src/main_init.c **** #include "main_init.h"
   2:Core/Src/main_init.c **** 
   3:Core/Src/main_init.c **** void init_mtr_ctrl()
   4:Core/Src/main_init.c **** {
  27              		.loc 1 4 1 view -0
  28              		.cfi_startproc
  29              		@ args = 0, pretend = 0, frame = 0
  30              		@ frame_needed = 0, uses_anonymous_args = 0
  31 0000 08B5     		push	{r3, lr}
  32              		.cfi_def_cfa_offset 8
  33              		.cfi_offset 3, -8
  34              		.cfi_offset 14, -4
   5:Core/Src/main_init.c ****     servo_init();
  35              		.loc 1 5 5 view .LVU1
  36 0002 FFF7FEFF 		bl	servo_init
  37              	.LVL0:
   6:Core/Src/main_init.c ****     // pin_init_mtcrl();
   7:Core/Src/main_init.c ****     // Init TIMERS and start them
   8:Core/Src/main_init.c ****     // Init servo structures
   9:Core/Src/main_init.c **** 
  10:Core/Src/main_init.c ****     // Init ADC&DMA
  11:Core/Src/main_init.c **** 
  12:Core/Src/main_init.c ****     // Reset servos
  13:Core/Src/main_init.c ****     servo_iq18_reset(&servo1_g);
  38              		.loc 1 13 5 view .LVU2
  39 0006 0748     		ldr	r0, .L3
  40 0008 FFF7FEFF 		bl	servo_iq18_reset
  41              	.LVL1:
  14:Core/Src/main_init.c ****     servo_iq18_reset(&servo2_g);
  42              		.loc 1 14 5 view .LVU3
  43 000c 0648     		ldr	r0, .L3+4
  44 000e FFF7FEFF 		bl	servo_iq18_reset
ARM GAS  C:\Users\zhmis\AppData\Local\Temp\ccIKLFFW.s 			page 2


  45              	.LVL2:
  15:Core/Src/main_init.c **** 
  16:Core/Src/main_init.c ****     // Init finished
  17:Core/Src/main_init.c ****     system_enabled = 0;
  46              		.loc 1 17 5 view .LVU4
  47              		.loc 1 17 20 is_stmt 0 view .LVU5
  48 0012 064B     		ldr	r3, .L3+8
  49 0014 0022     		movs	r2, #0
  50 0016 1A70     		strb	r2, [r3]
  18:Core/Src/main_init.c ****     servo_periph_init();
  51              		.loc 1 18 5 is_stmt 1 view .LVU6
  52 0018 FFF7FEFF 		bl	servo_periph_init
  53              	.LVL3:
  19:Core/Src/main_init.c ****     adc_cur_init();
  54              		.loc 1 19 5 view .LVU7
  55 001c FFF7FEFF 		bl	adc_cur_init
  56              	.LVL4:
  20:Core/Src/main_init.c **** 
  21:Core/Src/main_init.c **** 
  22:Core/Src/main_init.c **** }
  57              		.loc 1 22 1 is_stmt 0 view .LVU8
  58 0020 08BD     		pop	{r3, pc}
  59              	.L4:
  60 0022 00BF     		.align	2
  61              	.L3:
  62 0024 00000000 		.word	servo1_g
  63 0028 00000000 		.word	servo2_g
  64 002c 00000000 		.word	system_enabled
  65              		.cfi_endproc
  66              	.LFE65:
  68              		.text
  69              	.Letext0:
  70              		.file 2 "C:/Users/zhmis/AppData/Roaming/Code/User/globalStorage/bmd.stm32-for-vscode/@xpack-dev-to
  71              		.file 3 "C:/Users/zhmis/AppData/Roaming/Code/User/globalStorage/bmd.stm32-for-vscode/@xpack-dev-to
  72              		.file 4 "Drivers/CMSIS/Device/ST/STM32F1xx/Include/stm32f103xb.h"
  73              		.file 5 "Drivers/STM32F1xx_HAL_Driver/Inc/stm32f1xx_hal_def.h"
  74              		.file 6 "Drivers/STM32F1xx_HAL_Driver/Inc/stm32f1xx_hal_dma.h"
  75              		.file 7 "Drivers/STM32F1xx_HAL_Driver/Inc/stm32f1xx_hal_tim.h"
  76              		.file 8 "Core/Inc/IQmathLib.h"
  77              		.file 9 "Core/Inc/ema_iq18.h"
  78              		.file 10 "Core/Inc/encoder_iq18.h"
  79              		.file 11 "Core/Inc/pid_iq18.h"
  80              		.file 12 "Core/Inc/pwm.h"
  81              		.file 13 "Core/Inc/servo_iq18.h"
  82              		.file 14 "Core/Inc/servo_init.h"
  83              		.file 15 "Core/Inc/global_flags.h"
  84              		.file 16 "Core/Inc/adc_current.h"
ARM GAS  C:\Users\zhmis\AppData\Local\Temp\ccIKLFFW.s 			page 3


DEFINED SYMBOLS
                            *ABS*:00000000 main_init.c
C:\Users\zhmis\AppData\Local\Temp\ccIKLFFW.s:19     .text.init_mtr_ctrl:00000000 $t
C:\Users\zhmis\AppData\Local\Temp\ccIKLFFW.s:25     .text.init_mtr_ctrl:00000000 init_mtr_ctrl
C:\Users\zhmis\AppData\Local\Temp\ccIKLFFW.s:62     .text.init_mtr_ctrl:00000024 $d

UNDEFINED SYMBOLS
servo_init
servo_iq18_reset
servo_periph_init
adc_cur_init
servo1_g
servo2_g
system_enabled
