ARM GAS  C:\Users\zhmis\AppData\Local\Temp\ccn5DtDa.s 			page 1


   1              		.cpu cortex-m3
   2              		.arch armv7-m
   3              		.fpu softvfp
   4              		.eabi_attribute 20, 1
   5              		.eabi_attribute 21, 1
   6              		.eabi_attribute 23, 3
   7              		.eabi_attribute 24, 1
   8              		.eabi_attribute 25, 1
   9              		.eabi_attribute 26, 1
  10              		.eabi_attribute 30, 1
  11              		.eabi_attribute 34, 1
  12              		.eabi_attribute 18, 4
  13              		.file	"rtc.c"
  14              		.text
  15              	.Ltext0:
  16              		.cfi_sections	.debug_frame
  17              		.file 1 "Core/Src/rtc.c"
  18              		.section	.text.MX_RTC_Init,"ax",%progbits
  19              		.align	1
  20              		.global	MX_RTC_Init
  21              		.syntax unified
  22              		.thumb
  23              		.thumb_func
  25              	MX_RTC_Init:
  26              	.LFB65:
   1:Core/Src/rtc.c **** /* USER CODE BEGIN Header */
   2:Core/Src/rtc.c **** /**
   3:Core/Src/rtc.c ****   ******************************************************************************
   4:Core/Src/rtc.c ****   * @file    rtc.c
   5:Core/Src/rtc.c ****   * @brief   This file provides code for the configuration
   6:Core/Src/rtc.c ****   *          of the RTC instances.
   7:Core/Src/rtc.c ****   ******************************************************************************
   8:Core/Src/rtc.c ****   * @attention
   9:Core/Src/rtc.c ****   *
  10:Core/Src/rtc.c ****   * Copyright (c) 2025 STMicroelectronics.
  11:Core/Src/rtc.c ****   * All rights reserved.
  12:Core/Src/rtc.c ****   *
  13:Core/Src/rtc.c ****   * This software is licensed under terms that can be found in the LICENSE file
  14:Core/Src/rtc.c ****   * in the root directory of this software component.
  15:Core/Src/rtc.c ****   * If no LICENSE file comes with this software, it is provided AS-IS.
  16:Core/Src/rtc.c ****   *
  17:Core/Src/rtc.c ****   ******************************************************************************
  18:Core/Src/rtc.c ****   */
  19:Core/Src/rtc.c **** /* USER CODE END Header */
  20:Core/Src/rtc.c **** /* Includes ------------------------------------------------------------------*/
  21:Core/Src/rtc.c **** #include "rtc.h"
  22:Core/Src/rtc.c **** 
  23:Core/Src/rtc.c **** /* USER CODE BEGIN 0 */
  24:Core/Src/rtc.c **** 
  25:Core/Src/rtc.c **** /* USER CODE END 0 */
  26:Core/Src/rtc.c **** 
  27:Core/Src/rtc.c **** RTC_HandleTypeDef hrtc;
  28:Core/Src/rtc.c **** 
  29:Core/Src/rtc.c **** /* RTC init function */
  30:Core/Src/rtc.c **** void MX_RTC_Init(void)
  31:Core/Src/rtc.c **** {
  27              		.loc 1 31 1 view -0
ARM GAS  C:\Users\zhmis\AppData\Local\Temp\ccn5DtDa.s 			page 2


  28              		.cfi_startproc
  29              		@ args = 0, pretend = 0, frame = 8
  30              		@ frame_needed = 0, uses_anonymous_args = 0
  31 0000 00B5     		push	{lr}
  32              		.cfi_def_cfa_offset 4
  33              		.cfi_offset 14, -4
  34 0002 83B0     		sub	sp, sp, #12
  35              		.cfi_def_cfa_offset 16
  32:Core/Src/rtc.c **** 
  33:Core/Src/rtc.c ****   /* USER CODE BEGIN RTC_Init 0 */
  34:Core/Src/rtc.c **** 
  35:Core/Src/rtc.c ****   /* USER CODE END RTC_Init 0 */
  36:Core/Src/rtc.c **** 
  37:Core/Src/rtc.c ****   RTC_TimeTypeDef sTime = {0};
  36              		.loc 1 37 3 view .LVU1
  37              		.loc 1 37 19 is_stmt 0 view .LVU2
  38 0004 0023     		movs	r3, #0
  39 0006 ADF80430 		strh	r3, [sp, #4]	@ movhi
  40 000a 8DF80630 		strb	r3, [sp, #6]
  38:Core/Src/rtc.c ****   RTC_DateTypeDef DateToUpdate = {0};
  41              		.loc 1 38 3 is_stmt 1 view .LVU3
  42              		.loc 1 38 19 is_stmt 0 view .LVU4
  43 000e 0093     		str	r3, [sp]
  39:Core/Src/rtc.c **** 
  40:Core/Src/rtc.c ****   /* USER CODE BEGIN RTC_Init 1 */
  41:Core/Src/rtc.c **** 
  42:Core/Src/rtc.c ****   /* USER CODE END RTC_Init 1 */
  43:Core/Src/rtc.c **** 
  44:Core/Src/rtc.c ****   /** Initialize RTC Only
  45:Core/Src/rtc.c ****   */
  46:Core/Src/rtc.c ****   hrtc.Instance = RTC;
  44              		.loc 1 46 3 is_stmt 1 view .LVU5
  45              		.loc 1 46 17 is_stmt 0 view .LVU6
  46 0010 1A48     		ldr	r0, .L9
  47 0012 1B4B     		ldr	r3, .L9+4
  48 0014 0360     		str	r3, [r0]
  47:Core/Src/rtc.c ****   hrtc.Init.AsynchPrediv = RTC_AUTO_1_SECOND;
  49              		.loc 1 47 3 is_stmt 1 view .LVU7
  50              		.loc 1 47 26 is_stmt 0 view .LVU8
  51 0016 4FF0FF33 		mov	r3, #-1
  52 001a 4360     		str	r3, [r0, #4]
  48:Core/Src/rtc.c ****   hrtc.Init.OutPut = RTC_OUTPUTSOURCE_ALARM;
  53              		.loc 1 48 3 is_stmt 1 view .LVU9
  54              		.loc 1 48 20 is_stmt 0 view .LVU10
  55 001c 4FF48073 		mov	r3, #256
  56 0020 8360     		str	r3, [r0, #8]
  49:Core/Src/rtc.c ****   if (HAL_RTC_Init(&hrtc) != HAL_OK)
  57              		.loc 1 49 3 is_stmt 1 view .LVU11
  58              		.loc 1 49 7 is_stmt 0 view .LVU12
  59 0022 FFF7FEFF 		bl	HAL_RTC_Init
  60              	.LVL0:
  61              		.loc 1 49 6 discriminator 1 view .LVU13
  62 0026 00BB     		cbnz	r0, .L6
  63              	.L2:
  50:Core/Src/rtc.c ****   {
  51:Core/Src/rtc.c ****     Error_Handler();
  52:Core/Src/rtc.c ****   }
ARM GAS  C:\Users\zhmis\AppData\Local\Temp\ccn5DtDa.s 			page 3


  53:Core/Src/rtc.c **** 
  54:Core/Src/rtc.c ****   /* USER CODE BEGIN Check_RTC_BKUP */
  55:Core/Src/rtc.c **** 
  56:Core/Src/rtc.c ****   /* USER CODE END Check_RTC_BKUP */
  57:Core/Src/rtc.c **** 
  58:Core/Src/rtc.c ****   /** Initialize RTC and set the Time and Date
  59:Core/Src/rtc.c ****   */
  60:Core/Src/rtc.c ****   sTime.Hours = 0x12;
  64              		.loc 1 60 3 is_stmt 1 view .LVU14
  65              		.loc 1 60 15 is_stmt 0 view .LVU15
  66 0028 1223     		movs	r3, #18
  67 002a 8DF80430 		strb	r3, [sp, #4]
  61:Core/Src/rtc.c ****   sTime.Minutes = 0x12;
  68              		.loc 1 61 3 is_stmt 1 view .LVU16
  69              		.loc 1 61 17 is_stmt 0 view .LVU17
  70 002e 8DF80530 		strb	r3, [sp, #5]
  62:Core/Src/rtc.c ****   sTime.Seconds = 0x12;
  71              		.loc 1 62 3 is_stmt 1 view .LVU18
  72              		.loc 1 62 17 is_stmt 0 view .LVU19
  73 0032 8DF80630 		strb	r3, [sp, #6]
  63:Core/Src/rtc.c **** 
  64:Core/Src/rtc.c ****   if (HAL_RTC_SetTime(&hrtc, &sTime, RTC_FORMAT_BCD) != HAL_OK)
  74              		.loc 1 64 3 is_stmt 1 view .LVU20
  75              		.loc 1 64 7 is_stmt 0 view .LVU21
  76 0036 0122     		movs	r2, #1
  77 0038 01A9     		add	r1, sp, #4
  78 003a 1048     		ldr	r0, .L9
  79 003c FFF7FEFF 		bl	HAL_RTC_SetTime
  80              	.LVL1:
  81              		.loc 1 64 6 discriminator 1 view .LVU22
  82 0040 B0B9     		cbnz	r0, .L7
  83              	.L3:
  65:Core/Src/rtc.c ****   {
  66:Core/Src/rtc.c ****     Error_Handler();
  67:Core/Src/rtc.c ****   }
  68:Core/Src/rtc.c ****   DateToUpdate.WeekDay = RTC_WEEKDAY_SATURDAY;
  84              		.loc 1 68 3 is_stmt 1 view .LVU23
  85              		.loc 1 68 24 is_stmt 0 view .LVU24
  86 0042 0623     		movs	r3, #6
  87 0044 8DF80030 		strb	r3, [sp]
  69:Core/Src/rtc.c ****   DateToUpdate.Month = RTC_MONTH_MARCH;
  88              		.loc 1 69 3 is_stmt 1 view .LVU25
  89              		.loc 1 69 22 is_stmt 0 view .LVU26
  90 0048 0323     		movs	r3, #3
  91 004a 8DF80130 		strb	r3, [sp, #1]
  70:Core/Src/rtc.c ****   DateToUpdate.Date = 0x1;
  92              		.loc 1 70 3 is_stmt 1 view .LVU27
  93              		.loc 1 70 21 is_stmt 0 view .LVU28
  94 004e 0122     		movs	r2, #1
  95 0050 8DF80220 		strb	r2, [sp, #2]
  71:Core/Src/rtc.c ****   DateToUpdate.Year = 0x25;
  96              		.loc 1 71 3 is_stmt 1 view .LVU29
  97              		.loc 1 71 21 is_stmt 0 view .LVU30
  98 0054 2523     		movs	r3, #37
  99 0056 8DF80330 		strb	r3, [sp, #3]
  72:Core/Src/rtc.c **** 
  73:Core/Src/rtc.c ****   if (HAL_RTC_SetDate(&hrtc, &DateToUpdate, RTC_FORMAT_BCD) != HAL_OK)
ARM GAS  C:\Users\zhmis\AppData\Local\Temp\ccn5DtDa.s 			page 4


 100              		.loc 1 73 3 is_stmt 1 view .LVU31
 101              		.loc 1 73 7 is_stmt 0 view .LVU32
 102 005a 6946     		mov	r1, sp
 103 005c 0748     		ldr	r0, .L9
 104 005e FFF7FEFF 		bl	HAL_RTC_SetDate
 105              	.LVL2:
 106              		.loc 1 73 6 discriminator 1 view .LVU33
 107 0062 40B9     		cbnz	r0, .L8
 108              	.L1:
  74:Core/Src/rtc.c ****   {
  75:Core/Src/rtc.c ****     Error_Handler();
  76:Core/Src/rtc.c ****   }
  77:Core/Src/rtc.c ****   /* USER CODE BEGIN RTC_Init 2 */
  78:Core/Src/rtc.c **** 
  79:Core/Src/rtc.c ****   /* USER CODE END RTC_Init 2 */
  80:Core/Src/rtc.c **** 
  81:Core/Src/rtc.c **** }
 109              		.loc 1 81 1 view .LVU34
 110 0064 03B0     		add	sp, sp, #12
 111              		.cfi_remember_state
 112              		.cfi_def_cfa_offset 4
 113              		@ sp needed
 114 0066 5DF804FB 		ldr	pc, [sp], #4
 115              	.L6:
 116              		.cfi_restore_state
  51:Core/Src/rtc.c ****   }
 117              		.loc 1 51 5 is_stmt 1 view .LVU35
 118 006a FFF7FEFF 		bl	Error_Handler
 119              	.LVL3:
 120 006e DBE7     		b	.L2
 121              	.L7:
  66:Core/Src/rtc.c ****   }
 122              		.loc 1 66 5 view .LVU36
 123 0070 FFF7FEFF 		bl	Error_Handler
 124              	.LVL4:
 125 0074 E5E7     		b	.L3
 126              	.L8:
  75:Core/Src/rtc.c ****   }
 127              		.loc 1 75 5 view .LVU37
 128 0076 FFF7FEFF 		bl	Error_Handler
 129              	.LVL5:
 130              		.loc 1 81 1 is_stmt 0 view .LVU38
 131 007a F3E7     		b	.L1
 132              	.L10:
 133              		.align	2
 134              	.L9:
 135 007c 00000000 		.word	hrtc
 136 0080 00280040 		.word	1073752064
 137              		.cfi_endproc
 138              	.LFE65:
 140              		.section	.text.HAL_RTC_MspInit,"ax",%progbits
 141              		.align	1
 142              		.global	HAL_RTC_MspInit
 143              		.syntax unified
 144              		.thumb
 145              		.thumb_func
 147              	HAL_RTC_MspInit:
ARM GAS  C:\Users\zhmis\AppData\Local\Temp\ccn5DtDa.s 			page 5


 148              	.LVL6:
 149              	.LFB66:
  82:Core/Src/rtc.c **** 
  83:Core/Src/rtc.c **** void HAL_RTC_MspInit(RTC_HandleTypeDef* rtcHandle)
  84:Core/Src/rtc.c **** {
 150              		.loc 1 84 1 is_stmt 1 view -0
 151              		.cfi_startproc
 152              		@ args = 0, pretend = 0, frame = 8
 153              		@ frame_needed = 0, uses_anonymous_args = 0
  85:Core/Src/rtc.c **** 
  86:Core/Src/rtc.c ****   if(rtcHandle->Instance==RTC)
 154              		.loc 1 86 3 view .LVU40
 155              		.loc 1 86 15 is_stmt 0 view .LVU41
 156 0000 0268     		ldr	r2, [r0]
 157              		.loc 1 86 5 view .LVU42
 158 0002 0C4B     		ldr	r3, .L18
 159 0004 9A42     		cmp	r2, r3
 160 0006 00D0     		beq	.L17
 161 0008 7047     		bx	lr
 162              	.L17:
  84:Core/Src/rtc.c **** 
 163              		.loc 1 84 1 view .LVU43
 164 000a 00B5     		push	{lr}
 165              		.cfi_def_cfa_offset 4
 166              		.cfi_offset 14, -4
 167 000c 83B0     		sub	sp, sp, #12
 168              		.cfi_def_cfa_offset 16
  87:Core/Src/rtc.c ****   {
  88:Core/Src/rtc.c ****   /* USER CODE BEGIN RTC_MspInit 0 */
  89:Core/Src/rtc.c **** 
  90:Core/Src/rtc.c ****   /* USER CODE END RTC_MspInit 0 */
  91:Core/Src/rtc.c ****     HAL_PWR_EnableBkUpAccess();
 169              		.loc 1 91 5 is_stmt 1 view .LVU44
 170 000e FFF7FEFF 		bl	HAL_PWR_EnableBkUpAccess
 171              	.LVL7:
  92:Core/Src/rtc.c ****     /* Enable BKP CLK enable for backup registers */
  93:Core/Src/rtc.c ****     __HAL_RCC_BKP_CLK_ENABLE();
 172              		.loc 1 93 5 view .LVU45
 173              	.LBB2:
 174              		.loc 1 93 5 view .LVU46
 175              		.loc 1 93 5 view .LVU47
 176 0012 094B     		ldr	r3, .L18+4
 177 0014 DA69     		ldr	r2, [r3, #28]
 178 0016 42F00062 		orr	r2, r2, #134217728
 179 001a DA61     		str	r2, [r3, #28]
 180              		.loc 1 93 5 view .LVU48
 181 001c DB69     		ldr	r3, [r3, #28]
 182 001e 03F00063 		and	r3, r3, #134217728
 183 0022 0193     		str	r3, [sp, #4]
 184              		.loc 1 93 5 view .LVU49
 185 0024 019B     		ldr	r3, [sp, #4]
 186              	.LBE2:
 187              		.loc 1 93 5 view .LVU50
  94:Core/Src/rtc.c ****     /* RTC clock enable */
  95:Core/Src/rtc.c ****     __HAL_RCC_RTC_ENABLE();
 188              		.loc 1 95 5 view .LVU51
 189 0026 054B     		ldr	r3, .L18+8
ARM GAS  C:\Users\zhmis\AppData\Local\Temp\ccn5DtDa.s 			page 6


 190 0028 0122     		movs	r2, #1
 191 002a C3F83C24 		str	r2, [r3, #1084]
  96:Core/Src/rtc.c ****   /* USER CODE BEGIN RTC_MspInit 1 */
  97:Core/Src/rtc.c **** 
  98:Core/Src/rtc.c ****   /* USER CODE END RTC_MspInit 1 */
  99:Core/Src/rtc.c ****   }
 100:Core/Src/rtc.c **** }
 192              		.loc 1 100 1 is_stmt 0 view .LVU52
 193 002e 03B0     		add	sp, sp, #12
 194              		.cfi_def_cfa_offset 4
 195              		@ sp needed
 196 0030 5DF804FB 		ldr	pc, [sp], #4
 197              	.L19:
 198              		.align	2
 199              	.L18:
 200 0034 00280040 		.word	1073752064
 201 0038 00100240 		.word	1073876992
 202 003c 00004242 		.word	1111621632
 203              		.cfi_endproc
 204              	.LFE66:
 206              		.section	.text.HAL_RTC_MspDeInit,"ax",%progbits
 207              		.align	1
 208              		.global	HAL_RTC_MspDeInit
 209              		.syntax unified
 210              		.thumb
 211              		.thumb_func
 213              	HAL_RTC_MspDeInit:
 214              	.LVL8:
 215              	.LFB67:
 101:Core/Src/rtc.c **** 
 102:Core/Src/rtc.c **** void HAL_RTC_MspDeInit(RTC_HandleTypeDef* rtcHandle)
 103:Core/Src/rtc.c **** {
 216              		.loc 1 103 1 is_stmt 1 view -0
 217              		.cfi_startproc
 218              		@ args = 0, pretend = 0, frame = 0
 219              		@ frame_needed = 0, uses_anonymous_args = 0
 220              		@ link register save eliminated.
 104:Core/Src/rtc.c **** 
 105:Core/Src/rtc.c ****   if(rtcHandle->Instance==RTC)
 221              		.loc 1 105 3 view .LVU54
 222              		.loc 1 105 15 is_stmt 0 view .LVU55
 223 0000 0268     		ldr	r2, [r0]
 224              		.loc 1 105 5 view .LVU56
 225 0002 044B     		ldr	r3, .L23
 226 0004 9A42     		cmp	r2, r3
 227 0006 00D0     		beq	.L22
 228              	.L20:
 106:Core/Src/rtc.c ****   {
 107:Core/Src/rtc.c ****   /* USER CODE BEGIN RTC_MspDeInit 0 */
 108:Core/Src/rtc.c **** 
 109:Core/Src/rtc.c ****   /* USER CODE END RTC_MspDeInit 0 */
 110:Core/Src/rtc.c ****     /* Peripheral clock disable */
 111:Core/Src/rtc.c ****     __HAL_RCC_RTC_DISABLE();
 112:Core/Src/rtc.c ****   /* USER CODE BEGIN RTC_MspDeInit 1 */
 113:Core/Src/rtc.c **** 
 114:Core/Src/rtc.c ****   /* USER CODE END RTC_MspDeInit 1 */
 115:Core/Src/rtc.c ****   }
ARM GAS  C:\Users\zhmis\AppData\Local\Temp\ccn5DtDa.s 			page 7


 116:Core/Src/rtc.c **** }
 229              		.loc 1 116 1 view .LVU57
 230 0008 7047     		bx	lr
 231              	.L22:
 111:Core/Src/rtc.c ****   /* USER CODE BEGIN RTC_MspDeInit 1 */
 232              		.loc 1 111 5 is_stmt 1 view .LVU58
 233 000a 034B     		ldr	r3, .L23+4
 234 000c 0022     		movs	r2, #0
 235 000e C3F83C24 		str	r2, [r3, #1084]
 236              		.loc 1 116 1 is_stmt 0 view .LVU59
 237 0012 F9E7     		b	.L20
 238              	.L24:
 239              		.align	2
 240              	.L23:
 241 0014 00280040 		.word	1073752064
 242 0018 00004242 		.word	1111621632
 243              		.cfi_endproc
 244              	.LFE67:
 246              		.global	hrtc
 247              		.section	.bss.hrtc,"aw",%nobits
 248              		.align	2
 251              	hrtc:
 252 0000 00000000 		.space	20
 252      00000000 
 252      00000000 
 252      00000000 
 252      00000000 
 253              		.text
 254              	.Letext0:
 255              		.file 2 "C:/Users/zhmis/AppData/Roaming/Code/User/globalStorage/bmd.stm32-for-vscode/@xpack-dev-to
 256              		.file 3 "C:/Users/zhmis/AppData/Roaming/Code/User/globalStorage/bmd.stm32-for-vscode/@xpack-dev-to
 257              		.file 4 "Drivers/CMSIS/Device/ST/STM32F1xx/Include/stm32f103xb.h"
 258              		.file 5 "Drivers/CMSIS/Device/ST/STM32F1xx/Include/stm32f1xx.h"
 259              		.file 6 "Drivers/STM32F1xx_HAL_Driver/Inc/stm32f1xx_hal_def.h"
 260              		.file 7 "Drivers/STM32F1xx_HAL_Driver/Inc/stm32f1xx_hal_rtc.h"
 261              		.file 8 "Drivers/STM32F1xx_HAL_Driver/Inc/stm32f1xx_hal_pwr.h"
 262              		.file 9 "Core/Inc/main.h"
 263              		.file 10 "Core/Inc/rtc.h"
ARM GAS  C:\Users\zhmis\AppData\Local\Temp\ccn5DtDa.s 			page 8


DEFINED SYMBOLS
                            *ABS*:00000000 rtc.c
C:\Users\zhmis\AppData\Local\Temp\ccn5DtDa.s:19     .text.MX_RTC_Init:00000000 $t
C:\Users\zhmis\AppData\Local\Temp\ccn5DtDa.s:25     .text.MX_RTC_Init:00000000 MX_RTC_Init
C:\Users\zhmis\AppData\Local\Temp\ccn5DtDa.s:135    .text.MX_RTC_Init:0000007c $d
C:\Users\zhmis\AppData\Local\Temp\ccn5DtDa.s:251    .bss.hrtc:00000000 hrtc
C:\Users\zhmis\AppData\Local\Temp\ccn5DtDa.s:141    .text.HAL_RTC_MspInit:00000000 $t
C:\Users\zhmis\AppData\Local\Temp\ccn5DtDa.s:147    .text.HAL_RTC_MspInit:00000000 HAL_RTC_MspInit
C:\Users\zhmis\AppData\Local\Temp\ccn5DtDa.s:200    .text.HAL_RTC_MspInit:00000034 $d
C:\Users\zhmis\AppData\Local\Temp\ccn5DtDa.s:207    .text.HAL_RTC_MspDeInit:00000000 $t
C:\Users\zhmis\AppData\Local\Temp\ccn5DtDa.s:213    .text.HAL_RTC_MspDeInit:00000000 HAL_RTC_MspDeInit
C:\Users\zhmis\AppData\Local\Temp\ccn5DtDa.s:241    .text.HAL_RTC_MspDeInit:00000014 $d
C:\Users\zhmis\AppData\Local\Temp\ccn5DtDa.s:248    .bss.hrtc:00000000 $d

UNDEFINED SYMBOLS
HAL_RTC_Init
HAL_RTC_SetTime
HAL_RTC_SetDate
Error_Handler
HAL_PWR_EnableBkUpAccess
