ARM GAS  C:\Users\zhmis\AppData\Local\Temp\ccjzUklz.s 			page 1


   1              		.cpu cortex-m3
   2              		.arch armv7-m
   3              		.fpu softvfp
   4              		.eabi_attribute 20, 1
   5              		.eabi_attribute 21, 1
   6              		.eabi_attribute 23, 3
   7              		.eabi_attribute 24, 1
   8              		.eabi_attribute 25, 1
   9              		.eabi_attribute 26, 1
  10              		.eabi_attribute 30, 1
  11              		.eabi_attribute 34, 1
  12              		.eabi_attribute 18, 4
  13              		.file	"usart.c"
  14              		.text
  15              	.Ltext0:
  16              		.cfi_sections	.debug_frame
  17              		.file 1 "Core/Src/usart.c"
  18              		.section	.text.MX_USART1_UART_Init,"ax",%progbits
  19              		.align	1
  20              		.global	MX_USART1_UART_Init
  21              		.syntax unified
  22              		.thumb
  23              		.thumb_func
  25              	MX_USART1_UART_Init:
  26              	.LFB65:
   1:Core/Src/usart.c **** /* USER CODE BEGIN Header */
   2:Core/Src/usart.c **** /**
   3:Core/Src/usart.c ****   ******************************************************************************
   4:Core/Src/usart.c ****   * @file    usart.c
   5:Core/Src/usart.c ****   * @brief   This file provides code for the configuration
   6:Core/Src/usart.c ****   *          of the USART instances.
   7:Core/Src/usart.c ****   ******************************************************************************
   8:Core/Src/usart.c ****   * @attention
   9:Core/Src/usart.c ****   *
  10:Core/Src/usart.c ****   * Copyright (c) 2025 STMicroelectronics.
  11:Core/Src/usart.c ****   * All rights reserved.
  12:Core/Src/usart.c ****   *
  13:Core/Src/usart.c ****   * This software is licensed under terms that can be found in the LICENSE file
  14:Core/Src/usart.c ****   * in the root directory of this software component.
  15:Core/Src/usart.c ****   * If no LICENSE file comes with this software, it is provided AS-IS.
  16:Core/Src/usart.c ****   *
  17:Core/Src/usart.c ****   ******************************************************************************
  18:Core/Src/usart.c ****   */
  19:Core/Src/usart.c **** /* USER CODE END Header */
  20:Core/Src/usart.c **** /* Includes ------------------------------------------------------------------*/
  21:Core/Src/usart.c **** #include "usart.h"
  22:Core/Src/usart.c **** 
  23:Core/Src/usart.c **** /* USER CODE BEGIN 0 */
  24:Core/Src/usart.c **** 
  25:Core/Src/usart.c **** /* USER CODE END 0 */
  26:Core/Src/usart.c **** 
  27:Core/Src/usart.c **** UART_HandleTypeDef huart1;
  28:Core/Src/usart.c **** DMA_HandleTypeDef hdma_usart1_tx;
  29:Core/Src/usart.c **** DMA_HandleTypeDef hdma_usart1_rx;
  30:Core/Src/usart.c **** 
  31:Core/Src/usart.c **** /* USART1 init function */
  32:Core/Src/usart.c **** 
ARM GAS  C:\Users\zhmis\AppData\Local\Temp\ccjzUklz.s 			page 2


  33:Core/Src/usart.c **** void MX_USART1_UART_Init(void)
  34:Core/Src/usart.c **** {
  27              		.loc 1 34 1 view -0
  28              		.cfi_startproc
  29              		@ args = 0, pretend = 0, frame = 0
  30              		@ frame_needed = 0, uses_anonymous_args = 0
  31 0000 08B5     		push	{r3, lr}
  32              		.cfi_def_cfa_offset 8
  33              		.cfi_offset 3, -8
  34              		.cfi_offset 14, -4
  35:Core/Src/usart.c **** 
  36:Core/Src/usart.c ****   /* USER CODE BEGIN USART1_Init 0 */
  37:Core/Src/usart.c **** 
  38:Core/Src/usart.c ****   /* USER CODE END USART1_Init 0 */
  39:Core/Src/usart.c **** 
  40:Core/Src/usart.c ****   /* USER CODE BEGIN USART1_Init 1 */
  41:Core/Src/usart.c **** 
  42:Core/Src/usart.c ****   /* USER CODE END USART1_Init 1 */
  43:Core/Src/usart.c ****   huart1.Instance = USART1;
  35              		.loc 1 43 3 view .LVU1
  36              		.loc 1 43 19 is_stmt 0 view .LVU2
  37 0002 0A48     		ldr	r0, .L5
  38 0004 0A4B     		ldr	r3, .L5+4
  39 0006 0360     		str	r3, [r0]
  44:Core/Src/usart.c ****   huart1.Init.BaudRate = 1000000;
  40              		.loc 1 44 3 is_stmt 1 view .LVU3
  41              		.loc 1 44 24 is_stmt 0 view .LVU4
  42 0008 0A4B     		ldr	r3, .L5+8
  43 000a 4360     		str	r3, [r0, #4]
  45:Core/Src/usart.c ****   huart1.Init.WordLength = UART_WORDLENGTH_8B;
  44              		.loc 1 45 3 is_stmt 1 view .LVU5
  45              		.loc 1 45 26 is_stmt 0 view .LVU6
  46 000c 0023     		movs	r3, #0
  47 000e 8360     		str	r3, [r0, #8]
  46:Core/Src/usart.c ****   huart1.Init.StopBits = UART_STOPBITS_1;
  48              		.loc 1 46 3 is_stmt 1 view .LVU7
  49              		.loc 1 46 24 is_stmt 0 view .LVU8
  50 0010 C360     		str	r3, [r0, #12]
  47:Core/Src/usart.c ****   huart1.Init.Parity = UART_PARITY_NONE;
  51              		.loc 1 47 3 is_stmt 1 view .LVU9
  52              		.loc 1 47 22 is_stmt 0 view .LVU10
  53 0012 0361     		str	r3, [r0, #16]
  48:Core/Src/usart.c ****   huart1.Init.Mode = UART_MODE_TX_RX;
  54              		.loc 1 48 3 is_stmt 1 view .LVU11
  55              		.loc 1 48 20 is_stmt 0 view .LVU12
  56 0014 0C22     		movs	r2, #12
  57 0016 4261     		str	r2, [r0, #20]
  49:Core/Src/usart.c ****   huart1.Init.HwFlowCtl = UART_HWCONTROL_NONE;
  58              		.loc 1 49 3 is_stmt 1 view .LVU13
  59              		.loc 1 49 25 is_stmt 0 view .LVU14
  60 0018 8361     		str	r3, [r0, #24]
  50:Core/Src/usart.c ****   huart1.Init.OverSampling = UART_OVERSAMPLING_16;
  61              		.loc 1 50 3 is_stmt 1 view .LVU15
  62              		.loc 1 50 28 is_stmt 0 view .LVU16
  63 001a C361     		str	r3, [r0, #28]
  51:Core/Src/usart.c ****   if (HAL_UART_Init(&huart1) != HAL_OK)
  64              		.loc 1 51 3 is_stmt 1 view .LVU17
ARM GAS  C:\Users\zhmis\AppData\Local\Temp\ccjzUklz.s 			page 3


  65              		.loc 1 51 7 is_stmt 0 view .LVU18
  66 001c FFF7FEFF 		bl	HAL_UART_Init
  67              	.LVL0:
  68              		.loc 1 51 6 discriminator 1 view .LVU19
  69 0020 00B9     		cbnz	r0, .L4
  70              	.L1:
  52:Core/Src/usart.c ****   {
  53:Core/Src/usart.c ****     Error_Handler();
  54:Core/Src/usart.c ****   }
  55:Core/Src/usart.c ****   /* USER CODE BEGIN USART1_Init 2 */
  56:Core/Src/usart.c **** 
  57:Core/Src/usart.c ****   /* USER CODE END USART1_Init 2 */
  58:Core/Src/usart.c **** 
  59:Core/Src/usart.c **** }
  71              		.loc 1 59 1 view .LVU20
  72 0022 08BD     		pop	{r3, pc}
  73              	.L4:
  53:Core/Src/usart.c ****   }
  74              		.loc 1 53 5 is_stmt 1 view .LVU21
  75 0024 FFF7FEFF 		bl	Error_Handler
  76              	.LVL1:
  77              		.loc 1 59 1 is_stmt 0 view .LVU22
  78 0028 FBE7     		b	.L1
  79              	.L6:
  80 002a 00BF     		.align	2
  81              	.L5:
  82 002c 00000000 		.word	huart1
  83 0030 00380140 		.word	1073821696
  84 0034 40420F00 		.word	1000000
  85              		.cfi_endproc
  86              	.LFE65:
  88              		.section	.text.HAL_UART_MspInit,"ax",%progbits
  89              		.align	1
  90              		.global	HAL_UART_MspInit
  91              		.syntax unified
  92              		.thumb
  93              		.thumb_func
  95              	HAL_UART_MspInit:
  96              	.LVL2:
  97              	.LFB66:
  60:Core/Src/usart.c **** 
  61:Core/Src/usart.c **** void HAL_UART_MspInit(UART_HandleTypeDef* uartHandle)
  62:Core/Src/usart.c **** {
  98              		.loc 1 62 1 is_stmt 1 view -0
  99              		.cfi_startproc
 100              		@ args = 0, pretend = 0, frame = 24
 101              		@ frame_needed = 0, uses_anonymous_args = 0
 102              		.loc 1 62 1 is_stmt 0 view .LVU24
 103 0000 F0B5     		push	{r4, r5, r6, r7, lr}
 104              		.cfi_def_cfa_offset 20
 105              		.cfi_offset 4, -20
 106              		.cfi_offset 5, -16
 107              		.cfi_offset 6, -12
 108              		.cfi_offset 7, -8
 109              		.cfi_offset 14, -4
 110 0002 87B0     		sub	sp, sp, #28
 111              		.cfi_def_cfa_offset 48
ARM GAS  C:\Users\zhmis\AppData\Local\Temp\ccjzUklz.s 			page 4


  63:Core/Src/usart.c **** 
  64:Core/Src/usart.c ****   GPIO_InitTypeDef GPIO_InitStruct = {0};
 112              		.loc 1 64 3 is_stmt 1 view .LVU25
 113              		.loc 1 64 20 is_stmt 0 view .LVU26
 114 0004 0023     		movs	r3, #0
 115 0006 0293     		str	r3, [sp, #8]
 116 0008 0393     		str	r3, [sp, #12]
 117 000a 0493     		str	r3, [sp, #16]
 118 000c 0593     		str	r3, [sp, #20]
  65:Core/Src/usart.c ****   if(uartHandle->Instance==USART1)
 119              		.loc 1 65 3 is_stmt 1 view .LVU27
 120              		.loc 1 65 16 is_stmt 0 view .LVU28
 121 000e 0268     		ldr	r2, [r0]
 122              		.loc 1 65 5 view .LVU29
 123 0010 354B     		ldr	r3, .L15
 124 0012 9A42     		cmp	r2, r3
 125 0014 01D0     		beq	.L12
 126              	.LVL3:
 127              	.L7:
  66:Core/Src/usart.c ****   {
  67:Core/Src/usart.c ****   /* USER CODE BEGIN USART1_MspInit 0 */
  68:Core/Src/usart.c **** 
  69:Core/Src/usart.c ****   /* USER CODE END USART1_MspInit 0 */
  70:Core/Src/usart.c ****     /* USART1 clock enable */
  71:Core/Src/usart.c ****     __HAL_RCC_USART1_CLK_ENABLE();
  72:Core/Src/usart.c **** 
  73:Core/Src/usart.c ****     __HAL_RCC_GPIOB_CLK_ENABLE();
  74:Core/Src/usart.c ****     /**USART1 GPIO Configuration
  75:Core/Src/usart.c ****     PB6     ------> USART1_TX
  76:Core/Src/usart.c ****     PB7     ------> USART1_RX
  77:Core/Src/usart.c ****     */
  78:Core/Src/usart.c ****     GPIO_InitStruct.Pin = GPIO_PIN_6;
  79:Core/Src/usart.c ****     GPIO_InitStruct.Mode = GPIO_MODE_AF_PP;
  80:Core/Src/usart.c ****     GPIO_InitStruct.Speed = GPIO_SPEED_FREQ_HIGH;
  81:Core/Src/usart.c ****     HAL_GPIO_Init(GPIOB, &GPIO_InitStruct);
  82:Core/Src/usart.c **** 
  83:Core/Src/usart.c ****     GPIO_InitStruct.Pin = GPIO_PIN_7;
  84:Core/Src/usart.c ****     GPIO_InitStruct.Mode = GPIO_MODE_INPUT;
  85:Core/Src/usart.c ****     GPIO_InitStruct.Pull = GPIO_NOPULL;
  86:Core/Src/usart.c ****     HAL_GPIO_Init(GPIOB, &GPIO_InitStruct);
  87:Core/Src/usart.c **** 
  88:Core/Src/usart.c ****     __HAL_AFIO_REMAP_USART1_ENABLE();
  89:Core/Src/usart.c **** 
  90:Core/Src/usart.c ****     /* USART1 DMA Init */
  91:Core/Src/usart.c ****     /* USART1_TX Init */
  92:Core/Src/usart.c ****     hdma_usart1_tx.Instance = DMA1_Channel4;
  93:Core/Src/usart.c ****     hdma_usart1_tx.Init.Direction = DMA_MEMORY_TO_PERIPH;
  94:Core/Src/usart.c ****     hdma_usart1_tx.Init.PeriphInc = DMA_PINC_DISABLE;
  95:Core/Src/usart.c ****     hdma_usart1_tx.Init.MemInc = DMA_MINC_ENABLE;
  96:Core/Src/usart.c ****     hdma_usart1_tx.Init.PeriphDataAlignment = DMA_PDATAALIGN_BYTE;
  97:Core/Src/usart.c ****     hdma_usart1_tx.Init.MemDataAlignment = DMA_MDATAALIGN_BYTE;
  98:Core/Src/usart.c ****     hdma_usart1_tx.Init.Mode = DMA_NORMAL;
  99:Core/Src/usart.c ****     hdma_usart1_tx.Init.Priority = DMA_PRIORITY_HIGH;
 100:Core/Src/usart.c ****     if (HAL_DMA_Init(&hdma_usart1_tx) != HAL_OK)
 101:Core/Src/usart.c ****     {
 102:Core/Src/usart.c ****       Error_Handler();
 103:Core/Src/usart.c ****     }
ARM GAS  C:\Users\zhmis\AppData\Local\Temp\ccjzUklz.s 			page 5


 104:Core/Src/usart.c **** 
 105:Core/Src/usart.c ****     __HAL_LINKDMA(uartHandle,hdmatx,hdma_usart1_tx);
 106:Core/Src/usart.c **** 
 107:Core/Src/usart.c ****     /* USART1_RX Init */
 108:Core/Src/usart.c ****     hdma_usart1_rx.Instance = DMA1_Channel5;
 109:Core/Src/usart.c ****     hdma_usart1_rx.Init.Direction = DMA_PERIPH_TO_MEMORY;
 110:Core/Src/usart.c ****     hdma_usart1_rx.Init.PeriphInc = DMA_PINC_DISABLE;
 111:Core/Src/usart.c ****     hdma_usart1_rx.Init.MemInc = DMA_MINC_ENABLE;
 112:Core/Src/usart.c ****     hdma_usart1_rx.Init.PeriphDataAlignment = DMA_PDATAALIGN_BYTE;
 113:Core/Src/usart.c ****     hdma_usart1_rx.Init.MemDataAlignment = DMA_MDATAALIGN_BYTE;
 114:Core/Src/usart.c ****     hdma_usart1_rx.Init.Mode = DMA_NORMAL;
 115:Core/Src/usart.c ****     hdma_usart1_rx.Init.Priority = DMA_PRIORITY_HIGH;
 116:Core/Src/usart.c ****     if (HAL_DMA_Init(&hdma_usart1_rx) != HAL_OK)
 117:Core/Src/usart.c ****     {
 118:Core/Src/usart.c ****       Error_Handler();
 119:Core/Src/usart.c ****     }
 120:Core/Src/usart.c **** 
 121:Core/Src/usart.c ****     __HAL_LINKDMA(uartHandle,hdmarx,hdma_usart1_rx);
 122:Core/Src/usart.c **** 
 123:Core/Src/usart.c ****     /* USART1 interrupt Init */
 124:Core/Src/usart.c ****     HAL_NVIC_SetPriority(USART1_IRQn, 2, 0);
 125:Core/Src/usart.c ****     HAL_NVIC_EnableIRQ(USART1_IRQn);
 126:Core/Src/usart.c ****   /* USER CODE BEGIN USART1_MspInit 1 */
 127:Core/Src/usart.c **** 
 128:Core/Src/usart.c ****   /* USER CODE END USART1_MspInit 1 */
 129:Core/Src/usart.c ****   }
 130:Core/Src/usart.c **** }
 128              		.loc 1 130 1 view .LVU30
 129 0016 07B0     		add	sp, sp, #28
 130              		.cfi_remember_state
 131              		.cfi_def_cfa_offset 20
 132              		@ sp needed
 133 0018 F0BD     		pop	{r4, r5, r6, r7, pc}
 134              	.LVL4:
 135              	.L12:
 136              		.cfi_restore_state
 137              		.loc 1 130 1 view .LVU31
 138 001a 0446     		mov	r4, r0
  71:Core/Src/usart.c **** 
 139              		.loc 1 71 5 is_stmt 1 view .LVU32
 140              	.LBB2:
  71:Core/Src/usart.c **** 
 141              		.loc 1 71 5 view .LVU33
  71:Core/Src/usart.c **** 
 142              		.loc 1 71 5 view .LVU34
 143 001c 03F55843 		add	r3, r3, #55296
 144 0020 9A69     		ldr	r2, [r3, #24]
 145 0022 42F48042 		orr	r2, r2, #16384
 146 0026 9A61     		str	r2, [r3, #24]
  71:Core/Src/usart.c **** 
 147              		.loc 1 71 5 view .LVU35
 148 0028 9A69     		ldr	r2, [r3, #24]
 149 002a 02F48042 		and	r2, r2, #16384
 150 002e 0092     		str	r2, [sp]
  71:Core/Src/usart.c **** 
 151              		.loc 1 71 5 view .LVU36
 152 0030 009A     		ldr	r2, [sp]
ARM GAS  C:\Users\zhmis\AppData\Local\Temp\ccjzUklz.s 			page 6


 153              	.LBE2:
  71:Core/Src/usart.c **** 
 154              		.loc 1 71 5 view .LVU37
  73:Core/Src/usart.c ****     /**USART1 GPIO Configuration
 155              		.loc 1 73 5 view .LVU38
 156              	.LBB3:
  73:Core/Src/usart.c ****     /**USART1 GPIO Configuration
 157              		.loc 1 73 5 view .LVU39
  73:Core/Src/usart.c ****     /**USART1 GPIO Configuration
 158              		.loc 1 73 5 view .LVU40
 159 0032 9A69     		ldr	r2, [r3, #24]
 160 0034 42F00802 		orr	r2, r2, #8
 161 0038 9A61     		str	r2, [r3, #24]
  73:Core/Src/usart.c ****     /**USART1 GPIO Configuration
 162              		.loc 1 73 5 view .LVU41
 163 003a 9B69     		ldr	r3, [r3, #24]
 164 003c 03F00803 		and	r3, r3, #8
 165 0040 0193     		str	r3, [sp, #4]
  73:Core/Src/usart.c ****     /**USART1 GPIO Configuration
 166              		.loc 1 73 5 view .LVU42
 167 0042 019B     		ldr	r3, [sp, #4]
 168              	.LBE3:
  73:Core/Src/usart.c ****     /**USART1 GPIO Configuration
 169              		.loc 1 73 5 view .LVU43
  78:Core/Src/usart.c ****     GPIO_InitStruct.Mode = GPIO_MODE_AF_PP;
 170              		.loc 1 78 5 view .LVU44
  78:Core/Src/usart.c ****     GPIO_InitStruct.Mode = GPIO_MODE_AF_PP;
 171              		.loc 1 78 25 is_stmt 0 view .LVU45
 172 0044 4023     		movs	r3, #64
 173 0046 0293     		str	r3, [sp, #8]
  79:Core/Src/usart.c ****     GPIO_InitStruct.Speed = GPIO_SPEED_FREQ_HIGH;
 174              		.loc 1 79 5 is_stmt 1 view .LVU46
  79:Core/Src/usart.c ****     GPIO_InitStruct.Speed = GPIO_SPEED_FREQ_HIGH;
 175              		.loc 1 79 26 is_stmt 0 view .LVU47
 176 0048 0223     		movs	r3, #2
 177 004a 0393     		str	r3, [sp, #12]
  80:Core/Src/usart.c ****     HAL_GPIO_Init(GPIOB, &GPIO_InitStruct);
 178              		.loc 1 80 5 is_stmt 1 view .LVU48
  80:Core/Src/usart.c ****     HAL_GPIO_Init(GPIOB, &GPIO_InitStruct);
 179              		.loc 1 80 27 is_stmt 0 view .LVU49
 180 004c 0323     		movs	r3, #3
 181 004e 0593     		str	r3, [sp, #20]
  81:Core/Src/usart.c **** 
 182              		.loc 1 81 5 is_stmt 1 view .LVU50
 183 0050 264F     		ldr	r7, .L15+4
 184 0052 02A9     		add	r1, sp, #8
 185 0054 3846     		mov	r0, r7
 186              	.LVL5:
  81:Core/Src/usart.c **** 
 187              		.loc 1 81 5 is_stmt 0 view .LVU51
 188 0056 FFF7FEFF 		bl	HAL_GPIO_Init
 189              	.LVL6:
  83:Core/Src/usart.c ****     GPIO_InitStruct.Mode = GPIO_MODE_INPUT;
 190              		.loc 1 83 5 is_stmt 1 view .LVU52
  83:Core/Src/usart.c ****     GPIO_InitStruct.Mode = GPIO_MODE_INPUT;
 191              		.loc 1 83 25 is_stmt 0 view .LVU53
 192 005a 8026     		movs	r6, #128
ARM GAS  C:\Users\zhmis\AppData\Local\Temp\ccjzUklz.s 			page 7


 193 005c 0296     		str	r6, [sp, #8]
  84:Core/Src/usart.c ****     GPIO_InitStruct.Pull = GPIO_NOPULL;
 194              		.loc 1 84 5 is_stmt 1 view .LVU54
  84:Core/Src/usart.c ****     GPIO_InitStruct.Pull = GPIO_NOPULL;
 195              		.loc 1 84 26 is_stmt 0 view .LVU55
 196 005e 0025     		movs	r5, #0
 197 0060 0395     		str	r5, [sp, #12]
  85:Core/Src/usart.c ****     HAL_GPIO_Init(GPIOB, &GPIO_InitStruct);
 198              		.loc 1 85 5 is_stmt 1 view .LVU56
  85:Core/Src/usart.c ****     HAL_GPIO_Init(GPIOB, &GPIO_InitStruct);
 199              		.loc 1 85 26 is_stmt 0 view .LVU57
 200 0062 0495     		str	r5, [sp, #16]
  86:Core/Src/usart.c **** 
 201              		.loc 1 86 5 is_stmt 1 view .LVU58
 202 0064 02A9     		add	r1, sp, #8
 203 0066 3846     		mov	r0, r7
 204 0068 FFF7FEFF 		bl	HAL_GPIO_Init
 205              	.LVL7:
  88:Core/Src/usart.c **** 
 206              		.loc 1 88 5 view .LVU59
 207              	.LBB4:
  88:Core/Src/usart.c **** 
 208              		.loc 1 88 5 view .LVU60
 209 006c 204A     		ldr	r2, .L15+8
 210 006e 5368     		ldr	r3, [r2, #4]
 211              	.LVL8:
  88:Core/Src/usart.c **** 
 212              		.loc 1 88 5 view .LVU61
  88:Core/Src/usart.c **** 
 213              		.loc 1 88 5 view .LVU62
 214 0070 43F0E063 		orr	r3, r3, #117440512
 215              	.LVL9:
  88:Core/Src/usart.c **** 
 216              		.loc 1 88 5 is_stmt 0 view .LVU63
 217 0074 43F00403 		orr	r3, r3, #4
 218              	.LVL10:
  88:Core/Src/usart.c **** 
 219              		.loc 1 88 5 is_stmt 1 view .LVU64
 220 0078 5360     		str	r3, [r2, #4]
 221              	.LBE4:
  88:Core/Src/usart.c **** 
 222              		.loc 1 88 5 view .LVU65
  92:Core/Src/usart.c ****     hdma_usart1_tx.Init.Direction = DMA_MEMORY_TO_PERIPH;
 223              		.loc 1 92 5 view .LVU66
  92:Core/Src/usart.c ****     hdma_usart1_tx.Init.Direction = DMA_MEMORY_TO_PERIPH;
 224              		.loc 1 92 29 is_stmt 0 view .LVU67
 225 007a 1E48     		ldr	r0, .L15+12
 226 007c 1E4B     		ldr	r3, .L15+16
 227              	.LVL11:
  92:Core/Src/usart.c ****     hdma_usart1_tx.Init.Direction = DMA_MEMORY_TO_PERIPH;
 228              		.loc 1 92 29 view .LVU68
 229 007e 0360     		str	r3, [r0]
 230              	.LVL12:
  93:Core/Src/usart.c ****     hdma_usart1_tx.Init.PeriphInc = DMA_PINC_DISABLE;
 231              		.loc 1 93 5 is_stmt 1 view .LVU69
  93:Core/Src/usart.c ****     hdma_usart1_tx.Init.PeriphInc = DMA_PINC_DISABLE;
 232              		.loc 1 93 35 is_stmt 0 view .LVU70
ARM GAS  C:\Users\zhmis\AppData\Local\Temp\ccjzUklz.s 			page 8


 233 0080 1023     		movs	r3, #16
 234 0082 4360     		str	r3, [r0, #4]
  94:Core/Src/usart.c ****     hdma_usart1_tx.Init.MemInc = DMA_MINC_ENABLE;
 235              		.loc 1 94 5 is_stmt 1 view .LVU71
  94:Core/Src/usart.c ****     hdma_usart1_tx.Init.MemInc = DMA_MINC_ENABLE;
 236              		.loc 1 94 35 is_stmt 0 view .LVU72
 237 0084 8560     		str	r5, [r0, #8]
  95:Core/Src/usart.c ****     hdma_usart1_tx.Init.PeriphDataAlignment = DMA_PDATAALIGN_BYTE;
 238              		.loc 1 95 5 is_stmt 1 view .LVU73
  95:Core/Src/usart.c ****     hdma_usart1_tx.Init.PeriphDataAlignment = DMA_PDATAALIGN_BYTE;
 239              		.loc 1 95 32 is_stmt 0 view .LVU74
 240 0086 C660     		str	r6, [r0, #12]
  96:Core/Src/usart.c ****     hdma_usart1_tx.Init.MemDataAlignment = DMA_MDATAALIGN_BYTE;
 241              		.loc 1 96 5 is_stmt 1 view .LVU75
  96:Core/Src/usart.c ****     hdma_usart1_tx.Init.MemDataAlignment = DMA_MDATAALIGN_BYTE;
 242              		.loc 1 96 45 is_stmt 0 view .LVU76
 243 0088 0561     		str	r5, [r0, #16]
  97:Core/Src/usart.c ****     hdma_usart1_tx.Init.Mode = DMA_NORMAL;
 244              		.loc 1 97 5 is_stmt 1 view .LVU77
  97:Core/Src/usart.c ****     hdma_usart1_tx.Init.Mode = DMA_NORMAL;
 245              		.loc 1 97 42 is_stmt 0 view .LVU78
 246 008a 4561     		str	r5, [r0, #20]
  98:Core/Src/usart.c ****     hdma_usart1_tx.Init.Priority = DMA_PRIORITY_HIGH;
 247              		.loc 1 98 5 is_stmt 1 view .LVU79
  98:Core/Src/usart.c ****     hdma_usart1_tx.Init.Priority = DMA_PRIORITY_HIGH;
 248              		.loc 1 98 30 is_stmt 0 view .LVU80
 249 008c 8561     		str	r5, [r0, #24]
  99:Core/Src/usart.c ****     if (HAL_DMA_Init(&hdma_usart1_tx) != HAL_OK)
 250              		.loc 1 99 5 is_stmt 1 view .LVU81
  99:Core/Src/usart.c ****     if (HAL_DMA_Init(&hdma_usart1_tx) != HAL_OK)
 251              		.loc 1 99 34 is_stmt 0 view .LVU82
 252 008e 4FF40053 		mov	r3, #8192
 253 0092 C361     		str	r3, [r0, #28]
 100:Core/Src/usart.c ****     {
 254              		.loc 1 100 5 is_stmt 1 view .LVU83
 100:Core/Src/usart.c ****     {
 255              		.loc 1 100 9 is_stmt 0 view .LVU84
 256 0094 FFF7FEFF 		bl	HAL_DMA_Init
 257              	.LVL13:
 100:Core/Src/usart.c ****     {
 258              		.loc 1 100 8 discriminator 1 view .LVU85
 259 0098 F8B9     		cbnz	r0, .L13
 260              	.L9:
 105:Core/Src/usart.c **** 
 261              		.loc 1 105 5 is_stmt 1 view .LVU86
 105:Core/Src/usart.c **** 
 262              		.loc 1 105 5 view .LVU87
 263 009a 164B     		ldr	r3, .L15+12
 264 009c A363     		str	r3, [r4, #56]
 105:Core/Src/usart.c **** 
 265              		.loc 1 105 5 view .LVU88
 266 009e 5C62     		str	r4, [r3, #36]
 105:Core/Src/usart.c **** 
 267              		.loc 1 105 5 view .LVU89
 108:Core/Src/usart.c ****     hdma_usart1_rx.Init.Direction = DMA_PERIPH_TO_MEMORY;
 268              		.loc 1 108 5 view .LVU90
 108:Core/Src/usart.c ****     hdma_usart1_rx.Init.Direction = DMA_PERIPH_TO_MEMORY;
ARM GAS  C:\Users\zhmis\AppData\Local\Temp\ccjzUklz.s 			page 9


 269              		.loc 1 108 29 is_stmt 0 view .LVU91
 270 00a0 1648     		ldr	r0, .L15+20
 271 00a2 174B     		ldr	r3, .L15+24
 272 00a4 0360     		str	r3, [r0]
 109:Core/Src/usart.c ****     hdma_usart1_rx.Init.PeriphInc = DMA_PINC_DISABLE;
 273              		.loc 1 109 5 is_stmt 1 view .LVU92
 109:Core/Src/usart.c ****     hdma_usart1_rx.Init.PeriphInc = DMA_PINC_DISABLE;
 274              		.loc 1 109 35 is_stmt 0 view .LVU93
 275 00a6 0023     		movs	r3, #0
 276 00a8 4360     		str	r3, [r0, #4]
 110:Core/Src/usart.c ****     hdma_usart1_rx.Init.MemInc = DMA_MINC_ENABLE;
 277              		.loc 1 110 5 is_stmt 1 view .LVU94
 110:Core/Src/usart.c ****     hdma_usart1_rx.Init.MemInc = DMA_MINC_ENABLE;
 278              		.loc 1 110 35 is_stmt 0 view .LVU95
 279 00aa 8360     		str	r3, [r0, #8]
 111:Core/Src/usart.c ****     hdma_usart1_rx.Init.PeriphDataAlignment = DMA_PDATAALIGN_BYTE;
 280              		.loc 1 111 5 is_stmt 1 view .LVU96
 111:Core/Src/usart.c ****     hdma_usart1_rx.Init.PeriphDataAlignment = DMA_PDATAALIGN_BYTE;
 281              		.loc 1 111 32 is_stmt 0 view .LVU97
 282 00ac 8022     		movs	r2, #128
 283 00ae C260     		str	r2, [r0, #12]
 112:Core/Src/usart.c ****     hdma_usart1_rx.Init.MemDataAlignment = DMA_MDATAALIGN_BYTE;
 284              		.loc 1 112 5 is_stmt 1 view .LVU98
 112:Core/Src/usart.c ****     hdma_usart1_rx.Init.MemDataAlignment = DMA_MDATAALIGN_BYTE;
 285              		.loc 1 112 45 is_stmt 0 view .LVU99
 286 00b0 0361     		str	r3, [r0, #16]
 113:Core/Src/usart.c ****     hdma_usart1_rx.Init.Mode = DMA_NORMAL;
 287              		.loc 1 113 5 is_stmt 1 view .LVU100
 113:Core/Src/usart.c ****     hdma_usart1_rx.Init.Mode = DMA_NORMAL;
 288              		.loc 1 113 42 is_stmt 0 view .LVU101
 289 00b2 4361     		str	r3, [r0, #20]
 114:Core/Src/usart.c ****     hdma_usart1_rx.Init.Priority = DMA_PRIORITY_HIGH;
 290              		.loc 1 114 5 is_stmt 1 view .LVU102
 114:Core/Src/usart.c ****     hdma_usart1_rx.Init.Priority = DMA_PRIORITY_HIGH;
 291              		.loc 1 114 30 is_stmt 0 view .LVU103
 292 00b4 8361     		str	r3, [r0, #24]
 115:Core/Src/usart.c ****     if (HAL_DMA_Init(&hdma_usart1_rx) != HAL_OK)
 293              		.loc 1 115 5 is_stmt 1 view .LVU104
 115:Core/Src/usart.c ****     if (HAL_DMA_Init(&hdma_usart1_rx) != HAL_OK)
 294              		.loc 1 115 34 is_stmt 0 view .LVU105
 295 00b6 4FF40053 		mov	r3, #8192
 296 00ba C361     		str	r3, [r0, #28]
 116:Core/Src/usart.c ****     {
 297              		.loc 1 116 5 is_stmt 1 view .LVU106
 116:Core/Src/usart.c ****     {
 298              		.loc 1 116 9 is_stmt 0 view .LVU107
 299 00bc FFF7FEFF 		bl	HAL_DMA_Init
 300              	.LVL14:
 116:Core/Src/usart.c ****     {
 301              		.loc 1 116 8 discriminator 1 view .LVU108
 302 00c0 70B9     		cbnz	r0, .L14
 303              	.L10:
 121:Core/Src/usart.c **** 
 304              		.loc 1 121 5 is_stmt 1 view .LVU109
 121:Core/Src/usart.c **** 
 305              		.loc 1 121 5 view .LVU110
 306 00c2 0E4B     		ldr	r3, .L15+20
ARM GAS  C:\Users\zhmis\AppData\Local\Temp\ccjzUklz.s 			page 10


 307 00c4 E363     		str	r3, [r4, #60]
 121:Core/Src/usart.c **** 
 308              		.loc 1 121 5 view .LVU111
 309 00c6 5C62     		str	r4, [r3, #36]
 121:Core/Src/usart.c **** 
 310              		.loc 1 121 5 view .LVU112
 124:Core/Src/usart.c ****     HAL_NVIC_EnableIRQ(USART1_IRQn);
 311              		.loc 1 124 5 view .LVU113
 312 00c8 0022     		movs	r2, #0
 313 00ca 0221     		movs	r1, #2
 314 00cc 2520     		movs	r0, #37
 315 00ce FFF7FEFF 		bl	HAL_NVIC_SetPriority
 316              	.LVL15:
 125:Core/Src/usart.c ****   /* USER CODE BEGIN USART1_MspInit 1 */
 317              		.loc 1 125 5 view .LVU114
 318 00d2 2520     		movs	r0, #37
 319 00d4 FFF7FEFF 		bl	HAL_NVIC_EnableIRQ
 320              	.LVL16:
 321              		.loc 1 130 1 is_stmt 0 view .LVU115
 322 00d8 9DE7     		b	.L7
 323              	.L13:
 102:Core/Src/usart.c ****     }
 324              		.loc 1 102 7 is_stmt 1 view .LVU116
 325 00da FFF7FEFF 		bl	Error_Handler
 326              	.LVL17:
 327 00de DCE7     		b	.L9
 328              	.L14:
 118:Core/Src/usart.c ****     }
 329              		.loc 1 118 7 view .LVU117
 330 00e0 FFF7FEFF 		bl	Error_Handler
 331              	.LVL18:
 332 00e4 EDE7     		b	.L10
 333              	.L16:
 334 00e6 00BF     		.align	2
 335              	.L15:
 336 00e8 00380140 		.word	1073821696
 337 00ec 000C0140 		.word	1073810432
 338 00f0 00000140 		.word	1073807360
 339 00f4 00000000 		.word	hdma_usart1_tx
 340 00f8 44000240 		.word	1073872964
 341 00fc 00000000 		.word	hdma_usart1_rx
 342 0100 58000240 		.word	1073872984
 343              		.cfi_endproc
 344              	.LFE66:
 346              		.section	.text.HAL_UART_MspDeInit,"ax",%progbits
 347              		.align	1
 348              		.global	HAL_UART_MspDeInit
 349              		.syntax unified
 350              		.thumb
 351              		.thumb_func
 353              	HAL_UART_MspDeInit:
 354              	.LVL19:
 355              	.LFB67:
 131:Core/Src/usart.c **** 
 132:Core/Src/usart.c **** void HAL_UART_MspDeInit(UART_HandleTypeDef* uartHandle)
 133:Core/Src/usart.c **** {
 356              		.loc 1 133 1 view -0
ARM GAS  C:\Users\zhmis\AppData\Local\Temp\ccjzUklz.s 			page 11


 357              		.cfi_startproc
 358              		@ args = 0, pretend = 0, frame = 0
 359              		@ frame_needed = 0, uses_anonymous_args = 0
 134:Core/Src/usart.c **** 
 135:Core/Src/usart.c ****   if(uartHandle->Instance==USART1)
 360              		.loc 1 135 3 view .LVU119
 361              		.loc 1 135 16 is_stmt 0 view .LVU120
 362 0000 0268     		ldr	r2, [r0]
 363              		.loc 1 135 5 view .LVU121
 364 0002 0C4B     		ldr	r3, .L24
 365 0004 9A42     		cmp	r2, r3
 366 0006 00D0     		beq	.L23
 367 0008 7047     		bx	lr
 368              	.L23:
 133:Core/Src/usart.c **** 
 369              		.loc 1 133 1 view .LVU122
 370 000a 10B5     		push	{r4, lr}
 371              		.cfi_def_cfa_offset 8
 372              		.cfi_offset 4, -8
 373              		.cfi_offset 14, -4
 374 000c 0446     		mov	r4, r0
 136:Core/Src/usart.c ****   {
 137:Core/Src/usart.c ****   /* USER CODE BEGIN USART1_MspDeInit 0 */
 138:Core/Src/usart.c **** 
 139:Core/Src/usart.c ****   /* USER CODE END USART1_MspDeInit 0 */
 140:Core/Src/usart.c ****     /* Peripheral clock disable */
 141:Core/Src/usart.c ****     __HAL_RCC_USART1_CLK_DISABLE();
 375              		.loc 1 141 5 is_stmt 1 view .LVU123
 376 000e 0A4A     		ldr	r2, .L24+4
 377 0010 9369     		ldr	r3, [r2, #24]
 378 0012 23F48043 		bic	r3, r3, #16384
 379 0016 9361     		str	r3, [r2, #24]
 142:Core/Src/usart.c **** 
 143:Core/Src/usart.c ****     /**USART1 GPIO Configuration
 144:Core/Src/usart.c ****     PB6     ------> USART1_TX
 145:Core/Src/usart.c ****     PB7     ------> USART1_RX
 146:Core/Src/usart.c ****     */
 147:Core/Src/usart.c ****     HAL_GPIO_DeInit(GPIOB, GPIO_PIN_6|GPIO_PIN_7);
 380              		.loc 1 147 5 view .LVU124
 381 0018 C021     		movs	r1, #192
 382 001a 0848     		ldr	r0, .L24+8
 383              	.LVL20:
 384              		.loc 1 147 5 is_stmt 0 view .LVU125
 385 001c FFF7FEFF 		bl	HAL_GPIO_DeInit
 386              	.LVL21:
 148:Core/Src/usart.c **** 
 149:Core/Src/usart.c ****     /* USART1 DMA DeInit */
 150:Core/Src/usart.c ****     HAL_DMA_DeInit(uartHandle->hdmatx);
 387              		.loc 1 150 5 is_stmt 1 view .LVU126
 388 0020 A06B     		ldr	r0, [r4, #56]
 389 0022 FFF7FEFF 		bl	HAL_DMA_DeInit
 390              	.LVL22:
 151:Core/Src/usart.c ****     HAL_DMA_DeInit(uartHandle->hdmarx);
 391              		.loc 1 151 5 view .LVU127
 392 0026 E06B     		ldr	r0, [r4, #60]
 393 0028 FFF7FEFF 		bl	HAL_DMA_DeInit
 394              	.LVL23:
ARM GAS  C:\Users\zhmis\AppData\Local\Temp\ccjzUklz.s 			page 12


 152:Core/Src/usart.c **** 
 153:Core/Src/usart.c ****     /* USART1 interrupt Deinit */
 154:Core/Src/usart.c ****     HAL_NVIC_DisableIRQ(USART1_IRQn);
 395              		.loc 1 154 5 view .LVU128
 396 002c 2520     		movs	r0, #37
 397 002e FFF7FEFF 		bl	HAL_NVIC_DisableIRQ
 398              	.LVL24:
 155:Core/Src/usart.c ****   /* USER CODE BEGIN USART1_MspDeInit 1 */
 156:Core/Src/usart.c **** 
 157:Core/Src/usart.c ****   /* USER CODE END USART1_MspDeInit 1 */
 158:Core/Src/usart.c ****   }
 159:Core/Src/usart.c **** }
 399              		.loc 1 159 1 is_stmt 0 view .LVU129
 400 0032 10BD     		pop	{r4, pc}
 401              	.LVL25:
 402              	.L25:
 403              		.loc 1 159 1 view .LVU130
 404              		.align	2
 405              	.L24:
 406 0034 00380140 		.word	1073821696
 407 0038 00100240 		.word	1073876992
 408 003c 000C0140 		.word	1073810432
 409              		.cfi_endproc
 410              	.LFE67:
 412              		.global	hdma_usart1_rx
 413              		.section	.bss.hdma_usart1_rx,"aw",%nobits
 414              		.align	2
 417              	hdma_usart1_rx:
 418 0000 00000000 		.space	68
 418      00000000 
 418      00000000 
 418      00000000 
 418      00000000 
 419              		.global	hdma_usart1_tx
 420              		.section	.bss.hdma_usart1_tx,"aw",%nobits
 421              		.align	2
 424              	hdma_usart1_tx:
 425 0000 00000000 		.space	68
 425      00000000 
 425      00000000 
 425      00000000 
 425      00000000 
 426              		.global	huart1
 427              		.section	.bss.huart1,"aw",%nobits
 428              		.align	2
 431              	huart1:
 432 0000 00000000 		.space	72
 432      00000000 
 432      00000000 
 432      00000000 
 432      00000000 
 433              		.text
 434              	.Letext0:
 435              		.file 2 "Drivers/CMSIS/Device/ST/STM32F1xx/Include/stm32f103xb.h"
 436              		.file 3 "C:/Users/zhmis/AppData/Roaming/Code/User/globalStorage/bmd.stm32-for-vscode/@xpack-dev-to
 437              		.file 4 "C:/Users/zhmis/AppData/Roaming/Code/User/globalStorage/bmd.stm32-for-vscode/@xpack-dev-to
 438              		.file 5 "Drivers/STM32F1xx_HAL_Driver/Inc/stm32f1xx_hal_def.h"
ARM GAS  C:\Users\zhmis\AppData\Local\Temp\ccjzUklz.s 			page 13


 439              		.file 6 "Drivers/STM32F1xx_HAL_Driver/Inc/stm32f1xx_hal_gpio.h"
 440              		.file 7 "Drivers/STM32F1xx_HAL_Driver/Inc/stm32f1xx_hal_dma.h"
 441              		.file 8 "Drivers/STM32F1xx_HAL_Driver/Inc/stm32f1xx_hal_uart.h"
 442              		.file 9 "Core/Inc/usart.h"
 443              		.file 10 "Drivers/STM32F1xx_HAL_Driver/Inc/stm32f1xx_hal_cortex.h"
 444              		.file 11 "Core/Inc/main.h"
ARM GAS  C:\Users\zhmis\AppData\Local\Temp\ccjzUklz.s 			page 14


DEFINED SYMBOLS
                            *ABS*:00000000 usart.c
C:\Users\zhmis\AppData\Local\Temp\ccjzUklz.s:19     .text.MX_USART1_UART_Init:00000000 $t
C:\Users\zhmis\AppData\Local\Temp\ccjzUklz.s:25     .text.MX_USART1_UART_Init:00000000 MX_USART1_UART_Init
C:\Users\zhmis\AppData\Local\Temp\ccjzUklz.s:82     .text.MX_USART1_UART_Init:0000002c $d
C:\Users\zhmis\AppData\Local\Temp\ccjzUklz.s:431    .bss.huart1:00000000 huart1
C:\Users\zhmis\AppData\Local\Temp\ccjzUklz.s:89     .text.HAL_UART_MspInit:00000000 $t
C:\Users\zhmis\AppData\Local\Temp\ccjzUklz.s:95     .text.HAL_UART_MspInit:00000000 HAL_UART_MspInit
C:\Users\zhmis\AppData\Local\Temp\ccjzUklz.s:336    .text.HAL_UART_MspInit:000000e8 $d
C:\Users\zhmis\AppData\Local\Temp\ccjzUklz.s:424    .bss.hdma_usart1_tx:00000000 hdma_usart1_tx
C:\Users\zhmis\AppData\Local\Temp\ccjzUklz.s:417    .bss.hdma_usart1_rx:00000000 hdma_usart1_rx
C:\Users\zhmis\AppData\Local\Temp\ccjzUklz.s:347    .text.HAL_UART_MspDeInit:00000000 $t
C:\Users\zhmis\AppData\Local\Temp\ccjzUklz.s:353    .text.HAL_UART_MspDeInit:00000000 HAL_UART_MspDeInit
C:\Users\zhmis\AppData\Local\Temp\ccjzUklz.s:406    .text.HAL_UART_MspDeInit:00000034 $d
C:\Users\zhmis\AppData\Local\Temp\ccjzUklz.s:414    .bss.hdma_usart1_rx:00000000 $d
C:\Users\zhmis\AppData\Local\Temp\ccjzUklz.s:421    .bss.hdma_usart1_tx:00000000 $d
C:\Users\zhmis\AppData\Local\Temp\ccjzUklz.s:428    .bss.huart1:00000000 $d

UNDEFINED SYMBOLS
HAL_UART_Init
Error_Handler
HAL_GPIO_Init
HAL_DMA_Init
HAL_NVIC_SetPriority
HAL_NVIC_EnableIRQ
HAL_GPIO_DeInit
HAL_DMA_DeInit
HAL_NVIC_DisableIRQ
